1,-16.209623530753987
2,-7.176205683911744
3,25.822334853775253
4,26.763041126738113
5,-4.485387417354283
6,18.968408939359513
7,3.410719693232389
8,-6.0935185406334185
9,-2.941441478649059
10,2.3906999609700357
11,2.197160823197993
12,16.125847802255993
13,7.679418142014769
14,20.054422203793127
15,25.440998715126746
16,10.703497636716856
17,-9.572185846312175
18,22.872393619493714
19,27.175290371728572
20,15.921825586152325
21,26.44936881577645
22,9.893298648378838
23,28.984978555060405
24,9.86987860420268
25,13.377942729056057
26,12.489560213900601
27,13.836641375055326
28,3.4126653000591265
29,40.791923325093926
30,-70.70259135633682
31,-9.699240680291663
32,-22.023936299225664
33,-16.125805141772474
34,-17.452349519988502
35,-15.715163337198932
36,-20.525135553770927
37,-22.901297807444983
38,-24.40845237605189
39,39.397350976695805
40,45.525254043040285
41,22.41178250852497
42,-6.252253785790389
43,15.837188808079242
44,30.67836782561018
45,41.77185683224948
46,41.4192629133527
47,35.303935007484036
48,33.331387408187986
49,30.383780798978293
50,42.642907312308026
51,23.737508518501404
52,-9.404165573889545
53,-5.0443214478008445
54,-5.933501477683162
55,27.52223945302113
56,11.99854558141252
57,50.91483907200479
58,-15.510821574031477
59,6.089860268464971
60,11.89726017265623
61,28.504109575120278
62,30.871311833112387
63,13.707124374094942
64,45.074710039550276
65,69.0332343787828
66,-5.71765477089678
67,11.089402858969573
68,19.57976219197996
69,27.20307739917517
70,28.363037882632963
71,28.740405074599238
72,30.89576548101137
73,17.65891326137612
74,21.068503041113292
75,19.960652734409834
76,14.359505447600647
77,16.447662191070698
78,12.397605039615677
79,10.229241892447881
80,16.624301249509628
81,16.749768839713955
82,17.696496214405048
83,16.4483250635264
84,17.03658294254806
85,31.772087977094944
86,24.172035866225013
87,31.41087555920685
88,29.460761082736266
89,34.227144656173486
90,14.50769233368788
91,13.688121484950683
92,13.125091875890536
93,20.017792216615433
94,14.006281822366951
95,49.273224302090306
96,41.77568287030117
97,36.27737324011632
98,32.097702859242084
99,36.92904201888657
100,32.8272862857981
101,32.771328961434094
102,34.293803437239085
103,34.568624135576194
104,36.02505972650746
105,35.82865810283125
106,36.156127220295545
107,34.953137701835374
108,33.88301225113783
109,34.733990791679695
110,53.44738084136462
111,37.506250250293405
112,34.08242574211432
113,34.48490978483664
114,35.044813531639036
115,31.74954052750487
116,32.570712920876005
117,29.838336086836733
118,27.771950635823725
119,34.495830330872295
120,46.58355218309931
121,44.43754314064304
122,46.3070451129574
123,38.8373059913229
124,36.51608583516282
125,37.59070774296359
126,39.30766943307194
127,39.23211613853691
128,39.483854488290305
129,46.182833942963974
130,35.48144391585189
131,35.7234700143019
132,29.47015111113924
133,37.754460620205315
134,32.74198975642139
135,33.33319116202799
136,29.401693019084625
137,31.90929179436723
138,32.83383107671558
139,32.360276305353146
140,33.278274082072116
141,33.039623741566885
142,30.484473981030032
143,35.44602788567354
144,35.11852642575432
145,33.48104998976839
146,36.63155044923343
147,31.28469982079013
148,34.2065690212954
149,48.81282916521181
150,36.39539167673369
151,39.99790475162243
152,42.91816075559069
153,33.400235710019366
154,39.88304324914616
155,33.303715416757704
156,33.23001093247825
157,32.074044804045926
158,32.19545877192936
159,32.677229073991136
160,33.09441974475658
161,36.76808208020658
162,32.73240208899726
163,31.69496960230648
164,29.294098245702497
165,32.93150568878177
166,32.234567340046674
167,29.791930729800633
168,32.209302159395826
169,29.205693287850853
170,31.61466664979388
171,30.33629389761169
172,32.1345083636881
173,32.32601866828933
174,31.3467506254156
175,34.82983712573752
176,36.41319894058204
177,34.30070802449022
178,38.78618786557662
179,39.548967446374355
180,38.92972794667879
181,36.85730194624267
182,33.84846591461259
183,33.992034689137505
184,35.62606983419605
185,33.48907658135498
186,35.146975386614706
187,35.33181683040061
188,35.94337474524524
189,43.67016417599498
190,42.86855009904401
191,43.540013755716586
192,42.59794279718907
193,43.43343936746523
194,41.469735354356025
195,42.74822236854477
196,40.851050597131255
197,41.738663788283105
198,43.104569569619244
199,39.72078175871476
200,44.75176484089272
201,42.82265058306825
202,42.31552995996979
203,41.47395983989696
204,41.35403166839166
205,41.86780950791314
206,40.07638361589188
207,39.358316883050136
208,42.56093519306069
209,40.63404412456358
210,42.916614463734604
211,43.74526614861316
212,41.584899864207195
213,41.56663433134176
214,44.09501281969704
215,43.13168458470969
216,44.077180196933504
217,40.77319524321925
218,40.81148512507187
219,42.925643799229015
220,41.936853367264796
221,39.2099446175265
222,42.08851728645691
223,39.43134878781584
224,41.06226186271169
225,40.55615798593337
226,39.30012156119595
227,39.80810083414399
228,40.246336413940725
229,38.0235046738152
230,38.97024046385114
231,36.284540113622775
232,38.86204390654523
233,37.567492412329045
234,37.49428688099628
235,36.86963530548841
236,38.31813265646092
237,37.94706161344403
238,36.18412538914125
239,37.63938007553255
240,37.79400924020736
241,37.107547190724674
242,34.65771295792449
243,35.279728883195055
244,34.73040873577652
245,36.681315622914994
246,36.215564691329654
247,35.79735575672769
248,36.55852232692397
249,33.616958151730366
250,33.713026660436114
251,32.945666212601466
252,34.58485089740397
253,35.332437514271724
254,36.10008692158208
255,40.34161461840231
256,38.62761468474135
257,39.043435483677555
258,37.27275117196107
259,38.166265715640215
260,39.56177125896871
261,37.327525955891275
262,39.36426989665054
263,41.06610810455279
264,43.747140590979924
265,40.7709994100298
266,38.20876980480008
267,39.376058938716646
268,38.45283498239876
269,42.60373977059932
270,41.00900337013411
271,38.28398161913526
272,37.5863102344146
273,40.18020112175264
274,39.21773980853508
275,38.43346612272475
276,34.03899541273275
277,32.70208723586682
278,35.190692509103954
279,34.463892907443956
280,38.62176277334097
281,33.32321425831213
282,36.60439983288063
283,35.274713675302166
284,37.48115072773618
285,37.53692159907506
286,41.07467210439676
287,36.54907741213941
288,36.75284791180219
289,33.568600854403606
290,33.27719005874003
291,35.548767093185944
292,38.33932776562062
293,38.20776589203392
294,39.15460460965385
295,39.27417369341866
296,42.64297925362328
297,43.44472947910692
298,42.732611934226405
299,43.34481979419463
300,44.29958240780499
301,41.61877160070301
302,41.3439948482336
303,41.79460199104996
304,41.01434639941986
305,41.495925479238046
306,44.38767898635311
307,45.511478221330925
308,38.98136096957241
309,44.393046504415985
310,46.78905284203321
311,41.84369179827767
312,41.69171315151269
313,42.65665106348426
314,41.72445236101133
315,45.854241965413394
316,44.69005767126794
317,42.93981220835186
318,44.196372531883455
319,42.43127604942651
320,41.99632965974389
321,44.212766514464114
322,41.386319314811566
323,44.60985920507709
324,42.29730550820892
325,44.07432719015427
326,39.898473465310275
327,44.59279995331148
328,40.2889075499236
329,42.409619472553594
330,41.55069761387457
331,40.82450039062336
332,43.04545424753372
333,41.8978645254097
334,41.95977130407697
335,39.345487939943695
336,38.32693158128475
337,40.022178555148166
338,41.114257767483195
339,38.420322466616504
340,36.65226148033847
341,40.091906056529986
342,42.2231157277213
343,40.25282178822694
344,38.261430421143885
345,41.16456333702429
346,38.61884786531114
347,36.92780053525547
348,38.837210365010876
349,39.5811864517492
350,40.89049448467809
351,41.60353218062385
352,40.2255044615933
353,33.66930754678547
354,38.39816719748477
355,39.29272614550439
356,41.144585943476194
357,40.13461897085296
358,38.95721808321781
359,39.872558369048924
360,40.92219441859492
361,38.965590261875384
362,39.99339709741816
363,39.87290782992881
364,42.21487333279956
365,39.36593169786936
366,38.276803228988136
367,42.72891019606155
368,40.32009885333419
369,41.8901042590423
370,40.96005656965023
371,42.67728421015993
372,38.547393486408794
373,42.92109782881978
374,42.336235306654785
375,37.83949692415124
376,43.90038454133191
377,42.79956019290193
378,43.29041215659898
379,40.34579323771623
380,40.41645827718053
381,42.65715544437545
382,41.926055872970274
383,39.938959848120525
384,39.79609199546171
385,43.452282685642594
386,41.92665750817996
387,39.85463191387176
388,42.61571404907753
389,40.40739920358692
390,43.486074363988976
391,40.42841998667027
392,39.80188950236488
393,40.02325341165623
394,40.5080319651091
395,39.84114058622175
396,41.30921806282238
397,40.16584459002003
398,41.61630594135379
399,42.6897304497378
400,41.64891017418036
401,42.8566137757734
402,40.721242867613576
403,43.38930833825257
404,40.71674755618262
405,48.08181194547524
406,44.90354384039572
407,44.79358361566584
408,38.68262728685681
409,39.75777631186463
410,42.16601422434117
411,41.57454048133809
412,42.9138410807151
413,40.3879601201537
414,41.40970054766768
415,41.325594617290356
416,39.21894158338417
417,40.33787232246592
418,39.530358849049776
419,45.80061193153582
420,40.746704405372064
421,40.386415138023175
422,40.61219418416851
423,39.69983194830245
424,40.63601601671703
425,41.204354108752035
426,40.14336480646077
427,39.418693096154925
428,41.82268686237848
429,40.87667511538599
430,40.10608708126323
431,39.795149935291256
432,43.08074613531689
433,40.039802167314924
434,41.414928208391984
435,40.73698022970802
436,38.76594117269627
437,38.84504493512535
438,40.86608690962394
439,42.63563996263908
440,40.67991323241659
441,41.41087402882518
442,42.10940518233438
443,41.32771945094435
444,40.82525119685624
445,42.61579268845102
446,42.448267489820616
447,42.245170495784876
448,39.60260782871614
449,42.6601420545415
450,41.88586773891022
451,41.130265284893454
452,41.71383019353758
453,42.491592269371445
454,40.7931064027677
455,41.58972786766215
456,41.571902683870974
457,43.89067234323823
458,43.4997447403352
459,41.18868759095168
460,41.72158946871009
461,42.08390003484236
462,43.075894121477845
463,40.15569368337862
464,42.74591498391954
465,40.89553986169501
466,41.23748056407161
467,42.58636295913826
468,40.70853996168638
469,43.600228777404105
470,42.41200641911292
471,42.29115623814506
472,42.19705813982514
473,41.318662021483625
474,41.043958130866564
475,41.58086573740597
476,41.58422287053232
477,42.81494376308801
478,41.71465728870582
479,42.61031444325642
480,42.071048401253805
481,41.96856696356015
482,42.001553696370934
483,42.17543921303899
484,42.92703674412519
485,41.38781391007159
486,44.05210479367858
487,40.75915146514431
488,41.576887880967305
489,39.999834892812174
490,39.42894278834223
491,40.66534716730733
492,42.101006998903465
493,39.595294241364726
494,41.21180655174769
495,40.78198423598295
496,40.82144767202932
497,43.79109919775136
498,41.91016890706396
499,41.8212142867669
500,42.46444588147306
501,42.725067959582894
502,43.288720468783666
503,41.96506728779627
504,42.81217678733708
505,42.496836832303345
506,40.804442857839874
507,39.78297050855823
508,42.47987752561149
509,41.74440279437848
510,41.80127060474262
511,39.33315894059291
512,42.23311390738741
513,42.855260772268316
514,41.41898089982257
515,42.66402619402806
516,41.53947048347278
517,42.88933911189459
518,44.773207686450554
519,46.408882614567084
520,45.3908088200537
521,47.4960177036227
522,46.35957599847829
523,44.63926107112016
524,45.082517090632315
525,44.677990173190395
526,45.69654736009102
527,45.32515458951568
528,44.584178855542724
529,42.4364293796064
530,45.289839478275425
531,43.675143276969
532,43.65885101777319
533,44.058257798795296
534,44.06784832050081
535,43.05057887580866
536,44.800876771515334
537,43.544264924816865
538,43.547044690678824
539,43.09716667967116
540,43.32704107433023
541,44.17804363949878
542,41.946720723444884
543,44.283618679045055
544,44.20433230667122
545,40.66563989356988
546,41.47687416516038
547,42.53628400370056
548,42.95915706892523
549,43.72619142836651
550,42.593977385521214
551,41.297727735338334
552,40.225439819505056
553,41.133575559790884
554,43.06386033475125
555,42.31789944032262
556,42.87631271239029
557,42.63270077107159
558,42.572493266557785
559,41.92527788355079
560,47.36694557477636
561,44.37062383443772
562,44.456826782447244
563,44.33362408437196
564,43.50165312172252
565,44.051590505713165
566,45.35107237195967
567,44.97861259316784
568,47.059765156571
569,41.69257362113029
570,43.00193790537882
571,45.75946122404279
572,44.946059831944346
573,45.498153083637014
574,46.954373402843174
575,45.35282594136999
576,44.78002116382233
577,47.210815915557774
578,47.33079900764244
579,45.8611885396502
580,46.5271970055731
581,44.25624460760867
582,48.086361518254314
583,48.23378287376245
584,42.660022544884626
585,45.745649691979104
586,47.338915917198
587,47.599755341275056
588,43.890584623019706
589,48.42086356181511
590,45.240880787404606
591,44.45703589231509
592,45.01262488434274
593,46.25361252332027
594,48.119410530460534
595,46.6912908421511
596,45.80670883107161
597,47.81169172944304
598,42.90989086312513
599,47.82289248737192
600,44.87372272174646
601,46.74224736646272
602,45.87509202230469
603,45.61872745784089
604,45.843517561127086
605,46.11366060809631
606,46.77676640948267
607,47.27693570556214
608,46.0575393718086
609,46.511738162913474
610,46.45320030699195
611,46.39142044247215
612,46.02251880156878
613,44.08805747894596
614,45.79936295661438
615,47.092190264968956
616,46.08656016040728
617,48.65066220552702
618,45.05601054660312
619,48.90017736568914
620,44.28980436379164
621,43.42313116058524
622,44.62849464383296
623,48.00768098966121
624,44.41832898194762
625,46.56505788691832
626,46.132274602651464
627,48.19331639141095
628,45.781784460665214
629,44.895984894727
630,41.374754763173115
631,47.76540639908421
632,44.0442544797942
633,43.69644581690098
634,46.44391041513504
635,43.08363331336614
636,44.114515437022014
637,45.46127813008996
638,49.42096081733455
639,46.976880213679266
640,46.38037766108015
641,48.72308453812508
642,47.956609516336286
643,47.014534120449675
644,46.82823460421402
645,44.546638749984126
646,45.98725584388821
647,43.9188753970365
648,47.32099153775365
649,45.58274100027107
650,48.72209068478695
651,49.925735080000116
652,47.408294879481495
653,48.856165020172604
654,47.311407627439934
655,47.51696356443896
656,43.894709065541704
657,47.74392347406182
658,47.27911907115084
659,44.91886889871379
660,48.62600962002802
661,48.967712653801385
662,48.730629515989975
663,48.38060214185301
664,49.63928407041384
665,49.57702101245788
666,46.91927849289415
667,48.22950715079142
668,48.86794082742267
669,46.99615890739238
670,47.39584151777288
671,46.90964069336109
672,45.737755226706575
673,41.84853301443133
674,47.119892505100744
675,47.8301350730108
676,47.387518638214445
677,48.44188031461974
678,48.96058401830169
679,47.388553412937775
680,48.35114502758795
681,48.31690625631647
682,46.37456230090145
683,47.496921588023916
684,47.572438093212945
685,47.887818162342555
686,49.06603474743606
687,49.81207010371029
688,48.51204804769388
689,47.599475488882156
690,47.27070913396531
691,48.789926903652656
692,46.30382682733317
693,45.85692105169729
694,47.50826548858168
695,45.640976613192585
696,47.74409796652735
697,48.651856691232396
698,48.727800688317956
699,49.89025772743667
700,49.9354553632308
701,48.823598651916676
702,47.50508189654739
703,47.28778746212792
704,48.321048158828376
705,49.25294697910035
706,50.97927653668864
707,46.73543301784794
708,50.35893203676385
709,46.6818876943468
710,47.66040855508296
711,48.82416145807834
712,49.674762492036834
713,45.95701464704252
714,50.68606793773458
715,51.138638996070675
716,48.17101236221502
717,53.95948283740147
718,41.485750155110274
719,46.7974980768714
720,46.34725709535888
721,42.04481688856032
722,46.036606022211025
723,46.776020899158354
724,48.89786508674352
725,46.49222186122544
726,49.74798147581417
727,47.9673083442551
728,46.18559718400867
729,47.68868787984377
730,49.84200926872967
731,46.86216749180772
732,51.55464617004828
733,50.30768126863461
734,49.918747505667554
735,48.56157125772043
736,48.12895583280725
737,50.99328067658332
738,48.394931449165554
739,49.07653956100145
740,48.79193612386343
741,49.360061060449546
742,52.128650494464104
743,46.22967932445224
744,48.19560362226974
745,53.1532933459622
746,50.50898235096711
747,46.934871030733675
748,50.062796665770165
749,50.032162824519695
750,48.99328146639296
751,46.76341975383321
752,44.6824758542382
753,44.61621941590977
754,46.20484803799636
755,47.89601624529342
756,49.98422214190257
757,51.15722053112819
758,49.87222719958973
759,46.107143810186
760,46.39237625821248
761,45.46385182060636
762,44.72881942632336
763,47.17860981533509
764,46.65108808310161
765,46.23618063020838
766,46.54265673210961
767,47.81539338486776
768,48.32999718006039
769,48.26503329518359
770,47.921591995317655
771,49.133664331292756
772,48.67960302565565
773,49.33800355920772
774,47.462625544856365
775,48.25647496773375
776,46.939350179007455
777,50.51535774960871
778,49.43536519426527
779,48.47951165979256
780,47.98432966821026
781,48.724637176394154
782,50.94486908797827
783,47.91757531797034
784,49.8482826959909
785,46.021141577465684
786,47.721072551198915
787,48.88146730345145
788,45.58188813986112
789,50.96650253480352
790,44.96611449155543
791,48.394919998443854
792,47.27710330979354
793,46.811998748844395
794,47.6690712647569
795,48.45874247949915
796,46.85558137721579
797,46.2429778084215
798,47.548056741604476
799,46.43820570962888
800,46.717972207633025
801,46.819562458947
802,46.99680702139264
803,48.16814201173476
804,48.64487895065204
805,48.92387747510729
806,49.61703548415162
807,48.87441996972697
808,48.507119396053945
809,48.983320027128734
810,46.04752997370003
811,44.55039509213154
812,45.15798345751755
813,47.60944395614894
814,46.91637542770879
815,44.6634695146831
816,49.23532760834238
817,44.82360749844966
818,49.15963368768691
819,47.35185054079027
820,47.32830214121773
821,46.18906965718611
822,47.79863431862013
823,48.48951766958711
824,48.21804093020975
825,49.83609128120056
826,50.74338877211254
827,48.07499777468584
828,51.810528362491006
829,48.49873542532625
830,48.747353989872515
831,46.358775983293796
832,46.596139262166204
833,48.049863881082764
834,49.013586363460554
835,47.414449390279565
836,46.809841227163375
837,48.45116919702577
838,46.025516898011674
839,49.11450067178723
840,51.71070278940323
841,48.683258447963155
842,50.70941199424061
843,47.7525835983012
844,49.10848873277244
845,47.07142089227417
846,49.213269488784626
847,48.42133353998993
848,46.979024731887925
849,49.361146379974286
850,48.49126646219405
851,47.54603847447566
852,46.901468599458454
853,47.7187401746479
854,46.287907371984716
855,47.03329789016882
856,48.78206246906984
857,48.26872434777114
858,46.2441641470667
859,50.010029235451476
860,49.39320955653039
861,49.9846953899344
862,50.500111042576904
863,47.20465618098592
864,49.94462375149741
865,49.98371223395725
866,50.589824221359706
867,50.19412443829671
868,47.90005080211323
869,49.96113686023549
870,51.343359058299896
871,48.145702101565455
872,49.82369803562237
873,46.85898704264256
874,50.047251448166186
875,49.41692954131196
876,47.4470621475811
877,49.09044854776236
878,48.08899079749624
879,48.928533530682664
880,49.21327325970758
881,46.94165140126355
882,48.02527658131575
883,48.583924231064685
884,50.93763146607831
885,50.443307690653015
886,48.11312282118901
887,50.13529309283558
888,50.236564286678934
889,50.056916572665116
890,48.97504770323732
891,50.819970911743525
892,47.590112483063244
893,48.77224254060371
894,51.80259844181839
895,50.98454951407667
896,50.26309349462496
897,50.619373943404185
898,49.66866738071843
899,48.539424155358056
900,50.20009305891784
901,51.48300470868153
902,50.19183778368572
903,47.55966982249386
904,48.96719624927542
905,51.68546667361203
906,50.90945331609148
907,49.85986169964878
908,51.40455001825247
909,48.50661352398695
910,48.55835691529443
911,49.32982033963633
912,50.72850185427717
913,51.937640342946914
914,48.79681583846215
915,51.895031603449596
916,50.28511856878773
917,47.09226517355701
918,51.90570061316966
919,48.67396794747073
920,46.74635261722088
921,48.35852055066419
922,49.68625589680785
923,47.811973544879564
924,50.25956225264964
925,51.54633935276204
926,52.17390622690651
927,52.99444339333249
928,50.35092057745585
929,50.30800338718109
930,50.703154374241606
931,50.71756155635747
932,46.321668594048006
933,51.36802940870339
934,47.70490245440049
935,49.37875978315659
936,51.44978365642352
937,52.21618562262107
938,48.200597337428924
939,50.645460644675644
940,49.48156426393169
941,53.095975240520794
942,52.60029183584296
943,50.85144830204622
944,52.246510242211045
945,50.90417428856332
946,48.37944667249364
947,52.934035499724075
948,52.364926697775644
949,50.15756157533258
950,51.82757108943312
951,51.66357319168073
952,47.5948572127236
953,48.92051990709729
954,49.90670968846155
955,51.51197164614835
956,51.008373347452164
957,49.51621599737631
958,51.71272464991568
959,50.33659237898372
960,52.72145858961732
961,51.37616257421001
962,51.11268772947175
963,53.916297041158224
964,52.65599581019041
965,49.8008001539
966,48.386785740713364
967,51.821068304822624
968,51.25186210288907
969,51.77564001573116
970,50.89462700446045
971,52.09059189231024
972,52.48068155533725
973,54.185485136425214
974,49.78494331532681
975,54.1199047758186
976,52.06692925216458
977,50.362416237621474
978,52.74315588852484
979,55.6252060394113
980,53.63082843583023
981,52.90431485411193
982,53.470032986430645
983,53.138664120330574
984,52.04133111537734
985,53.31092031230586
986,53.788211810023974
987,51.62078527411786
988,55.037873440667504
989,52.355522346246715
990,49.84760022543621
991,51.15096506254039
992,51.97290258843492
993,55.268832331713575
994,53.539573695576216
995,50.62059638781169
996,53.28242168618183
997,49.344011020695305
998,52.026440426672615
999,53.53036414149868
1000,54.41140971752295
1001,51.52938739965378
1002,53.46550476401132
1003,52.56617181212932
1004,53.061403349874944
1005,52.77168072017213
1006,52.53352152894659
1007,51.6855773756864
1008,54.782327203135715
1009,49.738524666827495
1010,52.720699087065306
1011,49.83567395491897
1012,50.482645659875196
1013,53.981506400063395
1014,52.129824423843885
1015,53.953642873819184
1016,51.77382429604513
1017,51.892308717042916
1018,50.14613734144749
1019,49.0775290259753
1020,54.183845262318
1021,50.011744062837536
1022,53.311234864127165
1023,54.111819041067484
1024,50.25490496655619
1025,50.571651233694084
1026,57.10891278038777
1027,54.16932108962562
1028,51.2183275590125
1029,53.85906888914481
1030,55.668413508392696
1031,52.371353985556546
1032,54.04514471368211
1033,55.41014149382136
1034,54.26300368257444
1035,52.05965124343794
1036,51.790495920692855
1037,51.5274690671492
1038,50.8953583472073
1039,54.49621733106443
1040,52.68579288289572
1041,55.508053664615936
1042,53.53796260143825
1043,51.47032287197675
1044,56.79239674224569
1045,55.58683719285277
1046,52.859029400966975
1047,52.666333886155215
1048,53.54209908423758
1049,55.942001299046325
1050,53.043069154182696
1051,54.88473614257967
1052,55.46321649901269
1053,56.968437016499955
1054,58.506037577763514
1055,56.517716461325236
1056,53.55938375494778
1057,53.678156934252634
1058,56.483699020786226
1059,55.83397777971359
1060,56.762289731046806
1061,56.64622325107469
1062,56.08417175375811
1063,56.97641674386093
1064,57.018102265849116
1065,53.94286140929774
1066,57.24764581304336
1067,56.15751985743582
1068,59.222712110740524
1069,57.50425466056667
1070,56.60793940027885
1071,59.2147086300986
1072,58.38110471234483
1073,55.83512479931713
1074,56.389053858432135
1075,55.56874102916241
1076,55.45437604118193
1077,58.61842569649277
1078,59.87783272778543
1079,59.46426757422793
1080,59.50228257871253
1081,56.905392510038475
1082,57.01213618780673
1083,58.42486021061957
1084,55.76537495733083
1085,58.06069111756424
1086,58.49645440537246
1087,59.832611143091725
1088,57.00919085733936
1089,55.71037960230771
1090,60.13066330257059
1091,52.96341978628653
1092,54.575299275185166
1093,57.913474074954344
1094,57.1404628731839
1095,56.775633674850404
1096,58.70333512294985
1097,57.970974405329834
1098,57.63391393712215
1099,57.259139835825586
1100,57.26195110212052
1101,58.2784841306538
1102,58.982001460038866
1103,59.603337232299346
1104,59.10406263302468
1105,56.26743218518444
1106,56.78911895166419
1107,51.66700379733548
1108,49.35979523529893
1109,55.45218819183142
1110,60.29944294210478
1111,58.646953851275065
1112,59.84384546245541
1113,57.78572262569874
1114,59.36306797177663
1115,58.1127623381083
1116,58.54553079282476
1117,59.406612944426115
1118,59.926820316172865
1119,58.50886696870643
1120,61.55375633357213
1121,60.87215542316294
1122,58.831950133335646
1123,60.7369315300744
1124,59.22029816487498
1125,57.815860801093145
1126,61.205691265740036
1127,58.43978004442103
1128,58.96736672399964
1129,61.32407682637416
1130,55.95508945880406
1131,58.531204920948674
1132,59.214692415776824
1133,56.40279991484252
1134,59.983607838925906
1135,61.739611614140394
1136,60.16541140839119
1137,59.8773056883165
1138,59.230271672770954
1139,62.77244816806616
1140,60.088948477205136
1141,61.626722854349815
1142,59.22280152935505
1143,61.954052203656715
1144,57.570329732164595
1145,61.46228902540017
1146,61.20683032221251
1147,59.62364408326227
1148,58.002219560645315
1149,62.04344676698309
1150,59.28781254614386
1151,59.35944965853269
1152,61.910505876366024
1153,59.51991002672009
1154,60.453476149812786
1155,57.50355911775179
1156,57.39773989140379
1157,57.39936917725279
1158,61.8854822797407
1159,57.660690859848046
1160,60.23080183812813
1161,60.22557408665924
1162,60.598703831182135
1163,61.40078159118584
1164,60.38196427706721
1165,58.59881733071137
1166,57.431866659562715
1167,59.7555431997042
1168,59.462901644049296
1169,59.9543286916084
1170,59.24035035753632
1171,62.642814604342284
1172,61.51933141653458
1173,59.09861632183717
1174,59.62510096615755
1175,61.964371870197944
1176,59.38387854230418
1177,59.54609990512898
1178,62.34841728281562
1179,58.59912165339188
1180,60.06612594102837
1181,60.78084982109562
1182,60.88305604932564
1183,56.811898121055144
1184,62.25550884901699
1185,59.382390669694445
1186,60.729068566583074
1187,60.01161131666055
1188,62.79655651318417
1189,59.98088995671085
1190,61.220375785512516
1191,58.93096986266182
1192,58.04539274348414
1193,60.354285208941874
1194,59.539431169016545
1195,60.63051814173704
1196,57.86990586232634
1197,58.09046312632393
1198,58.366583728921555
1199,60.99527641951948
1200,61.14933445299791
1201,58.022607382509364
1202,59.65600210153127
1203,58.614209079394286
1204,62.72294623320972
1205,59.23703411961369
1206,61.316727470016005
1207,58.19795566928063
1208,61.57842820523887
1209,60.09034075509879
1210,61.44130703728876
1211,59.707616259886045
1212,58.77346179852841
1213,59.60591293251431
1214,59.02200724544054
1215,61.504817772861806
1216,60.93710300834224
1217,61.671644371554784
1218,60.54297702958435
1219,62.25715275047827
1220,61.19758958664153
1221,60.7745370240645
1222,59.74233255678452
1223,60.743780367724376
1224,60.0557696406592
1225,61.52269082748549
1226,57.24307182994174
1227,59.16281119774065
1228,59.184453300950736
1229,59.875813983996
1230,59.78542261094272
1231,60.32789618741085
1232,58.43204781959204
1233,59.832716439562894
1234,58.610969843576726
1235,58.392719831043514
1236,62.26647184057457
1237,60.2606904041234
1238,60.59276459956237
1239,62.237209501382054
1240,58.57878659228697
1241,60.10507112485982
1242,61.86854097992675
1243,61.20705482824891
1244,58.35203169987549
1245,58.472752543267056
1246,60.67059427794949
1247,59.650483498584734
1248,59.87160024070694
1249,57.94830371636426
1250,58.08066756085244
1251,59.520024669939254
1252,60.807769030388734
1253,57.599061841559084
1254,60.49910339521779
1255,61.76225330694305
1256,57.74863148223471
1257,57.842828749492774
1258,58.19100866321056
1259,61.081798149333935
1260,57.63695126892858
1261,59.21683986362292
1262,58.410218419741064
1263,57.61831842747198
1264,60.572037216064466
1265,60.46187820711682
1266,61.03384978758183
1267,59.06808274941261
1268,62.565876005647304
1269,60.7325245441589
1270,61.13986026073117
1271,59.15956872705869
1272,60.80086655935134
1273,63.204543056758105
1274,60.54393968554856
1275,60.765289670392235
1276,63.84777182432176
1277,59.88823969320685
1278,61.18051095384328
1279,60.780150206156
1280,63.36042362580751
1281,60.89153411955316
1282,62.435647831282296
1283,61.00321311549163
1284,62.275081751941464
1285,62.816746423880325
1286,62.85480707946286
1287,59.53673581406781
1288,59.481569455227884
1289,62.15062354527038
1290,59.516098716371175
1291,60.3635541448038
1292,61.59390553439174
1293,59.95332891877433
1294,60.575548982236434
1295,61.0307912712894
1296,61.56652795216729
1297,59.08137230881402
1298,59.84780072427437
1299,61.620092030276176
1300,61.50884610299741
1301,61.71016405901036
1302,60.5742442212545
1303,61.85095771951505
1304,61.21280726685968
1305,59.38174696017874
1306,62.53315015560718
1307,60.193645600427345
1308,60.33012532454254
1309,61.791594015366535
1310,59.777603213245754
1311,61.908774858942124
1312,60.88599212454253
1313,61.26208247979291
1314,62.5656193909331
1315,60.680480620671354
1316,62.06323498776018
1317,57.9891688386251
1318,60.23620557142378
1319,63.348113209985776
1320,60.229806767520266
1321,62.36675964437406
1322,62.09126429120916
1323,63.214578809542594
1324,57.771927865825894
1325,60.171382476677636
1326,60.748795555730304
1327,61.118069633817036
1328,63.1558544209135
1329,60.12673924239725
1330,60.23883621741035
1331,61.970928498784886
1332,61.99302227734463
1333,61.092678690103696
1334,58.85909423314008
1335,62.534048881598714
1336,61.936837465010676
1337,61.04570220677253
1338,57.08640152437965
1339,62.538563162543504
1340,61.67922653116925
1341,64.04493531554448
1342,63.56268678837242
1343,59.77467553288593
1344,61.25660626513003
1345,59.97534166177842
1346,60.92918749323333
1347,61.6035185286154
1348,60.67472207772956
1349,63.47033463024333
1350,60.56290928398161
1351,64.58297949298569
1352,60.99561510691272
1353,62.67323518777991
1354,62.51326370225837
1355,63.240861183289276
1356,62.58644390312551
1357,62.29765969130658
1358,60.797961223197106
1359,61.01034896609365
1360,61.679337314473806
1361,60.00859271255557
1362,61.409544628092576
1363,62.49828842458105
1364,61.446604060234
1365,63.34051399194721
1366,61.25505432972086
1367,61.547311258996736
1368,59.802171286257185
1369,59.44961692343499
1370,62.74672714969215
1371,62.50056643950922
1372,63.151540606362836
1373,62.63537702971657
1374,61.54624349274536
1375,62.51692195293493
1376,62.52708966489271
1377,57.90993469653644
1378,60.15816281769217
1379,59.26943562468722
1380,61.67185719104921
1381,64.00324051320392
1382,62.725153367305445
1383,60.31068050118894
1384,62.430660943020534
1385,60.23021224329299
1386,63.48229271455229
1387,61.837717532550265
1388,63.072003110992824
1389,59.51518216640783
1390,62.29130572574203
1391,64.5741280345601
1392,61.92939836522252
1393,60.60429321421092
1394,63.2251862001487
1395,65.64716546467814
1396,64.59187249391773
1397,61.79919405359104
1398,63.92047935737148
1399,60.98489833874087
1400,63.82150030683483
1401,64.46226157968373
1402,65.0370953620791
1403,65.67687462479769
1404,64.19330577563716
1405,62.33476513633683
1406,62.38433814010127
1407,62.92442672902129
1408,65.72041397056528
1409,64.28252817090788
1410,66.44046824132943
1411,62.36575467564015
1412,62.90894723199349
1413,63.524062482566436
1414,63.215398579619496
1415,64.44764765089644
1416,63.73433605109462
1417,64.8834212102825
1418,59.97441630937504
1419,62.70578866349826
1420,63.12216271194321
1421,62.761882605288505
1422,65.36599823160708
1423,65.34481043634834
1424,64.91172042674508
1425,62.51551252406428
1426,64.2675963159773
1427,61.836703144121564
1428,63.77361298551673
1429,62.953109040233215
1430,70.3993138556842
1431,68.58168642710709
1432,62.342532061328626
1433,64.74377806529323
1434,61.73046419686732
1435,66.24766168351421
1436,63.501374050592595
1437,64.37788234269566
1438,66.23995994034172
1439,63.42902520594485
1440,64.31202814971846
1441,65.46883486632687
1442,64.319426244326
1443,65.42240132392588
1444,64.78486444409833
1445,65.1054185008411
1446,63.32846768766412
1447,67.83890586509477
1448,65.84449397563037
1449,62.85820650606355
1450,63.54646302301604
1451,68.9025011255917
1452,67.57892008240172
1453,64.41975362843341
1454,68.57294323493223
1455,62.61139769765462
1456,65.21298259162138
1457,67.65802311587454
1458,61.510909891781615
1459,67.3668212371534
1460,69.19459914091156
1461,64.28862020041291
1462,64.79965005205499
1463,64.70793022764686
1464,63.55717619587793
1465,65.70233029546688
1466,67.25622352091654
1467,65.12543679732892
1468,60.52784499529369
1469,69.08611090207464
1470,66.08588657704956
1471,62.75823898456012
1472,65.47436843614268
1473,68.43237393390322
1474,67.17642163221224
1475,64.2059941357731
1476,65.88220656254593
1477,65.5459893336422
1478,70.6453831122383
1479,64.0306810507931
1480,66.44754403979071
1481,63.76025560355864
1482,64.581388207145
1483,63.512121121509225
1484,66.3251187595695
1485,68.63251681485157
1486,61.64856716042743
1487,65.61452048877904
1488,65.78112670086976
1489,74.62954710608463
1490,68.36264707685599
1491,64.23755266596078
1492,67.8246689501206
1493,67.07454727331167
1494,63.40664151468295
1495,60.525654005375124
1496,62.610808219169904
1497,62.01884446825899
1498,43.41284448057898
1499,67.88885040473629
1500,68.82548894824217
1501,62.629640485243094
1502,66.06268096746557
1503,66.02054465925765
1504,65.7495172317958
1505,65.59499140224399
1506,65.7569440524416
1507,69.47036813218831
1508,67.30504422146856
1509,66.00124299645954
1510,63.12050797524402
1511,68.38761198386351
1512,75.6784771042953
1513,62.652283100034786
1514,72.85860902493518
1515,65.6381531708372
1516,76.15943793793025
1517,75.04580887861422
1518,67.61309763423853
1519,72.31302490273625
1520,70.86587113859522
1521,73.88110315232113
1522,74.66970685515994
1523,68.35940077721382
1524,65.23254462098407
1525,71.85854812820375
1526,65.93377834727319
1527,72.79066654479925
1528,71.05042492687855
1529,72.7684570514095
1530,74.0981570692952
1531,78.09124977381936
1532,69.20638306415628
1533,73.12095601215505
1534,69.4248229437795
1535,74.24714891431618
1536,74.852286346245
1537,75.0794579415085
1538,67.38053955263419
1539,79.2150924234272
1540,72.11746414915658
1541,75.22404561127685
1542,78.86574211531577
1543,74.05691574605828
1544,72.71987015917573
1545,80.22755548037058
1546,80.35291579915933
1547,74.29709687812449
1548,79.28580743711736
1549,74.45384784154129
1550,79.66266350979312
1551,81.62253043273856
1552,76.67609426003871
1553,82.62247517595587
1554,76.75404175149015
1555,80.60778118704818
1556,77.99825375772008
1557,52.033819829649815
1558,55.646341548767
1559,66.71631917594512
1560,78.51481468593552
1561,78.6836931149423
1562,81.0618350980804
1563,84.88832000945315
1564,79.203964235747
1565,80.79383120979469
1566,78.47630124534567
1567,80.30850749618475
1568,84.95083554881174
1569,86.9865205839198
1570,84.53005884474058
1571,88.08074220813381
1572,84.60640173835053
1573,89.58162376347761
1574,87.28805607447657
1575,77.45114619466055
1576,84.79449261330831
1577,82.27245351035548
1578,86.69733186265944
1579,88.38004258032336
1580,85.97633315628988
1581,75.18665150604163
1582,77.13797083894941
1583,81.96378258851158
1584,67.60589924927251
1585,83.21738108240197
1586,86.46496971141242
1587,89.61421264276964
1588,81.62636760628082
1589,81.73210711307235
1590,81.70289046022005
1591,80.84521950765856
1592,88.80521521099342
1593,90.0626100047496
1594,86.5508929732183
1595,84.36768135545903
1596,85.59757601271879
1597,87.34846773122682
1598,87.55611668014768
1599,79.15515452396313
1600,80.57674980718011
1601,81.39670248370699
1602,89.16521832878668
1603,86.82425698759731
1604,87.54233683232208
1605,88.76339973647414
1606,83.47948089334342
1607,82.29374723050289
1608,91.32497962829943
1609,86.29078053322068
1610,88.60909158679735
1611,90.63564617392166
1612,87.96664368842552
1613,87.26776612179167
1614,89.37153233069421
1615,90.11063259698201
1616,94.5802246247372
1617,90.63211241491705
1618,92.57202974743828
1619,86.60014302858508
1620,80.95049384100658
1621,91.39649593796005
1622,94.39906040145937
1623,94.01902701478437
1624,90.61587745824782
1625,88.94568890821103
1626,87.80747995899343
1627,85.91864574224314
1628,95.2230834307635
1629,92.16377260282849
1630,90.26521656313774
1631,93.81067764837304
1632,93.00637709156348
1633,97.48619872614319
1634,87.22228926359328
1635,92.00089195109265
1636,87.6784739148869
1637,90.06666835670092
1638,93.70348457343607
1639,90.53866817061467
1640,94.31586567410973
1641,99.08174427245909
1642,98.86474018295975
1643,94.54299357838454
1644,89.63497923156463
1645,90.3106926027872
1646,86.46382699283026
1647,84.29969494235858
1648,87.81167383743514
1649,81.96078583604537
1650,88.83980520121595
1651,83.72796953132867
1652,87.62762811409445
1653,93.30592222053276
1654,92.48285434196941
1655,94.8285382001509
1656,95.93808283022051
1657,92.73718616756302
1658,95.72331871103891
1659,96.72402693037621
1660,90.45046202342047
1661,90.70153079569636
1662,98.05601532906402
1663,93.24738180494262
1664,92.05224574835434
1665,90.58953958038282
1666,85.11905350904884
1667,91.47259911698052
1668,90.53436792787166
1669,94.9776312692572
1670,88.83439144355981
1671,93.29889887136562
1672,93.5348232858205
1673,90.08318499920665
1674,87.79242907085676
1675,89.12672982113384
1676,90.0532488656692
1677,89.64329394911934
1678,88.9579098907352
1679,92.76199078666586
1680,87.54008965934929
1681,89.0985993899172
1682,94.90806229142436
1683,91.86442143649082
1684,92.40088870051943
1685,91.70367913908512
1686,84.41843132032287
1687,88.8479774452462
1688,88.06352214294425
1689,86.34130391354209
1690,89.78853597866448
1691,88.0809611668328
1692,92.21378100830984
1693,90.74312644105129
1694,98.27893403238384
1695,90.24571154736428
1696,91.87518051129383
1697,87.82699373443718
1698,90.8251677567206
1699,88.92674298686063
1700,89.90572579926015
1701,89.95348467020823
1702,88.04091650381956
1703,98.4109075566045
1704,86.4948151766897
1705,94.79855270782794
1706,90.34289301534282
1707,94.99931829648023
1708,93.38228164392848
1709,94.43491525635558
1710,87.80462148130654
1711,89.15147076938139
1712,79.2036076208034
1713,86.96197244300716
1714,88.84004077527683
1715,91.02311570960214
1716,91.91096079509782
1717,90.40618307850073
1718,89.07942966459345
1719,90.39305578111772
1720,83.73486660693523
1721,86.71659576349934
1722,88.6503734374965
1723,87.49149763043364
1724,86.63638896971365
1725,89.4821552227551
1726,82.69309367903692
1727,86.54027996307606
1728,85.29531729757966
1729,91.38963924438062
1730,94.26261936053311
1731,94.33436135221741
1732,90.63874390680104
1733,89.05737948787626
1734,89.32508847306073
1735,89.13067560971103
1736,89.64644965018023
1737,88.07102588091162
1738,86.35579966555504
1739,90.44064025207784
1740,85.13521563270761
1741,83.82098492540814
1742,90.39394963872361
1743,91.91496173749454
1744,92.97301548098875
1745,90.28280215101316
1746,91.38640268259039
1747,93.47153565536588
1748,100.15384231313513
1749,99.11551033455981
1750,96.8440073911528
1751,88.68699936864513
1752,84.52857141692569
1753,91.85013526857983
1754,87.74234840752645
1755,87.16609463229524
1756,91.92842258133132
1757,88.63038840073837
1758,88.82683130033921
1759,83.6117262838515
1760,90.29940348604617
1761,85.70966300479398
1762,86.47566919856845
1763,90.83937476002943
1764,88.51446674822634
1765,92.05372393050536
1766,91.40043242164282
1767,87.84659004423472
1768,87.79594644432468
1769,81.58021692431602
1770,76.93897184513877
1771,84.15765288578399
1772,77.98853886206064
1773,90.35862165605292
1774,85.02509263011893
1775,87.30437817929712
1776,86.91345644533624
1777,85.91888301814511
1778,81.6781469800023
1779,89.07782592326762
1780,87.42880209834757
1781,90.34915247163686
1782,92.08882959960343
1783,95.06270725877488
1784,90.21505990135863
1785,92.2593255273653
1786,91.77374538190753
1787,92.14436065701092
1788,85.89113591994705
1789,88.99949826593209
1790,92.37579955992247
1791,87.30428847379743
1792,91.69669690962732
1793,90.91477004200662
1794,89.79215566905249
1795,89.83921428213085
1796,91.02365688190181
1797,94.84294301945899
1798,90.70156691700835
1799,89.7869295400102
1800,86.41204481608126
1801,91.24667954916451
1802,90.2463019313323
1803,89.43771644527594
1804,88.03130175730416
1805,85.1228062813675
1806,88.17961282191548
1807,88.43254690749806
1808,83.38260019686733
1809,91.05876714116445
1810,92.71081691257284
1811,93.14479499849685
1812,87.34950599171265
1813,84.08081787423794
1814,91.07423853134786
1815,87.54654963822345
1816,92.2440285303886
1817,93.85821536699824
1818,93.72994047244666
1819,91.9813098925927
1820,87.08727182505709
1821,89.43175880777066
1822,87.1058833344477
1823,87.0285169745002
1824,89.86954712132884
1825,90.74555894384372
1826,91.40286467917652
1827,88.82705638190318
1828,93.23487695053554
1829,87.46784304029444
1830,92.48912573866896
1831,92.94077499447118
1832,91.94535342759363
1833,89.43446632135588
1834,92.29162108137842
1835,92.37309130837536
1836,87.84138414708501
1837,93.60450771259138
1838,89.6936598513145
1839,90.9945891452868
1840,94.38403500501175
1841,89.0602410318059
1842,90.77925936900212
1843,94.89214591172711
1844,92.08783991062066
1845,89.73359591082486
1846,87.49423471864735
1847,93.03581893491418
1848,91.497225043227
1849,88.28246217006291
1850,91.4368493944556
1851,92.6960688027774
1852,94.60898488467076
1853,91.18276571007755
1854,92.55206191216082
1855,87.92549542239509
1856,95.7412630906941
1857,87.77689912423669
1858,90.8611684358662
1859,92.57027538139214
1860,90.94808182933177
1861,91.69844279642534
1862,93.40470890957597
1863,95.40016468106913
1864,87.44770636813902
1865,82.83751286387873
1866,87.19638130208828
1867,90.55743447003792
1868,88.37131062821797
1869,95.31441448366542
1870,90.40719697554037
1871,88.31274307660256
1872,88.05877657971084
1873,91.75358990947966
1874,87.59572060043837
1875,90.58717192302612
1876,90.1408552130814
1877,92.15458723538525
1878,87.6388792266627
1879,91.03048647070801
1880,90.40936990156656
1881,89.00396448885475
1882,91.64129908172886
1883,90.5287117341495
1884,90.02123879462194
1885,91.64133099021944
1886,82.81688514134484
1887,87.45801671128847
1888,92.70655688472142
1889,93.73941990096885
1890,95.59416402047879
1891,96.55133731275667
1892,91.48480938552677
1893,88.67817757565994
1894,89.49474487497696
1895,91.29547564179917
1896,87.62984067145572
1897,88.1440690289676
1898,93.99922906561002
1899,90.90269253343459
1900,85.48931575207635
1901,91.98198748947424
1902,91.80090667368863
1903,89.99277779335382
1904,93.8649151584163
1905,92.18680528234306
1906,95.92706347421084
1907,94.7605860289576
1908,90.03411584446962
1909,88.93952332215378
1910,90.86447597997197
1911,91.50410531199773
1912,89.28066837906722
1913,93.00669267614715
1914,94.8482935054662
1915,86.8068806407862
1916,88.52562781470496
1917,84.47712866101709
1918,92.00759846371773
1919,91.40824097267473
1920,91.84426065569716
1921,92.92370352587771
1922,86.74388097293468
1923,87.77198795247158
1924,85.2580234084193
1925,80.5741735393456
1926,85.58655115121856
1927,91.42974797805506
1928,85.5768781398537
1929,93.10781191540627
1930,88.77845259784591
1931,92.64218494897285
1932,92.20619461995797
1933,92.17329179599004
1934,91.7896440868838
1935,88.80538062548727
1936,93.74649982843556
1937,90.3749872678875
1938,93.64358575989188
1939,87.31840948718603
1940,95.76946201327931
1941,89.3087306172696
1942,94.07323154188401
1943,90.19133920978935
1944,91.55622704928328
1945,94.71120388729292
1946,95.73350295341122
1947,93.10448511925601
1948,90.21605130309726
1949,90.70214390989887
1950,90.99801405935364
1951,93.03848387202363
1952,85.52456653393983
1953,81.13107633729472
1954,86.13612702180112
1955,88.66812207651216
1956,85.2700625551663
1957,88.78171821003748
1958,89.72708045685873
1959,91.69888761701502
1960,93.74863899880594
1961,85.66450127232741
1962,90.56770253978954
1963,90.61306379498603
1964,91.84290863037317
1965,89.53009126873442
1966,90.94798373460128
1967,87.65266729240808
1968,94.04951851006484
1969,95.19523476037584
1970,93.53395365952571
1971,90.0128743559013
1972,91.50801875710322
1973,85.98045152719743
1974,76.63476329397037
1975,64.99239701715322
1976,71.82713411813911
1977,96.48781206049026
1978,89.18514396442912
1979,91.57858799215154
1980,86.72169618115831
1981,73.25135341099266
1982,84.86113561615036
1983,88.63032293894413
1984,89.3073269552873
1985,90.65355473222996
1986,91.46771205295654
1987,93.45370774407384
1988,92.19868338144329
1989,83.07085556997188
1990,88.60646369003194
1991,87.48882773261667
1992,87.14060059448147
1993,88.28100203460437
1994,89.56811921762494
1995,84.1129653024254
1996,92.92240705890251
1997,89.56545835329558
1998,89.99906394994522
1999,87.44412319236478
2000,86.3720695126984
2001,89.80144917507795
2002,85.58855641564325
2003,81.91396624177298
2004,93.40451008230418
2005,88.66032214182216
2006,89.95420959259037
2007,87.57469808371725
2008,93.74083688390846
2009,90.35209193641265
2010,93.5554986042694
2011,94.15269495311324
2012,95.35622130055154
2013,89.86703677895501
2014,87.19754509251271
2015,90.0319124682532
2016,93.68895512992268
2017,88.65382144907754
2018,88.501765929795
2019,84.7332067613341
2020,88.3394776620025
2021,96.43408849373415
2022,88.93848688510768
2023,92.35095479045151
2024,94.85662430692851
2025,105.41950485066482
2026,94.03880317449253
2027,98.01896481651391
2028,89.9850714010452
2029,89.99985184285718
2030,96.99094973743847
2031,87.63295337456353
2032,88.95139550518545
2033,91.37568138676046
2034,83.55409831040365
2035,87.141855550555
2036,94.17630929141579
2037,93.74446400537515
2038,93.81519483054547
2039,86.62611185108905
2040,89.48643602764024
2041,85.71094395921901
2042,88.98907596634328
2043,91.96457234037483
2044,90.44850761802927
2045,92.55105064402936
2046,91.5605698280665
2047,89.37152873665472
2048,90.96433582259117
2049,92.79286774624923
2050,86.37872682859644
2051,83.49149857840335
2052,89.33236471280881
2053,96.26795834730433
2054,90.95554698454127
2055,90.21702713339084
2056,95.17465139240105
2057,97.50689210508651
2058,98.99247479743909
2059,88.85586570715446
2060,93.46939851666521
2061,99.91325170964387
2062,94.32313410783085
2063,94.83601538919069
2064,92.01179725223002
2065,93.06250348991689
2066,91.98204776850531
2067,96.69807544691629
2068,91.11165072191821
2069,87.95189734007947
2070,93.54408431032907
2071,83.22762452721075
2072,86.70191471588991
2073,88.30119129212135
2074,91.07751642780656
2075,88.749958633238
2076,91.7880302871387
2077,90.74881065971061
2078,89.85647576889716
2079,89.87075882715367
2080,89.86620373095737
2081,90.90689696099662
2082,86.01148676344896
2083,90.99162417150565
2084,99.19556771943475
2085,96.5591148946246
2086,90.88979558898474
2087,97.64878989363068
2088,88.90059558009348
2089,97.55441201496593
2090,91.15230315224508
2091,98.02726840134903
2092,93.74170533843939
2093,97.33483193421043
2094,98.91022467365016
2095,93.71512374273556
2096,88.29486520682619
2097,93.00866403315827
2098,91.68510974332325
2099,88.43728831151248
2100,94.80477505527399
2101,97.0117008214757
2102,91.23236695239731
2103,88.71219995760666
2104,90.87136081904617
2105,95.74442504724102
2106,92.94594140516345
2107,83.50115068748899
2108,88.80222486054608
2109,89.16046510232277
2110,94.41406622048001
2111,94.7901098219278
2112,91.6528656573008
2113,99.82509306601442
2114,95.22710755351964
2115,96.26930398297036
2116,89.64686376734649
2117,94.13274983708932
2118,95.11925268542667
2119,96.58883291568532
2120,93.09575923111151
2121,96.47636570951425
2122,100.19339185760873
2123,96.66866116464976
2124,89.75709192964668
2125,94.55669553280984
2126,94.84144794155243
2127,96.3008061169326
2128,93.57873886758827
2129,95.44280151205814
2130,98.45758775300385
2131,97.83089405452583
2132,97.72512418588923
2133,90.42677345629542
2134,92.65486642016154
2135,94.62756845091072
2136,95.57068188979578
2137,83.11232498361014
2138,95.39125403675074
2139,94.83054959583139
2140,100.56680931887398
2141,93.96679104970674
2142,98.04821588259624
2143,96.8118788189425
2144,95.44255191013343
2145,96.2519106389123
2146,94.94554495925236
2147,94.46561700149991
2148,93.49464165759717
2149,95.73328644256837
2150,89.0413120717708
2151,98.07968739862658
2152,92.57306068464038
2153,93.54310700180301
2154,92.71391704657452
2155,97.15628161724315
2156,94.67180933487478
2157,97.68769458263463
2158,95.23484245184011
2159,99.3807812786389
2160,100.24167684419258
2161,89.2610506386427
2162,94.42918848729957
2163,92.57899483543542
2164,91.39056679808668
2165,90.04201949830473
2166,94.0744340344241
2167,97.77909052921682
2168,96.44666994365224
2169,95.8520064353339
2170,93.82886040376066
2171,97.71517163382937
2172,100.60122772391206
2173,90.45039031853689
2174,101.0936126479436
2175,95.01398673722221
2176,95.9411251731359
2177,92.75091868714975
2178,99.00153959234893
2179,91.34816176274593
2180,86.90648016675954
2181,99.52209229312696
2182,99.4242078828798
2183,94.01255431033704
2184,99.65036677663184
2185,98.97072763970804
2186,93.76487433487384
2187,98.09092108062681
2188,93.04355330326351
2189,94.3718766942853
2190,100.52880171165336
2191,98.49071410805662
2192,94.50322913217232
2193,96.78573828407279
2194,96.29714548199398
2195,91.89205818303516
2196,93.03824211358409
2197,95.26820206267728
2198,93.93015938627599
2199,95.09264421844848
2200,97.06500258598984
2201,96.79834248453096
2202,92.0365523273944
2203,90.63233113349864
2204,93.71101551824927
2205,94.00508124036408
2206,93.8182932256709
2207,84.3695926783481
2208,98.6028534634635
2209,90.34505824114018
2210,92.48130780210928
2211,94.69673044045369
2212,96.67835904810475
2213,84.77823424786277
2214,90.31271258440024
2215,91.44883903941437
2216,87.54823501125747
2217,86.49752623052612
2218,90.65850766627018
2219,91.84658750205503
2220,91.40261822571888
2221,87.20925065252754
2222,91.46146580765036
2223,91.09034998460731
2224,85.38200867272167
2225,88.1383729851516
2226,89.90449131543174
2227,88.593482923863
2228,90.90905017814171
2229,88.28455115467422
2230,90.05125278703107
2231,93.20124815742489
2232,96.11363038976043
2233,92.91271374452255
2234,90.92696156082334
2235,89.4215576827826
2236,94.89463501699205
2237,94.2002349371617
2238,93.02445203137856
2239,88.89032985930014
2240,92.34058133185646
2241,85.08795577564769
2242,90.5931222906201
2243,90.24126445185674
2244,83.45694110141929
2245,99.62097984011555
2246,97.55389131349621
2247,82.97538696137167
2248,88.33472371567981
2249,90.39271479825216
2250,90.95674178852246
2251,89.0482877121329
2252,89.15546266235373
2253,86.4339191624398
2254,91.65179716302683
2255,93.76429332740439
2256,92.51222707031918
2257,93.44035997504213
2258,88.56455202096883
2259,93.9441567088586
2260,95.86705337408631
2261,89.94523055227117
2262,94.081510836243
2263,97.92999778333163
2264,100.58559169035122
2265,94.84795119507787
2266,92.87366624663845
2267,98.56481820634443
2268,93.28973419754733
2269,92.47081010800206
2270,88.8203513853004
2271,91.56588491995254
2272,91.32020614028356
2273,94.02254501340136
2274,95.6117788663633
2275,93.53328165748326
2276,98.67391776828823
2277,97.87775115486153
2278,94.81192808064091
2279,91.78923250999856
2280,95.73079287625073
2281,97.32109371002751
2282,95.3592590199852
2283,93.40019698356349
2284,95.64521922849048
2285,95.2116054542388
2286,90.047526776875
2287,90.59255867270132
2288,91.8387905777
2289,92.590439720462
2290,87.0400082717434
2291,87.94284596754952
2292,93.77680762722176
2293,100.08138836664914
2294,95.77242768187578
2295,92.82574757560184
2296,91.7640587151509
2297,94.05890657387567
2298,89.13736853857
2299,96.55104812514051
2300,92.00265415207433
2301,96.26640025273826
2302,95.97981286452993
2303,104.38519929938158
2304,95.90293959402808
2305,92.94618877431742
2306,98.12710898367006
2307,93.73295846999086
2308,84.54203235737492
2309,95.58815566599662
2310,89.82245871067677
2311,87.22338538055
2312,88.62877723682745
2313,94.5018140921012
2314,96.37986867681666
2315,94.87139815612083
2316,95.67172017035489
2317,102.40441814688646
2318,92.93110518491144
2319,97.55586504820715
2320,94.0610653942151
2321,91.0296944047234
2322,90.19667516048007
2323,100.74639721412737
2324,96.51232665282178
2325,98.58947963732194
2326,94.49740289733357
2327,93.75800126326563
2328,93.26779358158679
2329,94.77627186088934
2330,96.9225482082609
2331,95.9915576344041
2332,93.52286764237577
2333,91.35141386415619
2334,91.55835808643933
2335,97.70204233879058
2336,91.29530693136131
2337,92.50184299785933
2338,93.26684699034678
2339,97.11915349964107
2340,92.86029436790457
2341,86.77986454350837
2342,93.9006556033737
2343,88.35569736561797
2344,93.43025027836771
2345,91.65566741150084
2346,95.07117260575873
2347,91.87750666198001
2348,97.50274094248648
2349,89.22618275275565
2350,88.20915477410338
2351,89.93283053560052
2352,87.30062955998888
2353,92.52324986100321
2354,84.64233647388045
2355,88.52056980357239
2356,87.03117579038901
2357,96.675552290107
2358,89.79694628660785
2359,94.2814335047593
2360,95.80271176454416
2361,88.2292120463801
2362,88.45426243488468
2363,94.41197166857316
2364,95.25910522795316
2365,90.51582504616601
2366,91.23948802510944
2367,92.92600940865012
2368,99.54638165556223
2369,88.91111989093855
2370,99.25194477986865
2371,97.68785941184188
2372,91.07795087187259
2373,95.46257667639834
2374,85.74367074360752
2375,97.65307959178477
2376,91.55316999682552
2377,92.82460144442636
2378,95.56501872141708
2379,97.17877474125895
2380,92.89901563216954
2381,92.6259007325607
2382,88.2823558915307
2383,88.39816030179131
2384,96.43009528240906
2385,92.4160590647103
2386,91.83357354254395
2387,86.80444257501091
2388,95.33096689344154
2389,92.82021261563126
2390,94.99186513359659
2391,100.2519781126906
2392,93.92816936408535
2393,94.23463150697091
2394,94.09748344220723
2395,94.18151337780655
2396,100.77822200058775
2397,94.0666210623628
2398,93.08431982772694
2399,96.01289347338975
2400,93.8075047461637
2401,99.64305026122003
2402,95.40105110857473
2403,102.60431145559718
2404,98.08751632810228
2405,101.23740574691813
2406,102.03254582773006
2407,98.71909252186538
2408,103.184672613012
2409,100.92770483099045
2410,100.09985455902225
2411,93.86119498687249
2412,99.4701159898237
2413,96.80037438361072
2414,100.38794791240242
2415,101.74460776767272
2416,98.53385842033832
2417,97.85532021144809
2418,99.26166980525153
2419,97.74294770705984
2420,101.44760894108495
2421,94.0872136198373
2422,95.31654724738986
2423,98.03769301284584
2424,98.82032530743095
2425,96.18629594965726
2426,102.05756059022595
2427,100.60960676337558
2428,102.36536374349144
2429,94.92486874525109
2430,106.82214769999345
2431,100.46912051130772
2432,98.55924082069531
2433,96.69089415201478
2434,101.72592805953951
2435,100.77354663373714
2436,100.05505340129768
2437,102.04012293019174
2438,99.51405506521165
2439,95.58437657757824
2440,100.30026549202721
2441,97.94293274538269
2442,98.78883835436186
2443,96.59313640481399
2444,102.2290404439645
2445,105.82801240987551
2446,97.30092072826663
2447,99.20143609121716
2448,101.66249648131479
2449,103.16702073714306
2450,104.707136281379
2451,103.66158411771637
2452,104.36895876030236
2453,98.63197051500464
2454,101.93896982834084
2455,103.35315853023428
2456,92.69283095349367
2457,97.43926198678298
2458,87.03826000376856
2459,97.34553391378479
2460,103.20529371948254
2461,103.55528913526028
2462,100.99160306145538
2463,102.1355762250074
2464,92.52692973183555
2465,95.78103297933193
2466,103.63752182280747
2467,101.72202476972775
2468,107.4007645609564
2469,90.44348970115418
2470,100.77551997877426
2471,101.39322515651222
2472,100.4310902667534
2473,103.4372563456769
2474,99.9710623938673
2475,97.55512602894325
2476,93.84247074942806
2477,94.58659713774506
2478,99.46162756743966
2479,102.5465579295224
2480,102.24106296787018
2481,96.42142776105477
2482,97.67726856618226
2483,102.65834205855178
2484,101.5164624944778
2485,101.86155603012836
2486,94.75431348675524
2487,90.93622115910352
2488,94.83389118688233
2489,101.18473539410604
2490,91.13324925654422
2491,89.08451449684105
2492,99.19563199037138
2493,99.22943044350286
2494,94.25955320066835
2495,94.65578295889563
2496,95.53942920394418
2497,93.377109062183
2498,100.76810062471066
2499,106.9883389489222
2500,100.16941372787745
2501,101.4548095828916
2502,101.3398994435448
2503,95.4512060620634
2504,99.61589120204849
2505,99.97315771189348
2506,97.0302304490472
2507,92.36168732989155
2508,97.27286113368957
2509,99.30036099158274
2510,101.43896225925567
2511,101.52072798473715
2512,100.41673374281594
2513,94.9273310601996
2514,99.72277414625925
2515,99.70967050490937
2516,102.11293725722408
2517,100.21419597829531
2518,94.58045193732279
2519,89.90255891447049
2520,98.47029637445031
2521,95.0546153261261
2522,88.428552990001
2523,97.05368670409968
2524,99.10219000455363
2525,101.19403108340653
2526,101.67561117436075
2527,101.99388561286763
2528,100.61889312457589
2529,93.50868741733778
2530,98.39224673095106
2531,94.64600835437729
2532,99.47321300452086
2533,96.23212032179134
2534,94.86878745426947
2535,97.91518118065245
2536,98.876640183444
2537,102.92805166603951
2538,103.51952458854545
2539,97.40791248056364
2540,102.30860730747108
2541,101.00447102958704
2542,101.6524434224709
2543,106.6388554590896
2544,104.29225314514623
2545,102.59182395109617
2546,107.17422419413437
2547,97.84563168997204
2548,100.68783108252123
2549,99.68057942048019
2550,105.1365383392913
2551,94.90983170026918
2552,101.31865109828856
2553,95.524364940389
2554,102.68210535714165
2555,94.89642380410466
2556,98.8945325781246
2557,95.55945065614961
2558,101.99446622793602
2559,98.9591986803634
2560,100.80918206166967
2561,98.59105120984447
2562,101.03094231453237
2563,92.31808155195506
2564,92.56307371141791
2565,95.34917013692439
2566,94.29067852730944
2567,97.9190607653545
2568,97.76941612955666
2569,86.53756249626197
2570,96.15924305422185
2571,88.8853179336505
2572,90.67693454901429
2573,93.94228445759194
2574,91.62890844808372
2575,91.30615232346075
2576,91.96606434083189
2577,87.78780944796613
2578,87.71336670877018
2579,96.40121538862446
2580,96.35783427214888
2581,94.53612555724605
2582,101.76153330279703
2583,106.86613609517978
2584,107.31434110309684
2585,102.98500691177254
2586,99.47395807442459
2587,100.55605626153891
2588,102.32180870566201
2589,103.86624576678848
2590,102.35439560944673
2591,99.46226616275618
2592,99.0635119791646
2593,97.11337893570916
2594,107.78900645414248
2595,103.45906094522543
2596,96.38535490511579
2597,101.62436974247879
2598,100.13755137323207
2599,103.38556609285034
2600,107.10074955003385
2601,107.16257133180997
2602,103.75001529707929
2603,101.71434553169212
2604,103.35742193561721
2605,110.24253182840093
2606,100.05255224769559
2607,97.42797594154108
2608,95.97877336116527
2609,101.92886331221358
2610,97.54600487550896
2611,93.9121402886522
2612,96.87700055633115
2613,106.10635171066743
2614,104.39468981949686
2615,101.83073562724022
2616,103.35039797234286
2617,102.05823475528405
2618,105.7719541285781
2619,108.45405503942929
2620,102.13521651519457
2621,103.55587313822708
2622,102.00398532317894
2623,100.81766030651933
2624,107.21671304623669
2625,102.71265773568038
2626,108.27218469604746
2627,112.19631958908123
2628,106.9578366233234
2629,102.01221145749368
2630,111.08217567005676
2631,101.96276205684752
2632,108.86895931136179
2633,105.3869091163046
2634,106.39259953356921
2635,107.38281170110434
2636,105.2801373539293
2637,107.3045939243104
2638,104.63500983114379
2639,108.94170661974589
2640,95.6851101607519
2641,103.48584168453803
2642,100.3779483559022
2643,106.7546843131248
2644,107.07369092291977
2645,104.6340595917551
2646,103.02436323184966
2647,106.22397057405173
2648,103.04015022242878
2649,104.70669645555284
2650,98.62201774536672
2651,112.97762445155236
2652,107.69385512788833
2653,107.6358285570418
2654,110.00304686723703
2655,104.15182948254288
2656,105.83285718446089
2657,107.90352835411912
2658,108.45235554192033
2659,105.33720786744901
2660,110.33341390966888
2661,108.81000343188532
2662,110.5308406940831
2663,104.17034552718647
2664,106.45900758884126
2665,105.38213378955979
2666,102.72603042662021
2667,110.28678048498716
2668,104.24055511430788
2669,107.61899702676702
2670,108.04777564469279
2671,99.73166319720224
2672,107.01501006956042
2673,105.01081995745606
2674,104.1514421622993
2675,106.30954600623318
2676,108.38072313868038
2677,102.2917570380371
2678,103.20204765858448
2679,109.75925549134926
2680,105.19394866858092
2681,99.84409811658517
2682,104.66104798606048
2683,111.46337522081504
2684,103.62343682680266
2685,105.99163125352467
2686,104.96715534799569
2687,105.15830854875098
2688,106.94720595677902
2689,104.41935901674981
2690,103.86448125839043
2691,93.64799774810092
2692,97.22514356517625
2693,98.16262645839579
2694,109.4837541576095
2695,110.17769085411456
2696,104.73497439018578
2697,107.65283673202337
2698,108.43899207540323
2699,107.45227435676861
2700,110.58612644181134
2701,109.32574470512388
2702,103.55012406672671
2703,104.83107023229779
2704,106.05168089389763
2705,102.32071262826238
2706,106.89402362306124
2707,105.88925673206964
2708,98.63819443079204
2709,106.87495596292388
2710,103.08787584733626
2711,97.38928984588692
2712,99.45473689348302
2713,99.36567813719948
2714,112.44272663964294
2715,106.66462986528734
2716,106.24932985237272
2717,106.32554077229452
2718,105.21839300630019
2719,106.46325391912298
2720,107.1987152390667
2721,104.47062710218151
2722,101.65091313978947
2723,106.32654549310226
2724,109.3601244328678
2725,108.33019288381345
2726,110.95093258653822
2727,106.96881941651309
2728,109.7901633102386
2729,104.5728656074073
2730,103.2839559442831
2731,108.32938128680311
2732,106.81378437480353
2733,110.42142410301294
2734,101.16754960271633
2735,105.65394747555742
2736,103.05069477122495
2737,106.25487316178818
2738,107.26058561869645
2739,105.90472314719699
2740,111.974261182808
2741,106.0308893802235
2742,99.50418397203225
2743,101.63300156419065
2744,101.78944223645118
2745,106.48364876065068
2746,103.43730400858385
2747,109.15039161491089
2748,110.32975878258635
2749,107.86054586712999
2750,105.78780513432773
2751,102.23033501391755
2752,105.41878343990783
2753,106.25932598854013
2754,104.41548906463548
2755,105.45105524930054
2756,102.71491591232412
2757,99.02024413153444
2758,100.08845242818167
2759,101.23101999880124
2760,101.57499365026868
2761,101.92852158309823
2762,98.81342948766053
2763,106.97612394935268
2764,104.68458922555381
2765,106.5298360139062
2766,103.81559455104849
2767,106.22950700833138
2768,107.69141028188712
2769,104.68885515269
2770,106.99860635005486
2771,100.09621287952774
2772,107.7347895331036
2773,105.32576211317775
2774,102.75254710381164
2775,104.85822706509977
2776,103.4479982307033
2777,100.81327426145648
2778,96.89699568634418
2779,102.04234275343939
2780,103.76660590986434
2781,103.00150394106262
2782,103.64927155216262
2783,106.08907345657919
2784,103.16236926067221
2785,107.774518167726
2786,104.3292423061238
2787,106.86196211784834
2788,104.402030110736
2789,107.8174114405434
2790,111.73388376650448
2791,103.01352378768335
2792,106.32669049958051
2793,107.14186392750685
2794,104.7965799912091
2795,102.70747123533695
2796,100.47432746359102
2797,103.54553164591296
2798,102.89717649135244
2799,104.85616381301989
2800,108.74929162013345
2801,105.25547262786309
2802,103.85908757936606
2803,99.56336089325002
2804,100.97947552348332
2805,102.23913331483138
2806,100.20252863065691
2807,102.08077171067275
2808,101.23503730225336
2809,107.63962226324898
2810,101.31386024052922
2811,106.71842758458946
2812,103.82860439291349
2813,107.68697876152271
2814,98.86037825183878
2815,104.22597304648355
2816,106.04800554323062
2817,105.16746958360112
2818,106.78715976252137
2819,104.41489056960994
2820,103.4515043601069
2821,105.42092124401074
2822,105.92214459768914
2823,102.54536084627226
2824,108.22224475601381
2825,108.15318365568717
2826,102.03192744596991
2827,108.81333948124994
2828,102.15184209348257
2829,110.42363229765536
2830,104.93254265646902
2831,104.97377869167961
2832,103.81711138967
2833,106.40296074318016
2834,103.99600245380165
2835,105.53622355230263
2836,101.58764196709889
2837,99.64153214060256
2838,105.23292864416565
2839,106.60479515750386
2840,104.52980281574543
2841,103.59636229622723
2842,103.77092649211062
2843,98.431847824458
2844,107.73906694071205
2845,99.68475552492592
2846,107.81961316922553
2847,98.25142419003467
2848,99.81263345619563
2849,108.44883525974748
2850,107.67047138730908
2851,107.53336835064373
2852,104.07218883192517
2853,104.78235429282613
2854,106.58754940098595
2855,102.36522907047072
2856,108.39759645244345
2857,109.14820154852745
2858,105.74813727275145
2859,100.20834894833165
2860,107.8453759826027
2861,106.67043463720262
2862,103.39726563381682
2863,111.43461538181894
2864,107.76109796898191
2865,100.6933287244872
2866,100.94950564709154
2867,102.58192595617456
2868,98.50973854534243
2869,97.2146822815676
2870,97.59879344972059
2871,100.97551360015939
2872,98.93829829841833
2873,98.65813991478171
2874,107.37476848645798
2875,101.47163853002074
2876,106.17443678825695
2877,106.32396480592978
2878,101.61311367254238
2879,102.90397457433667
2880,100.6877791340136
2881,106.71647823837726
2882,104.05322145909439
2883,106.9523428577935
2884,98.67229722864577
2885,101.79409126011761
2886,100.11338009001089
2887,104.89416012768578
2888,104.50663238426635
2889,103.87728776600127
2890,100.45914813728936
2891,105.64126855608865
2892,101.5208241640433
2893,105.38335977160078
2894,96.2921498215289
2895,98.56497793042186
2896,103.51785227847068
2897,99.49211655816518
2898,99.93763193226549
2899,105.8532178446248
2900,110.16725862228209
2901,100.42108252564624
2902,97.59885640156328
2903,100.4860929287515
2904,104.05656339013713
2905,103.13532948676693
2906,102.29284072101768
2907,95.56289816244534
2908,98.38768665560495
2909,101.8665527141897
2910,96.60655389492261
2911,103.29889850984804
2912,101.90681593978202
2913,100.11907209014335
2914,103.05597471838628
2915,102.79356230621867
2916,98.97888981764575
2917,104.45525783255773
2918,99.24598039058162
2919,103.59776515842222
2920,96.97299707901296
2921,101.90681827069285
2922,101.05619430094417
2923,104.65757412554258
2924,98.61263577340725
2925,98.07328235146764
2926,101.70649397696138
2927,103.55600497446716
2928,106.09835161971792
2929,105.37910275116757
2930,101.5514401134596
2931,105.6235194172483
2932,105.67136381058135
2933,108.38331966954445
2934,106.14356530124371
2935,102.2979316107692
2936,98.97358284924215
2937,101.20534431910215
2938,98.99576353070607
2939,103.74834388278074
2940,105.5818046446279
2941,107.04714249795629
2942,104.71944251965881
2943,103.99471168052351
2944,103.96993532557259
2945,108.54988322188946
2946,100.41816344873392
2947,102.85519818790807
2948,105.15011045784838
2949,101.76638104444886
2950,104.10641092040206
2951,99.9490847972008
2952,99.21283157084
2953,102.58442267860605
2954,101.96230330011647
2955,101.83369413378428
2956,102.44478627658621
2957,104.24134018028948
2958,105.43309587955062
2959,97.75532849208875
2960,105.46706979855337
2961,101.13260490595835
2962,103.06540723164169
2963,105.8944990782687
2964,101.52318891076952
2965,103.10992772759687
2966,100.62507639764793
2967,103.35200116875654
2968,103.53394721591157
2969,105.22088984088344
2970,99.77759113989583
2971,101.24266293271172
2972,104.55948276572842
2973,101.2154875992734
2974,101.61485347558653
2975,101.1751953987651
2976,102.32379421596292
2977,99.011164355165
2978,95.27706821778635
2979,102.37309264438939
2980,97.71262423526974
2981,101.54052456390019
2982,99.21430617778171
2983,103.56627086344919
2984,106.77727652740535
2985,100.4423259866141
2986,99.47251976333143
2987,106.17393132919346
2988,108.04759275314116
2989,110.05788769224525
2990,103.74532136713312
2991,109.61240639553357
2992,105.66975768470773
2993,110.11341326800787
2994,104.34129178519002
2995,101.6586344266883
2996,105.06757556769172
2997,105.3579694638989
2998,104.53024655943632
2999,103.6596786640581
3000,104.34297068342337
