1,949.9101154070108
2,-2660.4869438550777
3,-2293.0638681769265
4,-20.53411135682097
5,-2018.20427535063
6,-1688.7238229828508
7,-1545.816729379535
8,-17.182053084320938
9,-22.296043900605696
10,-19.3793631325435
11,-28.130713258374907
12,-169.8015323759114
13,-12.344615483578206
14,-262.07259379588197
15,-37.58410733200864
16,-23.9227785814899
17,-251.11609144503456
18,-22.62045304379866
19,-1856.2265880011385
20,-40.66354370462355
21,-33.818693171727354
22,-70.42437909805685
23,-158.61896181401042
24,-1648.0653679926993
25,239.65538682509262
26,707.2641966736488
27,586.1838560658629
28,522.0959068820707
29,534.5891302088943
30,626.0448492222334
31,612.2491932111099
32,752.2553472883042
33,676.6084126899722
34,740.3987176221102
35,763.5334596633741
36,748.5897498020756
37,716.59715544431
38,742.500624001445
39,755.6551631367531
40,545.7439056892107
41,767.0068862274081
42,705.8560387339439
43,729.930184251211
44,747.0896102528525
45,799.7502474451079
46,767.475414609808
47,759.9301858036383
48,738.2448571301103
49,782.7515126940779
50,766.9641225785304
51,788.5248538254175
52,813.5570890444983
53,834.0659855494347
54,847.8934455787352
55,843.386673347426
56,842.2710785215966
57,808.987861559926
58,847.3826610186545
59,832.6436894480648
60,841.1641684983219
61,848.4056528292283
62,857.990960274456
63,833.527300149145
64,813.0774803565645
65,827.9290862918652
66,823.1072327227901
67,809.7260170191529
68,822.4853367248467
69,773.0865114120436
70,801.8133361038136
71,846.1676105813527
72,830.9587025569813
73,855.3222204011587
74,862.2833877573066
75,840.116893351603
76,808.4841472453921
77,770.9860105506058
78,827.0760602693659
79,839.3331729175666
80,855.0547798177146
81,868.5874135214946
82,862.6962369328762
83,858.8408487623124
84,856.3583669925257
85,863.3742714394514
86,869.0549584509903
87,266.98150585216734
88,870.8069338820387
89,872.1052232347176
90,840.5811282466811
91,891.8293509142767
92,876.8654741055925
93,871.3908731826247
94,781.419547201629
95,867.4984662211126
96,871.1461693178146
97,888.6148059295414
98,863.0779336829795
99,889.0669074431864
100,882.4490126982877
101,848.3901691493992
102,912.0389302089364
103,879.0531134768495
104,769.680773204197
105,841.3664657746425
106,830.783194498047
107,884.413720806468
108,850.763922148382
109,898.6106184304101
110,908.9497309668672
111,862.1951412958645
112,872.0211033521779
113,890.4812609949741
114,890.1324547674101
115,852.5058207177826
116,895.0677119446542
117,873.2714610208858
118,921.2914723811333
119,817.4060523185266
120,906.4375285577739
121,901.3580463267623
122,896.409194127366
123,939.0519018379157
124,870.8307083435292
125,902.1233358077986
126,928.343801797908
127,882.9755699412625
128,876.1448722324889
129,859.338708745784
130,863.9341239643677
131,876.1982757347822
132,662.5089096356695
133,927.3087611435781
134,926.6815008966122
135,925.4792432706984
136,930.8883030444465
137,925.8102924521473
138,921.0708471297822
139,912.7454858686673
140,941.9294375685124
141,916.918689172672
142,870.258668191962
143,906.4072718781681
144,984.2176387378263
145,907.741169196058
146,947.3442885229492
147,944.1840833015589
148,985.8328992846413
149,901.0693865611833
150,989.9743170369535
151,957.4879342801219
152,1005.7970504019535
153,999.22484029113
154,979.9237978219445
155,957.9727571123312
156,963.4430853970097
157,963.8635618202045
158,942.8057664514524
159,846.6347372444811
160,978.6912804290077
161,973.8845687925789
162,924.5563849713652
163,1008.6816959347767
164,1082.6912381998304
165,930.2311364384116
166,940.9813793183806
167,966.4340326901403
168,1029.3294094213888
169,967.3411185015264
170,869.7022145737134
171,840.1614095454222
172,971.1021008850641
173,1048.0290963841248
174,877.7175721345033
175,939.4397647979838
176,929.6972832559147
177,884.8306131992156
178,923.4074030428502
179,994.14948978164
180,926.7281859249822
181,883.1921291307289
182,966.5273754406448
183,1016.9884010610607
184,1082.8486458992234
185,986.4864765764244
186,1064.7727564830857
187,1095.173033285806
188,997.7928908392865
189,1020.4278702082707
190,1076.210624290737
191,1162.6516587040558
192,1078.4600915402784
193,1164.603252039401
194,1158.4644795554452
195,1117.7381023666778
196,1133.5919426158441
197,1104.1763488347685
198,1166.8008964339906
199,1089.8295637687306
200,1117.0662567744246
201,1122.8119788689419
202,1065.4662684503085
203,1096.5151117410576
204,1113.6642364819277
205,1202.9020718371492
206,1027.1883666825038
207,1099.1430853016784
208,1107.2762205955823
209,1098.49627127648
210,1115.4506780672714
211,1214.7199994356306
212,1141.2923381938567
213,1195.6593063621247
214,1113.5779697462035
215,1178.301146096382
216,1249.3324620650612
217,1313.6762427435567
218,1255.5386316549007
219,1177.5420983745307
220,1146.049447725389
221,1245.968225490375
222,1277.5816502024252
223,1270.5684049761053
224,1158.0622626051056
225,1185.0125222259194
226,1278.651661160277
227,1180.0134752849947
228,1215.0654448039056
229,1179.1175639586486
230,1239.843641167512
231,1198.4289869798108
232,1189.5586627684495
233,1201.4573463821184
234,1182.0221146387576
235,1182.203689663029
236,1234.6794419989462
237,-111.41008034041408
238,1088.405797451101
239,90.58756067668398
240,1139.72850011884
241,1242.8071900870316
242,1285.6709262270424
243,1253.3070490170987
244,521.4794710681201
245,1387.5289137602679
246,1248.6167255095954
247,1249.0790249966947
248,1319.8788580066882
249,1343.2738706899456
250,1366.2790306715603
251,1320.2919420094213
252,1328.147193054657
253,1308.619091145554
254,1289.581518290113
255,1392.0792531339964
256,712.826687218542
257,1333.1085168998159
258,1333.8250515682867
259,1361.6594479503738
260,1373.2267897359327
261,1417.5680180751292
262,939.3518004832343
263,1277.562526235082
264,1413.6648727262632
265,1363.7901446109413
266,1423.198579614238
267,1356.2754657594328
268,1391.9124035470018
269,1377.2338573903164
270,1243.6657933467466
271,1348.7028969101373
272,1432.1401243198459
273,1406.1020316819606
274,1378.9316016779867
275,1434.451061453409
276,1360.1632849306113
277,1422.9046714463336
278,1409.4289511455568
279,1487.6289294266276
280,1427.2666296193368
281,1527.3722073397334
282,1432.2838875069751
283,-880.7837786642476
284,1441.2521661822875
285,1506.2514099556283
286,1415.5102333136458
287,1425.5341588548401
288,1409.3323915211965
289,1469.286173850918
290,1421.4756949462355
291,1342.3073124778307
292,831.224595931464
293,1330.9896791638826
294,1328.5066635741773
295,591.6358702496958
296,147.78122685906007
297,1489.537325997215
298,458.72277018119564
299,-0.944104995704093
300,1575.7020154729712
301,1550.461044679448
302,1483.3038887911785
303,1560.1261039163046
304,1463.02284850202
305,1460.6555103066821
306,1449.6280197097458
307,1488.1437929752385
308,1506.4806125568077
309,1552.4679951693506
310,1538.573433854936
311,1405.0662815942815
312,1462.6480534042644
313,1516.6183084640697
314,1333.088038594557
315,1489.3046340004635
316,1518.918366038704
317,1485.3221502294566
318,1527.8435715420915
319,1514.476817892551
320,372.09156911275284
321,1429.140933695425
322,1462.9578085336245
323,1466.167455242752
324,1616.4922340104833
325,1541.3190990343771
326,361.2413334836034
327,1417.1863048606813
328,1579.6800032763074
329,1502.9353152591343
330,1547.4583202159822
331,1513.6656737073042
332,1129.8211915700517
333,1577.4906112053636
334,1610.079746178024
335,1543.6475926636695
336,1532.1736117614873
337,1585.8904437235594
338,1549.7018046190021
339,1566.1805943493068
340,1515.265993876179
341,1531.7068582729182
342,1588.7873343636415
343,1518.375592353356
344,-11.522330034057946
345,1618.1360796695749
346,1548.8962444597116
347,1623.972251172616
348,-956.3741579715427
349,1462.3851348248159
350,-603.8985992652193
351,1596.0280579914875
352,1493.9713905455287
353,1579.3449298583228
354,61.5650859862008
355,1601.7668997912745
356,1622.5024291333114
357,1561.3405233240237
358,1638.458765613236
359,1666.102432507156
360,1629.8782267108795
361,1710.4001371371587
362,1701.6772591121835
363,1606.785557545811
364,1720.2210827855458
365,295.6705957737498
366,1680.376048409045
367,1681.3367070797024
368,1683.7695625988097
369,1644.5858870022744
370,1609.6874183566808
371,1583.5922127223794
372,231.40125037519732
373,1607.7970037639477
374,1733.6072166722568
375,1673.6712304905989
376,1610.4728960727703
377,1669.1139125843845
378,1632.3909338003061
379,1725.4199201689933
380,1656.6152798357214
381,1607.6717643863517
382,1790.9981676747266
383,1680.9864155345651
384,1723.9341334856242
385,1741.8163225835349
386,1737.126904794229
387,1717.2188277427827
388,1636.098584652343
389,-808.1442903690438
390,1736.2206326481062
391,1536.9652122115938
392,1749.8598184104374
393,1747.7852697800672
394,1756.2859149662695
395,570.5294146716386
396,1691.5755864485661
397,1791.794824271117
398,1718.742600013592
399,1719.3203695021998
400,1574.1350192456428
401,1749.9049396436103
402,1776.3012119160005
403,1801.44401270769
404,1701.1881275334833
405,1746.7464791243287
406,1196.9255070601337
407,1701.1690445131528
408,1687.3319637058582
409,1716.1069087798478
410,1759.9873679966468
411,1822.1436652493232
412,1722.40932724232
413,1729.034741984611
414,1736.754502218367
415,1785.4664627572731
416,430.9664556239307
417,1749.423522936969
418,1798.8541075782455
419,1660.2649852336692
420,1708.6029844381333
421,1764.1221828567063
422,1680.0878897033508
423,1670.2339356766827
424,1760.7492700726289
425,1687.246186779133
426,1777.158557579163
427,1768.022552037398
428,1694.6555779139776
429,1731.600872610288
430,1245.4969902715065
431,605.7693336738479
432,16.493527824252993
433,1752.9710375564775
434,1761.2889327614066
435,1773.5735540734377
436,1700.2008100517735
437,1737.2432391751056
438,1682.9768057422218
439,1721.5923445961307
440,1654.252148082375
441,1716.6276052245546
442,1796.3997083082734
443,1749.9333630672188
444,627.8274520307098
445,1664.1905778137543
446,1596.9367198499092
447,1772.3688579051825
448,1856.4114260419333
449,1686.5645180363795
450,1832.0581697589816
451,1699.4072229474364
452,1789.5673848820838
453,1785.4967184940344
454,1648.3444367571703
455,-270.70659439606845
456,1628.9601229910252
457,1754.68421837686
458,1834.034082121427
459,1757.3652545846883
460,1767.0234593735045
461,844.8960225102877
462,1724.924793956965
463,675.6633329818628
464,1667.806274138366
465,1669.7430715102942
466,1807.5875641559671
467,1768.3201373959264
468,1827.8986614595967
469,1747.6349587377997
470,1723.814305537007
471,696.7323621779296
472,1815.6120642520716
473,1849.387237628242
474,1810.6762946287022
475,1862.2410097569891
476,1735.385095909033
477,1806.5988047609926
478,1746.1952576498913
479,1825.855508563537
480,1761.919479609247
481,1835.85333119601
482,1781.7908772695591
483,1702.664959463643
484,1820.5954368983769
485,1814.4763575898733
486,351.72888740276835
487,89.22141864070582
488,1895.209865111136
489,1799.059431252421
490,1697.2063211239986
491,1810.4084299555625
492,1849.0022101798693
493,1832.920144168654
494,1817.293904767768
495,1822.8384504562082
496,1831.6876446798135
497,1950.5747258011777
498,1836.1713205493688
499,1907.762522350738
500,1819.6753542102506
501,1840.88789793054
502,1887.4478169611666
503,1918.4651346489165
504,1891.9593228515762
505,1882.315623191944
506,1835.2391767237805
507,1757.3394139370957
508,1834.3127161824614
509,1714.0258575778678
510,1807.9844649333347
511,1815.374374677346
512,1935.5770316976912
513,1778.3026764776796
514,1855.1761362410114
515,1907.2174307765415
516,1904.2408652210795
517,1940.4318205455165
518,1918.960476136194
519,1895.163505934128
520,1981.7835378620266
521,1964.3881838276425
522,1858.741247746014
523,1928.927692342272
524,1869.8614345437993
525,2010.3092591652478
526,1806.1448027419392
527,1948.9553580527477
528,1944.0682051550216
529,1854.9945839630789
530,1894.9229038433502
531,1828.1047560943741
532,1970.3716617791256
533,1927.63240878375
534,1738.0831127346291
535,930.0579182030411
536,1970.6955370918029
537,1381.1390717965378
538,-954.2510494332097
539,981.2135933433024
540,352.2787014007379
541,1206.7769831426072
542,1975.391848218779
543,1941.2445715684944
544,2037.5710949882714
545,1819.1582248964564
546,1990.9515473895483
547,2065.8279685253897
548,1965.029257025486
549,2010.2178464761676
550,2041.3460529253284
551,1952.284540961452
552,-1448.0535474129877
553,1992.6256199742002
554,1938.4067718224876
555,1962.527162849515
556,911.2821133546174
557,235.01118008268327
558,1144.734571498398
559,-27.412449668249245
560,2010.1906308015684
561,1915.5880920815139
562,959.5739175335078
563,1984.521721921121
564,2017.7998328377478
565,312.59211913314857
566,-385.8662638274151
567,1974.1505801991493
568,1556.9167252604157
569,2050.32789422732
570,1995.2778287964247
571,49.14853441741685
572,2053.6454531644067
573,313.5448720379289
574,2053.458923880375
575,1954.1431189264713
576,1533.2688453915991
577,1984.9979374117843
578,2082.7436814034254
579,2045.4418627122461
580,1812.3197123888128
581,805.3748455576876
582,1850.1929917072118
583,2025.0939314524005
584,1963.6555568837189
585,1937.475533177442
586,2080.9729767245854
587,-243.99099247321215
588,1986.6137999990826
589,2056.9935014995804
590,1174.6338648042674
591,1956.1751974561546
592,2011.5428057348201
593,1451.3001455147573
594,1949.6295250054864
595,854.8028299875764
596,1863.2635763606388
597,1929.307261496301
598,2007.887705635991
599,1898.917644472814
600,1910.5056905979784
601,2103.894544813314
602,1935.8980755305586
603,2030.0249834976846
604,1976.6936510431672
605,1907.2235110072959
606,2058.4015623787336
607,1961.4164532838518
608,2024.9352512885384
609,2059.2207415290845
610,2005.791946184142
611,1834.4145359300458
612,1955.7059584186163
613,2055.8298145206827
614,343.9278704221938
615,2052.6519955197805
616,1993.397028319472
617,2038.853764533415
618,2050.1393603329707
619,2021.5913927732222
620,2026.3670574794094
621,2094.330822375791
622,-656.689679713096
623,1973.8834776082147
624,-77.57056593634549
625,1458.9416721733949
626,1234.2885421574745
627,74.59104881210554
628,2023.713567760508
629,1046.3426874608583
630,1971.1031097603748
631,1523.7538732718667
632,2052.606901958456
633,2093.3426860468876
634,2033.6918363235116
635,2112.321652107669
636,1735.1028632000457
637,1954.9599147607755
638,2086.506045364457
639,1794.3637926985618
640,1978.3867885767054
641,1993.7751213402332
642,1974.7973895465423
643,2031.2582967436697
644,1980.4682675061358
645,1921.1183605841318
646,2095.225176271227
647,2098.283532301197
648,-818.3538787255366
649,2078.107191881146
650,1977.8695797930748
651,2002.4023018130065
652,2127.160786711539
653,2018.2702172623005
654,2135.838159905927
655,2064.5488095019973
656,2061.2325505803315
657,119.36395420741708
658,1998.5433882738448
659,2075.636347951696
660,1957.1165146421888
661,1909.4602416711978
662,2041.2931982133337
663,2021.0879566362134
664,1965.261332276452
665,-1250.1063524058436
666,2110.037321857484
667,2143.9450052375246
668,2001.9067862978204
669,2062.2303349607514
670,2059.2786646501536
671,2038.5776141232666
672,2153.12663724756
673,2193.054657613387
674,1992.4840892920533
675,2102.431783378607
676,2054.994175616395
677,2003.9801471648893
678,2083.823060665971
679,2013.1589673544877
680,1971.3771222515056
681,1979.6575372092198
682,2119.5315838850834
683,1990.4786773316594
684,1934.8188707361912
685,1980.574732979204
686,2003.7797446487325
687,2020.2964230273321
688,1990.0071259480253
689,2159.2419112365974
690,2048.350904857619
691,366.77065643169664
692,2077.4827365792644
693,2021.101660239509
694,2120.626593729441
695,2135.367539506807
696,2064.4974402722287
697,2107.1068381172768
698,2172.2532490295075
699,2052.943235698752
700,2057.076556764132
701,2283.390472245317
702,2169.882514298271
703,2205.9417304589533
704,2020.0263907942515
705,2093.9525347351364
706,2065.1260160498027
707,2098.8233246567925
708,2136.3800608182614
709,2154.032012324943
710,2191.63085227558
711,1896.6637199041456
712,2133.325788599437
713,2184.2897784502156
714,2069.5451748829187
715,2218.7662971499285
716,2191.687850270691
717,2115.9559843995694
718,1075.364570397143
719,2093.810238512146
720,2223.4228383296686
721,2071.10618494543
722,963.0957550905936
723,2064.8142272094
724,2101.7476181427655
725,1346.6847838430656
726,2157.7277194526205
727,2218.0641080059368
728,2115.752650551403
729,2168.5938904345926
730,2203.337392417828
731,2184.8597157866075
732,2222.448403858656
733,2180.617567946599
734,2133.0549258877722
735,2107.269835329097
736,2117.2738647448577
737,2110.451872274864
738,1996.4400314297898
739,2183.511739281096
740,2204.8503068348455
741,2295.986815081443
742,2149.9142234531564
743,2159.5017748382684
744,2116.4665501596396
745,2144.631279568667
746,2321.858980733375
747,2110.765381583029
748,2045.8245495297087
749,118.17529138189383
750,2341.3135344968377
751,2189.8557732845757
752,2124.76415506474
753,2333.6204905993463
754,2271.5133083753685
755,2255.078283317067
756,2164.6844898559984
757,2228.013617776869
758,2187.965447448412
759,299.91412683251787
760,2048.7689030520723
761,1075.5541641015045
762,110.76015365051686
763,2210.115688783527
764,2221.993458904227
765,2275.3710182514037
766,-350.6356760730345
767,-956.0682512208112
768,2242.397633226613
769,2267.6053261261923
770,2016.373623861087
771,2256.163796389248
772,-596.4902840425689
773,2148.948242954811
774,2272.845753087472
775,877.7313059713024
776,2253.346869647915
777,1478.015471970043
778,2206.9591013111053
779,2135.323920673907
780,2349.7609191335614
781,2206.44135250285
782,2265.9073048391997
783,2253.2511487104684
784,2299.300378568769
785,2189.1547526792947
786,1849.695015283741
787,2233.482288424529
788,2221.644875444687
789,2217.1320000345568
790,2315.7190575237314
791,2088.7268735018324
792,2188.6326243387493
793,2222.094702131644
794,2249.407809405986
795,2281.659262843333
796,2144.839687614943
797,2217.311462599918
798,2164.594893265219
799,2134.615847306736
800,2318.4523382838315
801,2336.3462249542335
802,2346.6713616569873
803,2171.339614784939
804,2213.978641857014
805,2183.1375700522426
806,2245.900770670928
807,2171.5070255215337
808,2311.8664838299164
809,2008.8799401600552
810,2271.6728146905825
811,1101.469797638248
812,2167.7262995137094
813,2283.4714829439495
814,2254.9708558329335
815,2202.8133235786127
816,2163.7421790816743
817,2309.7474680646023
818,2349.5447103962697
819,2324.762049459472
820,2197.6802894108787
821,2273.9510118171675
822,1478.7821278925958
823,2328.9602028191807
824,2206.85220584978
825,2337.93308305049
826,2232.725623524923
827,2305.5464313471166
828,2208.0563437188694
829,2312.0646236150897
830,2336.202005880644
831,2201.5136368564404
832,-584.5438216887613
833,2305.0721790116645
834,2233.085001440644
835,2204.8115545067785
836,453.45460844312794
837,2209.835081556457
838,2385.4578587152437
839,2254.5011729419357
840,2419.0818334886503
841,2321.9320783819176
842,2188.670857340902
843,2235.67057564568
844,2294.895642461758
845,2268.8184338325173
846,2263.0926136143
847,2279.881165553287
848,2322.859670856613
849,2312.8469343663287
850,2124.125936217042
851,2293.4893525921884
852,2293.370204200881
853,2207.7868772985803
854,2350.6294629499293
855,2152.878358679056
856,2230.2048803263283
857,2157.894718019696
858,2356.5361914068963
859,2272.1663646364354
860,2374.2180176911115
861,2353.6997585090025
862,2366.8692500907528
863,2420.4815036499763
864,2354.1681354098246
865,2216.9687598773603
866,2378.4798994612374
867,2223.9750122972287
868,2256.62036100148
869,2365.984556161369
870,2269.5892869057193
871,137.76582697021948
872,2166.5995903612584
873,2338.383784752274
874,2226.9165747153424
875,2258.6140450339813
876,2325.913787333009
877,2274.361984467033
878,1971.9782794919277
879,2219.5334272734285
880,1068.7365305177234
881,2361.363484316882
882,2231.6313525495807
883,2356.1783863552278
884,2441.598282286103
885,2308.6564716221715
886,-78.09213518318947
887,2245.1496294754097
888,2280.2102608477553
889,2240.816580378514
890,2263.9504814889924
891,2327.4219906932863
892,2408.644862810643
893,2368.2626088100737
894,2422.0743664554047
895,2494.4794873533183
896,2316.2234714437245
897,2404.402507149354
898,2389.368042188126
899,2400.463791675471
900,2377.2435523456948
901,2287.767521493355
902,2406.5776714566978
903,49.13848983683202
904,2292.9451466371215
905,2349.4780781405307
906,2477.3926396888846
907,2456.914149108194
908,2071.062388693925
909,2499.6354462867253
910,2413.0054214364504
911,2267.2083856466256
912,2331.361759275001
913,2372.3498687147207
914,2301.8842115001607
915,2350.336555994381
916,2322.6568405763105
917,2341.5278253557058
918,2400.354971171677
919,2430.5224957665364
920,2315.0180704954637
921,2434.966710555112
922,2417.030635631296
923,2391.7508428720184
924,2415.9424178575464
925,1090.4260988906165
926,2341.3463165369176
927,2432.693210756768
928,2417.643487549761
929,2271.581096683097
930,2293.358728393438
931,2382.4069493759757
932,2372.6856543865542
933,2408.8111337882583
934,2369.2439725164
935,2280.043767933312
936,2444.0000468886465
937,2258.7532196891816
938,2409.734144687526
939,1718.396197354474
940,2359.6235744382816
941,2396.0900894910906
942,2199.4635013201846
943,2270.6696091335643
944,2315.7812186933693
945,2293.196269571994
946,2369.7423391385823
947,2378.2442196202473
948,2371.5281550718655
949,2416.3321858596146
950,2377.2131977199588
951,2389.8470828406125
952,2372.9603806472337
953,2459.8097293404276
954,2295.178892338692
955,2413.7052077839626
956,2483.8758992559333
957,2271.7726029882133
958,2395.5373328910746
959,205.5622901079914
960,2369.8164926213685
961,2363.5932658222873
962,2406.08004320885
963,2372.047402997673
964,2432.2081125328573
965,2329.417326303424
966,2403.295557486347
967,2244.083533825552
968,2273.097625952292
969,2357.2123451429707
970,2405.381064404385
971,2506.164566685928
972,2452.709749646635
973,2306.878621195366
974,2446.876252868738
975,2356.2757764252447
976,2427.692697769368
977,2255.9678431904563
978,2519.009659563835
979,2427.62500916848
980,2395.231970130014
981,2354.8397488752275
982,2377.614474082042
983,2407.5533629849815
984,528.2976549697
985,2505.0768497034983
986,2430.6134576807895
987,2373.2921291035664
988,2485.2783242845812
989,212.47017825926906
990,2428.1451445356797
991,2407.922242634448
992,2453.1473766267623
993,2385.8413171201255
994,2326.128298131102
995,2006.1705261378404
996,2456.418850757731
997,2397.9126032927697
998,2381.718541635636
999,2286.072182604186
1000,127.17459224702289
1001,2454.342270925162
1002,2240.799180920105
1003,2454.025467140317
1004,2404.81408337638
1005,2516.463125573576
1006,1678.8355067450443
1007,2528.4344705937165
1008,1957.5945257092797
1009,2467.1381875629413
1010,2487.3737014823505
1011,2443.088790664377
1012,2446.975589714516
1013,2477.101056286534
1014,2432.470734371632
1015,2505.083955721203
1016,2415.5080697218036
1017,2468.6768243206675
1018,2424.95057974245
1019,2626.296197783553
1020,2437.1691007307218
1021,2480.1256527818873
1022,2469.442084430124
1023,2466.2985095692948
1024,2530.641568288958
1025,-441.8385011546852
1026,2496.8906047459527
1027,2342.3863160324
1028,2445.133902295703
1029,2422.229083509891
1030,2536.8434965934625
1031,2495.593493520005
1032,2390.7753142759507
1033,2521.582388978003
1034,2457.9456444863695
1035,2526.2085117389656
1036,2377.8358910413544
1037,2386.1198188484427
1038,2404.6668979938268
1039,2430.3952280882295
1040,2569.7529457262413
1041,2371.2039898874914
1042,2585.4199092917115
1043,2424.3726502233617
1044,2535.966234044358
1045,832.1056166226596
1046,2497.87109556094
1047,2453.556339944855
1048,-267.6538305362005
1049,2421.392986026126
1050,800.8913460138394
1051,2495.5757824437205
1052,2532.164075912609
1053,2448.660598277308
1054,2526.6526125727187
1055,2444.3646116185664
1056,2493.8563185930716
1057,2453.6352080176516
1058,2386.8391488940574
1059,2459.4714026780343
1060,2451.51006852081
1061,2273.887664601258
1062,2567.984889799914
1063,2515.235353329156
1064,2525.0856279747145
1065,2565.447022559348
1066,2520.788283646579
1067,2428.8410938755433
1068,1807.237488062433
1069,2553.463840991334
1070,2361.389897186201
1071,2521.4670291889306
1072,2488.8343638535775
1073,2469.001555969068
1074,2479.30359272445
1075,2480.361923001792
1076,2470.361559921647
1077,2564.200484478493
1078,2405.1822548206783
1079,2453.83717215984
1080,2522.1947778710173
1081,2531.4728533604048
1082,899.3284926048691
1083,2502.0631119920777
1084,2516.5310544877275
1085,2561.209148517477
1086,2442.090882338993
1087,2546.5415147979134
1088,2282.882195566489
1089,2447.0315589394
1090,2580.955994090955
1091,2604.3424301768614
1092,2555.325604181578
1093,152.2326328666233
1094,2487.2570766639924
1095,2494.9269413567695
1096,2602.3495424335547
1097,2619.2970743158467
1098,2656.9848935315654
1099,2487.831686741422
1100,2555.9539376388448
1101,2511.9132384472246
1102,2321.143481871668
1103,2560.3632592463523
1104,2479.242149242505
1105,2501.2208336560175
1106,2574.752830916072
1107,384.07644680539386
1108,2609.7010476399146
1109,2540.6753335119647
1110,427.7808447616022
1111,2477.851280653379
1112,2494.770696012481
1113,2511.9338827981555
1114,2431.3344158823293
1115,2555.9783248312565
1116,2415.8455332013027
1117,2481.468780104256
1118,2505.9768334299047
1119,2553.5282391281944
1120,2546.241238349281
1121,2532.476966706723
1122,2618.8275159608543
1123,2395.4942728973497
1124,2521.1870340960913
1125,2485.081574197801
1126,2443.589670049955
1127,2576.1592164535314
1128,2442.686811186745
1129,2454.194934975227
1130,2523.423777648836
1131,2583.66067311447
1132,2326.325828671526
1133,2428.142891050859
1134,2453.57837402947
1135,2521.1463819037663
1136,2531.336839842186
1137,2468.285609487214
1138,2552.297087595862
1139,2508.455789017021
1140,2468.244464878498
1141,2466.2266676430327
1142,2313.978775881847
1143,2622.7725986010146
1144,2513.8742427953475
1145,2478.673804572022
1146,2569.6981999094282
1147,2568.9062755305426
1148,2486.2674731631423
1149,2615.5497373311673
1150,2471.8935168208072
1151,2571.743441997588
1152,1839.0389013925183
1153,2534.723459752924
1154,2527.9732432441615
1155,2478.6047098932195
1156,2556.389853850418
1157,2517.4062270054824
1158,2551.4435447821047
1159,2423.385351580932
1160,2360.072082675181
1161,2531.6143261904467
1162,2465.4181579620154
1163,495.1580581343331
1164,2502.799952407903
1165,2598.4232483209503
1166,2416.478907182679
1167,2556.2011227792054
1168,-987.7556488681038
1169,2454.099136874609
1170,2566.47891905018
1171,2491.6662594854965
1172,2407.593162542291
1173,2621.3690271353457
1174,2393.8874880471694
1175,2601.257623565701
1176,210.1769950609039
1177,2538.051633881815
1178,2483.3719747112723
1179,2488.6735199827344
1180,2492.2694859853855
1181,502.242467541441
1182,2541.9145883559754
1183,2587.1272271706207
1184,2483.2029192311957
1185,2376.717486678888
1186,2591.6860110118473
1187,2710.299688905934
1188,2691.548728900061
1189,2536.9918884064105
1190,2452.4108005373027
1191,1302.2805651322217
1192,2503.942308933442
1193,2556.6125546744315
1194,2584.0210913642054
1195,2658.17076316055
1196,2643.325750719463
1197,37.59198275415802
1198,2466.6333876003005
1199,2459.579642964783
1200,2533.093648884822
1201,2568.3243431881583
1202,2091.948603758645
1203,2564.5801461477913
1204,2608.525339669214
1205,2550.8501735982595
1206,2728.3365214912037
1207,2544.061608159017
1208,2607.784475244775
1209,2590.803270932172
1210,2547.1401282496245
1211,591.9540847728875
1212,2562.6341282723233
1213,2380.6409834141546
1214,2075.782717559924
1215,2575.141767108195
1216,2521.640289673393
1217,2652.2940232673654
1218,2608.3711182672128
1219,2610.4089100599494
1220,2630.512299929186
1221,2538.739530390489
1222,2466.379427178667
1223,2581.470186049452
1224,2592.8909759827125
1225,2541.581358989192
1226,2518.005118721729
1227,2577.818211369845
1228,2600.9210418287066
1229,2603.26525794721
1230,2541.943135593815
1231,2579.4606998627532
1232,2539.3349374286227
1233,2494.9755221611463
1234,2523.8629062229875
1235,2533.3575550410524
1236,2365.3128805391293
1237,2545.4113198865416
1238,2529.256354833037
1239,2577.4892730411193
1240,2527.1545583842103
1241,2538.6478943558755
1242,2587.2734362031238
1243,2653.9560894417614
1244,2592.100422210664
1245,2630.6760371547257
1246,2548.7762309734735
1247,2473.8133213509723
1248,2600.505389813947
1249,2566.130792774459
1250,2625.308425606008
1251,2388.6010853219163
1252,2588.9650548425625
1253,2574.5779971381166
1254,2681.3604092585824
1255,2592.312173496826
1256,2569.3247570053404
1257,2370.973616557228
1258,2514.7229035012883
1259,2708.0633834833843
1260,1039.9997324869457
1261,2482.2763637940557
1262,2501.6070801071687
1263,2499.135143310938
1264,2495.5426324787227
1265,2614.862389039582
1266,2558.4810245265085
1267,2470.247692035522
1268,1900.664058468228
1269,683.6035437082755
1270,2382.9474563836147
1271,1068.8982571783956
1272,2601.197753693488
1273,2705.649786587185
1274,2165.52248130592
1275,2397.5401186439444
1276,2606.1214047696276
1277,1444.208930571805
1278,2632.044486059542
1279,2670.606351078706
1280,2556.5590978690375
1281,2619.6832946785025
1282,2619.106171066469
1283,2670.5383006546826
1284,2555.818344103994
1285,2701.6126561512838
1286,-193.106212301935
1287,2516.0942498465424
1288,2756.849742886589
1289,2618.374554381477
1290,2577.101221445216
1291,2650.0841798276642
1292,2654.94847971429
1293,2664.769204195866
1294,2537.3231895723707
1295,2592.279218573612
1296,2745.9405565042844
1297,539.2083189653296
1298,2569.7378725445387
1299,2563.8168453167955
1300,2599.7505656669746
1301,2609.0700127909
1302,2526.8068343310747
1303,2532.011979181587
1304,473.62016519226984
1305,2559.2381098717888
1306,2679.306483431977
1307,2574.593197662766
1308,2414.6906612124644
1309,2617.7933429422937
1310,2584.2465454919893
1311,2545.702905081799
1312,2679.493144979541
1313,2630.8635445158466
1314,2694.0405479656706
1315,2584.518263741336
1316,2524.7892602573284
1317,2660.308273486822
1318,2590.402512316505
1319,2529.632290933895
1320,2655.1349518314632
1321,-326.52562350447687
1322,2693.6554580071493
1323,2828.779399503866
1324,2671.3653744874227
1325,2686.3211624068495
1326,-566.1359340786971
1327,2666.8732407397615
1328,2565.851665072911
1329,2566.8598504363226
1330,2585.2970275599296
1331,2556.7580865837363
1332,2590.7873682015415
1333,2594.295662619014
1334,2633.9656822605507
1335,2654.5298767803265
1336,2704.709390404463
1337,2624.8111189590577
1338,2545.29790611117
1339,2730.910590636111
1340,2611.783714996504
1341,2697.4845409178793
1342,2682.7891750987346
1343,2583.7587305146412
1344,2683.955708637201
1345,2717.3861876247047
1346,2710.89034660376
1347,2424.138033403282
1348,2679.7400051276086
1349,2640.0285544702233
1350,2657.9793994418656
1351,2638.40722343689
1352,2608.690990948851
1353,2741.7518345293656
1354,2638.493542516506
1355,2655.6061140750126
1356,2591.6015827581878
1357,2616.361498010292
1358,1835.096660816118
1359,2662.4227377254842
1360,2603.9504647020476
1361,2648.969468658825
1362,2539.944577812087
1363,2728.9353110055235
1364,2597.6030467601
1365,2699.1136427720503
1366,2791.101672759398
1367,2755.4074464787086
1368,2627.802544083467
1369,2660.8323295100854
1370,2806.7110607822365
1371,2554.7544744270326
1372,2481.924141184299
1373,2637.508340080263
1374,2442.227169421436
1375,2714.8570820024443
1376,2684.565673872527
1377,2599.2423718150158
1378,2632.246174893895
1379,2645.9077893677522
1380,2607.7148117878737
1381,2640.8332705307394
1382,2627.414560951143
1383,2565.6468919573194
1384,2686.200976050269
1385,2543.983348633381
1386,2721.9304005686467
1387,2556.810983584534
1388,2554.95116081925
1389,2585.4559143395327
1390,2551.5402419264024
1391,2583.020890910025
1392,2479.5683653218507
1393,2698.180794681945
1394,2606.843167807901
1395,2584.492739443139
1396,2566.45709026085
1397,2728.9889822666846
1398,1065.9082686045106
1399,2722.423086754488
1400,2688.6455825356197
1401,2722.7214694860136
1402,2734.2045095102517
1403,2765.5435418575853
1404,2612.5326091668967
1405,1570.1882813865711
1406,2646.0198327455155
1407,2656.8927105472912
1408,2658.6463722329236
1409,2656.953832929794
1410,2622.8103559124734
1411,2676.87344067415
1412,2722.180315163362
1413,2799.7006602178576
1414,2689.126767118603
1415,2644.742127452783
1416,2837.746469368896
1417,2715.736456848214
1418,2688.137954225355
1419,2718.6796513941945
1420,1359.259826661635
1421,1170.8093109965785
1422,2672.34326526478
1423,2725.8313100682826
1424,2709.1031709051294
1425,2668.182427307583
1426,2703.4014462717487
1427,2679.1840825380905
1428,2648.0513510710975
1429,2680.418111345247
1430,2650.6450525261216
1431,2539.735788578345
1432,2635.8685643934346
1433,2729.038622248318
1434,2665.557243963098
1435,2795.4312961833334
1436,2323.4384940539176
1437,2800.6999001047916
1438,2594.750033917672
1439,2652.6446131597927
1440,2696.8033716013333
1441,2582.34848880552
1442,2674.331714159552
1443,2636.0716055697735
1444,2601.540095037967
1445,2639.4261780678166
1446,2569.1922473773484
1447,2635.694052582398
1448,2682.8809292184724
1449,2692.706412734505
1450,2822.444535755991
1451,2734.4653509907125
1452,2744.29647443901
1453,2563.6120055244787
1454,2722.2809634620216
1455,2731.41621893895
1456,2673.588742239912
1457,2677.6110945190326
1458,2623.196447477199
1459,2690.8446808410395
1460,2732.7548597305004
1461,2698.580262885494
1462,2727.582104578228
1463,2758.7220449953315
1464,2676.3601025685957
1465,2753.875600332414
1466,2695.9106969696127
1467,2703.1230884989463
1468,2655.2590141944193
1469,2752.063546124992
1470,2759.587414365622
1471,2726.0492255839945
1472,2623.1991605845624
1473,2730.622382433147
1474,2696.594761239038
1475,2492.219578735597
1476,2746.7736904062613
1477,2487.081446482425
1478,2626.7801413299912
1479,2568.6176284105395
1480,2612.0090929386415
1481,2706.240636782879
1482,2749.8184096800296
1483,835.4553893934584
1484,2703.1930018887083
1485,2617.720942376381
1486,2624.3125153231067
1487,2710.0901557216616
1488,2680.9415373717707
1489,2694.7682155205466
1490,1784.1766841724416
1491,2738.1068559109963
1492,2676.2559058784
1493,2704.1378420760125
1494,2658.276322471154
1495,2718.857638142049
1496,2716.0286630242495
1497,2699.6021724422476
1498,2775.6170834823365
1499,2650.628312713703
1500,2494.5108181666396
1501,2174.534440760111
1502,2666.809685119687
1503,2583.6520495169907
1504,2690.516572047751
1505,2749.3648255719277
1506,2640.544679958557
1507,2714.031529303634
1508,2667.7901351012288
1509,2454.2498535094173
1510,2649.7379921772176
1511,2754.5623769086906
1512,2795.8388749500464
1513,2765.6327264356596
1514,2859.44845701855
1515,2699.426243258125
1516,2482.1257030797383
1517,2711.7361534564134
1518,2728.577127422635
1519,2804.745453233461
1520,2707.272938353089
1521,2700.3886756843767
1522,2601.2549129371
1523,2746.3796969371833
1524,1868.7822267764652
1525,2665.6450624275676
1526,2739.5760755745237
1527,2678.969263744103
1528,2623.284604754754
1529,2707.334405500615
1530,2585.0849284901446
1531,2701.6187870290514
1532,2716.035298423671
1533,2735.372512650619
1534,2651.7159367542563
1535,2651.605395790873
1536,2725.780861821272
1537,2699.0093973031653
1538,2605.171895363255
1539,2639.705596444485
1540,2699.976605539152
1541,2639.7747723067155
1542,2692.7066434595235
1543,2816.0665711477077
1544,1145.7174507474288
1545,2752.3593116732377
1546,2686.468803661048
1547,2827.3514857542636
1548,2721.8587605373446
1549,2551.997244140065
1550,2575.2041759064373
1551,2691.980795558885
1552,2786.83974507144
1553,2654.636495495218
1554,2702.482474278195
1555,2755.763272032461
1556,2727.56071072335
1557,2632.92320741939
1558,2870.038373263812
1559,2684.9680949913413
1560,2688.6896480825903
1561,2679.462539444067
1562,2704.7270899377477
1563,2801.3816845641973
1564,2662.727772416859
1565,2755.5080283291527
1566,2646.77990397269
1567,2663.4853680294555
1568,2717.38424306446
1569,2789.5169820593746
1570,2046.0496396347687
1571,2773.5894989896738
1572,2696.8130938041936
1573,2765.787318306173
1574,2799.9778521844196
1575,560.0117560855672
1576,2702.5210985544836
1577,2725.8841453719206
1578,2661.8213238143635
1579,2627.4740616767685
1580,2784.263182803661
1581,2701.164825300346
1582,2747.2857018736267
1583,2757.3763391618004
1584,2659.0090998553515
1585,2765.719345005848
1586,2707.9687257138366
1587,1510.2920202869147
1588,2762.0568596585767
1589,1424.3173444388783
1590,1413.7816445880665
1591,2814.49221812579
1592,2696.695414387792
1593,2700.9701614371193
1594,2818.160696912657
1595,2782.608414263579
1596,2823.2303319002267
1597,2875.259111601101
1598,2578.9104771362495
1599,2741.3439967425643
1600,2610.8095513545804
1601,2766.864572966696
1602,2785.6883599911303
1603,2688.664141371199
1604,2726.682528105988
1605,2606.888992083017
1606,2748.98936733201
1607,2829.0200081794046
1608,2745.893024781205
1609,2661.060977035123
1610,2766.503633978016
1611,2778.664354741311
1612,2795.2038398136733
1613,2790.3420276455445
1614,2429.580944441668
1615,2969.3885411726064
1616,1071.9319881461795
1617,2842.0694705026726
1618,2827.485010849842
1619,2796.2291412202308
1620,2780.07817540425
1621,2844.7387216521893
1622,2730.182577811399
1623,2864.105262483419
1624,2873.083376968079
1625,2576.577272837237
1626,2844.652779792359
1627,2661.078145497806
1628,2651.6134393144303
1629,322.15848374713744
1630,2729.1638737516682
1631,2636.9769045697244
1632,2777.9772085827067
1633,1880.937221199914
1634,2673.3759723557123
1635,2773.953361412418
1636,2665.369528504506
1637,2800.901669060448
1638,1841.1408691398783
1639,2059.3073710908398
1640,2833.619766487871
1641,2691.117006182022
1642,2771.5813497250433
1643,2692.6037710931764
1644,1161.087923171825
1645,2790.010344731719
1646,2771.708020497295
1647,2837.75934261158
1648,2628.5028463690596
1649,2767.7220576149566
1650,2761.1603490527255
1651,2715.551609652942
1652,2829.015075755972
1653,2883.3549970756994
1654,2036.9139015428718
1655,2779.8279691465955
1656,2821.664203179785
1657,2706.409147362367
1658,2832.2641051181445
1659,2670.7814769634274
1660,2695.374976469894
1661,2812.075862384665
1662,2770.9260672330365
1663,2807.3002614030606
1664,2860.57840292213
1665,2791.0514670447183
1666,2726.7157893473664
1667,2728.988750000085
1668,2832.5608395078543
1669,2776.0804369246325
1670,2646.4034371172056
1671,2739.895145293793
1672,2735.239406922976
1673,2725.99613836308
1674,2386.005309800542
1675,2839.7310574364665
1676,-1557.956371033337
1677,487.4887775230295
1678,2805.181044496984
1679,2796.661362719438
1680,2858.4046582300825
1681,2719.8648652058564
1682,2814.160334610215
1683,2838.079183157863
1684,1598.4256540340064
1685,-636.5678265486283
1686,2658.082414931345
1687,2659.093336458718
1688,2783.3538879779107
1689,2861.240445453904
1690,2779.2592980964523
1691,2750.4941385504135
1692,2826.132862842166
1693,2796.1522308140584
1694,2631.0535391346166
1695,2781.883805083401
1696,2679.37170591707
1697,2780.537074289564
1698,2881.532093274965
1699,2786.8679966406025
1700,2835.9451972699085
1701,2591.430953153536
1702,2868.261960765995
1703,2756.291654850836
1704,2741.975593242234
1705,2663.677070617213
1706,2541.9874026880825
1707,2744.746966620746
1708,2839.0800158044253
1709,2736.252777964407
1710,2709.428622730151
1711,2784.4315078868435
1712,2714.5214468698364
1713,2729.535418483747
1714,2759.54898536538
1715,2899.9649677000784
1716,2747.6034867074122
1717,2785.948413155605
1718,2656.37373028616
1719,2747.244406351328
1720,2758.1753838987925
1721,2824.506803342938
1722,2642.3421226205915
1723,2621.7226571693436
1724,2632.369825805938
1725,2799.4054572136033
1726,2815.6773396505823
1727,2766.061369517532
1728,2694.7530732742584
1729,2823.059619748506
1730,2718.052860543822
1731,2746.418891545278
1732,2675.6494866586177
1733,2863.124120468934
1734,2832.6936481712046
1735,2744.061352523611
1736,2819.988905358299
1737,2925.14496637545
1738,2241.645542851436
1739,2714.891804441334
1740,2874.439607411978
1741,2874.204271028671
1742,2676.465694051853
1743,2660.8454348101354
1744,2702.5896726837627
1745,2750.247941911953
1746,2798.6529557783533
1747,2672.5049954419333
1748,2805.6884071212435
1749,2812.5858628733813
1750,2804.0642130785964
1751,2785.793745046016
1752,2859.193388712605
1753,2733.7072358661303
1754,1050.4115624495548
1755,2798.5439307998618
1756,2802.5445414936944
1757,2909.242260076918
1758,-1098.726545926167
1759,2738.8458628109083
1760,2582.3690771067672
1761,2774.818427180954
1762,2692.5983885498604
1763,2771.150152119617
1764,2765.4655625905893
1765,2840.2153361280857
1766,2775.577816077433
1767,2796.3196915696913
1768,2768.216381237901
1769,2762.143487720045
1770,2817.4978671382332
1771,2725.1842656564595
1772,2789.440254015982
1773,2862.9024675555524
1774,2823.1322437204913
1775,2755.7096396821075
1776,2789.504131614683
1777,2699.816407658919
1778,2749.336412122005
1779,2850.2917008211375
1780,2808.096092062676
1781,2803.814357695706
1782,2689.326149048569
1783,2774.317250732749
1784,-358.4667040380531
1785,2816.9583260733575
1786,2840.0527453826007
1787,2847.180353528438
1788,2692.9092384441883
1789,2842.6825948014757
1790,2924.8751047369938
1791,1880.1602472837067
1792,2614.713884968082
1793,2817.8562174371186
1794,1766.8104436128563
1795,2920.616593418291
1796,2673.542270661675
1797,2950.982374731247
1798,2766.8679949985917
1799,2731.528162795134
1800,2744.2536156788033
1801,2826.5896689650663
1802,2852.9711815577275
1803,2788.7265112788928
1804,2760.640123992485
1805,2804.689796578523
1806,2822.5847702066935
1807,2713.8781284544016
1808,2861.4567671046902
1809,2767.9846856067643
1810,2753.0150134022506
1811,2867.1186252651996
1812,2928.0244068715497
1813,2816.9583190057706
1814,2855.1090914889182
1815,2796.292172744363
1816,2841.2939122285693
1817,2874.4124042157177
1818,2775.7403021673604
1819,2250.315041822195
1820,2828.7928746625835
1821,2867.4110719977407
1822,2733.97290509816
1823,2859.035790628856
1824,2823.437859097176
1825,2731.427110767382
1826,2814.785340383969
1827,2811.2767166443855
1828,2848.2165240849536
1829,2783.5918044146642
1830,2720.024201845471
1831,2795.021967303141
1832,2768.4744347976466
1833,2777.599824050638
1834,2849.736548901248
1835,2762.959649459195
1836,2860.29276044818
1837,2797.0635783946545
1838,2733.789555274931
1839,2719.376363097693
1840,2773.7359385698364
1841,2822.915114121002
1842,2738.496254255426
1843,2809.8973613026724
1844,2840.3794875220115
1845,2841.1709106305834
1846,2851.8920677141386
1847,2918.1433180822687
1848,2878.0536677720966
1849,2789.4683096000344
1850,2923.4164621701584
1851,2823.956258333374
1852,2824.739259283907
1853,2843.482311197363
1854,2889.624308785664
1855,2850.396530719314
1856,2934.8161757241496
1857,2768.3118596228164
1858,2849.0336919801557
1859,2912.4557819436322
1860,572.1428822505779
1861,2828.8440313573187
1862,2881.4994435617737
1863,2791.325032120993
1864,2786.714180175609
1865,-6.085106792002261
1866,2673.2982426116587
1867,2915.2299612279025
1868,2831.9076098852197
1869,2723.8174952183867
1870,2729.124818984311
1871,2860.7655521876386
1872,2894.3479244229047
1873,2817.4637427980565
1874,2776.432864042696
1875,2797.3436035040068
1876,2891.7376534647233
1877,2703.92886697627
1878,2851.4536375806206
1879,2978.72815610756
1880,2876.6019516617234
1881,2892.16543916661
1882,2840.465325740719
1883,2818.515331195615
1884,1778.8351383825936
1885,2858.0602857802764
1886,2893.1049992092853
1887,2879.9969221920474
1888,2663.4995344786203
1889,2831.121211412435
1890,2831.8029193332363
1891,2836.0733273907144
1892,2740.4144989091196
1893,2699.763597744255
1894,2884.043588177792
1895,2858.5236975341168
1896,2761.8066615244343
1897,2804.8877751546333
1898,2914.330389733793
1899,2815.4911149973045
1900,2916.7770115911917
1901,2692.542953417744
1902,2704.4497921841094
1903,2733.0645373431257
1904,2739.3255955993864
1905,2790.517025410453
1906,2766.4607235723083
1907,2832.784077077697
1908,2861.0728514034668
1909,2686.686835887852
1910,1582.141307644216
1911,2693.6300568052707
1912,2800.189958205679
1913,2840.1974743996775
1914,2781.1129335625865
1915,1635.0059716493902
1916,2874.777703637827
1917,2864.472071629588
1918,2917.1021008686207
1919,2848.6211819056434
1920,2708.064559283649
1921,3044.452337448337
1922,2786.380971028679
1923,2822.401173713716
1924,2962.165871974141
1925,2776.9637670250904
1926,2781.257394830387
1927,2696.045348629754
1928,2604.864965631308
1929,2870.4057099528163
1930,2907.5798966040784
1931,2960.303461829179
1932,2855.5937880394013
1933,2831.791749851052
1934,2857.4682572419733
1935,2831.4026411879126
1936,2816.777595557883
1937,2740.751059378362
1938,2761.8012754134693
1939,2812.3917048325598
1940,2785.241228725456
1941,2804.119580624554
1942,2811.5124698428585
1943,2810.2397239733787
1944,2926.924456351778
1945,158.29816721289694
1946,2850.864938114725
1947,2863.153789064883
1948,2887.3276493485223
1949,2759.8740156732333
1950,2939.8278045917073
1951,2921.0948568170325
1952,2762.2256227641005
1953,2825.2498365890824
1954,2759.5903522502613
1955,1934.4451949229503
1956,2896.8927464788676
1957,2943.813764213744
1958,2825.8380298182246
1959,2763.8944525525426
1960,2776.7684064974032
1961,2762.135001793835
1962,2772.4113447261084
1963,2905.1647119208073
1964,3009.58546349146
1965,2802.161919867575
1966,2947.7392951214133
1967,2889.873946029425
1968,2926.1559624923393
1969,2867.507854696364
1970,2857.3385053805114
1971,2860.020986988171
1972,2932.2617784775043
1973,2870.204599242984
1974,2858.2720799725935
1975,2857.3564472366293
1976,2966.5864601776166
1977,2941.594583702199
1978,2886.4902612731676
1979,2683.1494432250965
1980,2939.747719804745
1981,2872.449108936163
1982,2819.9163977237017
1983,72.82368995097485
1984,2905.5921487732276
1985,2958.6251427249836
1986,2971.583163817106
1987,2984.3491200531494
1988,2787.477919952644
1989,2822.982073428115
1990,2926.8098540705046
1991,2880.6733549300598
1992,2844.4860892015654
1993,2708.2049940811944
1994,2892.1476023834107
1995,2888.981183660137
1996,2963.340216841609
1997,2736.9322151092197
1998,2966.87164080557
1999,2880.335176109312
2000,2773.1114480649658
2001,981.9405990422723
2002,2817.916149274673
2003,2661.3353150353296
2004,2927.0587858145996
2005,2775.458287491428
2006,2851.208002717398
2007,2904.0239842780006
2008,2726.4420233014316
2009,2822.137641069712
2010,2909.803101917852
2011,2948.4860977917
2012,2879.605578172668
2013,2959.384609134836
2014,2872.686919536993
2015,2763.318120712751
2016,3003.8166966101394
2017,2905.6567852183325
2018,2700.06612563496
2019,2806.2426097056205
2020,3006.9654362875563
2021,2806.6254978595034
2022,2936.4546115463454
2023,1377.7424171943392
2024,2774.535010068222
2025,3012.39315384333
2026,2950.7753008911623
2027,2783.3986636284117
2028,2690.1938704893055
2029,2743.185489641183
2030,2843.6801124756735
2031,2880.848402914454
2032,2871.375397752425
2033,2932.4777924832338
2034,2997.201702250393
2035,2799.765207883409
2036,-2188.0833642970197
2037,-2185.038306955557
2038,2907.2347536289712
2039,2806.9933965594637
2040,2879.781320458557
2041,2846.3564614428046
2042,2757.3518735596767
2043,2697.536451763608
2044,2917.818361416167
2045,2935.400861747751
2046,2802.042064723357
2047,2929.6201335143974
2048,3002.1568616447516
2049,2897.033955197006
2050,2906.4696750593885
2051,2887.4024096046073
2052,2971.51953597752
2053,2997.8472428389955
2054,2778.460924379715
2055,3001.7997189925204
2056,2827.785486608688
2057,2833.4648615663737
2058,2933.792791084956
2059,910.9899006580594
2060,2813.501109291221
2061,2869.3367100235655
2062,3010.743848575677
2063,2830.578853600499
2064,2843.461915186946
2065,1185.2604327419892
2066,2788.8252725802718
2067,757.8654460038676
2068,2967.2874894361344
2069,2763.500715665765
2070,2922.77692315186
2071,2909.2653911615494
2072,2931.820985816532
2073,2842.3256556328924
2074,2891.0244975653845
2075,2987.200415477858
2076,2862.604400482762
2077,3015.1527480660784
2078,2820.4514655168477
2079,2852.196338505323
2080,-1321.5202398810236
2081,2847.6559523595565
2082,2761.2564691168063
2083,2923.095974185746
2084,2695.088286369414
2085,2656.0363843493565
2086,2900.709198130624
2087,2153.9624018961495
2088,2757.8013143133094
2089,2726.593012719146
2090,3023.284347959517
2091,2919.713593227115
2092,2851.9551382374516
2093,3068.4544186053135
2094,2904.0848778360273
2095,2895.416008904964
2096,2635.84387235377
2097,2151.0285712709588
2098,2821.049344460505
2099,2868.3652354795195
2100,2817.805633235035
2101,2889.0066191548494
2102,2829.011693364933
2103,2823.5128851677505
2104,2972.3566742352373
2105,2648.373262291316
2106,1825.3981307728034
2107,2461.553347663562
2108,2645.3631771408473
2109,1707.587704431195
2110,3010.994634771178
2111,3031.531692633976
2112,2867.732855305678
2113,2845.3416612775536
2114,2983.41635758492
2115,3004.9086913271676
2116,2860.445785059033
2117,2867.040629202295
2118,2873.0742937385194
2119,812.4311741111891
2120,2877.403034747511
2121,2926.4267273342207
2122,3085.29626110603
2123,2797.87157681425
2124,2742.3647113419843
2125,2913.7251157438022
2126,2932.046947843379
2127,2926.771267711474
2128,2894.2551850160016
2129,2974.3780340085937
2130,2888.822418670129
2131,2927.8775152717667
2132,2896.7917972537457
2133,2888.74590274963
2134,2917.238661773235
2135,2953.3671469334995
2136,3004.3341368008064
2137,2875.072559782135
2138,2939.9351933861617
2139,2873.2991652054216
2140,2872.928848947077
2141,2880.5627636880863
2142,2987.409902180275
2143,2841.863495892968
2144,2851.2913143173773
2145,2978.8847002719463
2146,-3.244065112824282
2147,2837.112104923476
2148,2906.883503353159
2149,2895.9868231732526
2150,2994.290506061668
2151,2855.072703500864
2152,2908.1625861191264
2153,2982.885342562628
2154,2831.885598879239
2155,1242.5983188124142
2156,2724.58619841497
2157,601.3778284171
2158,2827.7598091072373
2159,2857.161898551543
2160,2811.853480150345
2161,2902.8628500276695
2162,1696.4575658584129
2163,2834.375406132244
2164,2809.7463133696633
2165,2926.971984495353
2166,2861.643871590746
2167,2892.4749295000474
2168,2909.683702765115
2169,2886.0058531512736
2170,2775.152670370788
2171,2966.814080636812
2172,2856.6256753568045
2173,2879.2949485021245
2174,2896.6078312560885
2175,2918.105104310009
2176,2956.4363322464155
2177,2985.7450045701994
2178,2914.553442955024
2179,2901.6926670898783
2180,2776.615347163529
2181,2820.548924291565
2182,2720.0858549271625
2183,2874.3666218616127
2184,3008.7775568033726
2185,2936.687108472936
2186,2996.7752178530245
2187,2813.272286469159
2188,3027.547137456599
2189,3002.9485218218174
2190,2843.939116053453
2191,2793.190944509759
2192,2949.3372600579196
2193,2976.958010670283
2194,3009.8701037070346
2195,2998.1782942589057
2196,2900.2732162576553
2197,2949.6961975067416
2198,2950.027002240354
2199,765.5451512560176
2200,2917.1582967841023
2201,-50.07682026034571
2202,2934.8262078832913
2203,2861.5718616182003
2204,2679.4912153311593
2205,2867.5227846850985
2206,2805.336124479737
2207,2914.2660086514975
2208,2957.653923191444
2209,2454.2420313189473
2210,2936.5991449465077
2211,2908.1492580201902
2212,2840.9408045056134
2213,2797.973898387367
2214,2976.0421054728804
2215,2950.7264647950065
2216,2923.0817301210186
2217,2975.4818649942695
2218,2900.7486153853956
2219,2890.5006977795038
2220,2936.388459673076
2221,2782.2646889714842
2222,2801.7889900386426
2223,2952.2639429562532
2224,3008.434182192642
2225,2910.974469024598
2226,3109.241310792822
2227,221.09859161688814
2228,2934.093389680687
2229,3077.4608364516794
2230,2768.60335848334
2231,2849.934448647811
2232,2925.4042720485227
2233,3040.87098534234
2234,2913.542758220269
2235,2868.9448144500857
2236,2741.9877479651445
2237,784.3028675218566
2238,2843.1803116090655
2239,2932.0554777060206
2240,2954.844560123381
2241,2935.6059878720685
2242,2907.6928148069496
2243,2945.2224922125442
2244,2934.1106784263307
2245,2876.231726413878
2246,-219.57300341546116
2247,2933.3365582030565
2248,2201.5861790130966
2249,2861.2432336907154
2250,1014.5674901086762
2251,2955.7047586587987
2252,2935.0703122873083
2253,2969.387894030087
2254,2991.72414681988
2255,2924.0239360319656
2256,2987.544137883348
2257,2940.7009674032324
2258,2847.6858281051655
2259,2878.606209311531
2260,2953.268865675293
2261,2939.744448926546
2262,2934.276982135648
2263,3026.837605048162
2264,2879.9239127337664
2265,2982.0247444927886
2266,2976.755385921739
2267,3094.467367480492
2268,2926.335552105335
2269,2850.4632239535863
2270,2935.3207820546118
2271,2866.803200888569
2272,2990.669269373394
2273,2916.73331536679
2274,2937.9422648009277
2275,2904.913122551974
2276,2875.656341501916
2277,3026.878232806558
2278,2973.5148557786374
2279,2978.248977442807
2280,2904.534913862699
2281,2993.1208610755657
2282,778.9152900522213
2283,2771.82676174389
2284,3001.2533303718433
2285,2921.76237976786
2286,2915.754665583395
2287,2897.660047228394
2288,79.40943660842868
2289,3003.0652246067407
2290,2848.5114832256504
2291,2952.546479156287
2292,2969.018406091743
2293,-182.3504518044034
2294,3031.445288422962
2295,1284.7276702855588
2296,2864.4896752895015
2297,2755.489752631492
2298,2913.1264700843813
2299,2784.886464340494
2300,2916.5824042813683
2301,2935.970372034897
2302,2935.6736381104315
2303,2961.063393519442
2304,2902.1592669274905
2305,2951.5278698339303
2306,3010.386930040465
2307,2849.7689402489536
2308,2893.3980724783037
2309,-898.6491235417706
2310,2989.255020084289
2311,2887.5549722166047
2312,2928.259428852126
2313,2868.641862244992
2314,2844.464785806181
2315,3027.2306905912706
2316,7.074144079171169
2317,2824.5352718867016
2318,3043.3546386920275
2319,2926.4192144949675
2320,3031.9107289903704
2321,2981.987043566747
2322,2850.580681349476
2323,2979.6744531211316
2324,2948.7571360494494
2325,2876.903864230603
2326,2953.2783946225463
2327,2875.051724273317
2328,3018.090660599391
2329,3094.0712996787706
2330,2953.0512174710493
2331,3098.582841387257
2332,2916.1545802155947
2333,2741.6687387277116
2334,2843.0093576189943
2335,2858.9534285898408
2336,2956.5212004224877
2337,3070.513648767252
2338,3004.847533611079
2339,3072.126266261514
2340,3035.4322050086894
2341,2796.3538170258903
2342,2946.821035039886
2343,3138.727176205312
2344,3090.9368984353378
2345,2912.0683921375744
2346,2933.5439632841553
2347,3057.4747395329823
2348,2999.0475724805074
2349,3086.917928490459
2350,2965.0062799038506
2351,2914.816760626308
2352,3088.7682202255933
2353,3006.56907710775
2354,3000.610350568324
2355,3046.7445588186774
2356,3001.9490471109125
2357,3022.776931626478
2358,2812.038996266605
2359,2822.898534878452
2360,2837.693281915653
2361,2788.0615821305237
2362,1563.872051927634
2363,2956.328804076266
2364,3047.309901793083
2365,2961.6142093091994
2366,2826.177372223686
2367,2991.9784705801667
2368,3010.7772664033505
2369,2954.914136234816
2370,3045.673908774657
2371,3070.5418524915863
2372,2999.094739344802
2373,2022.1207430984
2374,3062.642636741694
2375,2931.375135198236
2376,3055.557867631073
2377,2942.3127378708523
2378,269.54216366477056
2379,3013.832570981538
2380,2947.038614296088
2381,2943.0823731195333
2382,3035.378067975302
2383,2894.3190285693195
2384,3017.193230473313
2385,2921.734330800428
2386,2933.494556938374
2387,2944.586198670092
2388,2980.783534250891
2389,3132.639663960724
2390,3036.258950584338
2391,3006.1472451888394
2392,3023.0296376687684
2393,2992.5360533460944
2394,3075.2234767325676
2395,3070.196667400635
2396,2913.865983468632
2397,2997.3944809474056
2398,228.44871290133602
2399,3074.1227034592457
2400,3121.617999672828
2401,3013.4972046368375
2402,2865.2585388818366
2403,431.1259984288414
2404,2905.2400312529203
2405,3037.118906551166
2406,2963.9771842214814
2407,2852.866221515556
2408,3022.862567903711
2409,3049.8811028009936
2410,3009.693898046253
2411,3161.4671865323744
2412,1088.5967858931867
2413,3089.2404219402383
2414,2949.1783537045208
2415,3005.6585599100185
2416,2982.5503140748465
2417,2850.057494400585
2418,3082.3196916675124
2419,3063.870236926837
2420,3040.752351808397
2421,3133.6613956636797
2422,3070.7970881772508
2423,3163.3259142866373
2424,3105.478433861019
2425,3030.8963320067724
2426,2991.097629324682
2427,2972.5671233304984
2428,2837.948789723487
2429,3094.4440732782723
2430,1915.3010875634004
2431,1270.0752740729226
2432,3026.7441516873473
2433,2996.325493350287
2434,2907.5496906142944
2435,2885.4560840417703
2436,2994.634625547263
2437,3189.5097537938664
2438,3001.3252417347708
2439,3103.4826613221617
2440,3011.549861331122
2441,3045.1703124043515
2442,2947.7492816993376
2443,2930.0844753187216
2444,2991.846951027526
2445,2881.1068563521712
2446,2912.3511872388754
2447,3038.880141723363
2448,2886.025214504883
2449,3005.1781855142476
2450,3107.32483937467
2451,3047.83937672926
2452,2847.4473284888363
2453,2846.8846032291326
2454,2774.7656437802025
2455,1994.8599891330955
2456,3033.2599177362968
2457,2997.7871930835922
2458,3167.8996845376323
2459,2907.4370821372772
2460,3065.738892704765
2461,3026.2560935211436
2462,2914.1313096973918
2463,3006.518925481757
2464,2994.704439621886
2465,2962.066479347869
2466,3049.729778455346
2467,2957.9532370164193
2468,2904.872368009149
2469,3053.3716374595388
2470,2980.2234714803685
2471,3123.1390609710634
2472,3012.6156794777407
2473,824.0906822564399
2474,2955.677438751202
2475,3015.5398668893677
2476,3006.855421304941
2477,2815.378316086227
2478,2939.114177492275
2479,3006.7871953988138
2480,3082.8053811688983
2481,269.3110461362067
2482,2913.302685526298
2483,2990.788299223316
2484,3012.3242847729107
2485,2949.4053718685427
2486,2888.6849312813397
2487,3033.168471798275
2488,2825.9968175456606
2489,2914.519833568684
2490,3082.1226801119815
2491,3120.739068600623
2492,3075.267913013584
2493,2857.9951525855886
2494,2941.6472158924144
2495,3069.3372257215733
2496,3012.1317901800962
2497,3042.7987710699017
2498,3034.642609676816
2499,2358.5900624393767
2500,3066.3792290959086
2501,2988.9452159256452
2502,3116.517825279891
2503,2853.915846377172
2504,3011.99117262237
2505,2909.297793013726
2506,1584.002014270967
2507,3028.295447727547
2508,2938.9487107110517
2509,2959.8152750244944
2510,891.5361830208219
2511,3026.8626356911877
2512,2911.5540798800284
2513,2867.0656881999093
2514,3093.7542252819103
2515,2979.4109542832916
2516,2950.5345889550135
2517,3093.6552820585216
2518,3128.802795477131
2519,2827.866586598001
2520,2963.8413918213746
2521,3014.5806656603568
2522,3056.307468806305
2523,2985.8897880940376
2524,3028.5422088935206
2525,2961.6991641695367
2526,2984.0716870085753
2527,3114.7070507268704
2528,2907.3540229849245
2529,3058.1805578433937
2530,3076.86126462365
