1,-7.337339965517235
2,-549.0156632996247
3,-550.5005073790443
4,-552.7246962265639
5,-518.2446598693274
6,-554.0298309915493
7,-556.5537506141933
8,-553.9264190370027
9,-548.6182487727691
10,-364.3565674947806
11,-449.9212135537515
12,-407.9264977190419
13,-344.18600276796934
14,-331.7833152707212
15,-396.6255784935012
16,-301.97367222804473
17,-394.6033156001263
18,-326.6933805197345
19,-189.30353608536586
20,-198.469251749411
21,-170.3875293386787
22,-131.99079177476838
23,-139.77229495277197
24,-115.45890045916488
25,-68.25240939549235
26,-93.79700011896949
27,-28.954789385273386
28,10.102088370751082
29,18.24169951260541
30,35.43300571206136
31,-43.50616013258894
32,78.64969912122514
33,98.86322739650213
34,157.98048472461025
35,142.96487920908402
36,175.69665141289985
37,234.8792129665876
38,211.35666778051092
39,244.9157647126627
40,297.4445638350157
41,323.9617172920965
42,269.84738617012755
43,406.1456875414656
44,441.76518608399147
45,397.58949515402037
46,418.0740004852827
47,522.8283605667978
48,497.88718764603385
49,604.1919359231802
50,635.1530594321015
51,561.3792383621706
52,700.9012703768582
53,478.45558074072096
54,619.2511922042314
55,748.1071763992841
56,788.8397716099083
57,763.4487879931482
58,800.449052917077
59,691.0145126456156
60,708.2514520004659
61,874.52518769597
62,796.7659095747852
63,898.1780321714612
64,882.7242541450963
65,919.9035230784633
66,847.0286305163332
67,838.9509425386873
68,753.8780326781954
69,835.0678305944546
70,922.5977638596394
71,815.6431942618296
72,942.3371701779697
73,821.4602177093209
74,919.570656974555
75,925.5148540299492
76,933.4022930626289
77,896.3017277690765
78,927.3112992207285
79,914.3075604187605
80,943.9589831551516
81,963.5679286953134
82,943.9176803459701
83,636.384323665765
84,885.8875099593618
85,928.5894329128306
86,876.7460117101997
87,1021.7446123068381
88,927.7327797150923
89,943.8856053221548
90,904.9016660532465
91,942.4166440338531
92,987.3780535333373
93,961.3559019447706
94,923.5543371402302
95,956.7106665441389
96,974.0758697610951
97,921.0441308516328
98,943.3762478943038
99,956.2495709212715
100,895.7268082556003
101,1057.814308511754
102,999.7453299379271
103,956.101142380468
104,971.8080358755291
105,1003.4023820929231
106,1037.6414342317387
107,1025.9742191908838
108,1004.5466789546826
109,969.4100211709225
110,962.9896396530975
111,938.107910624092
112,995.6499316163208
113,934.1111356575537
114,1065.1248741674087
115,994.6826976094878
116,1024.0726911499924
117,967.9684830202477
118,971.2279097253906
119,945.8759230310211
120,1029.7862963407767
121,949.2866104345026
122,1040.9900822371176
123,912.0520175440316
124,944.8520840336931
125,991.9999621202295
126,1028.5702667843043
127,1032.7018105657987
128,950.4651301794727
129,1033.5016777759715
130,923.4404955221094
131,973.0111410700182
132,1034.058596776147
133,1082.3438000038075
134,1097.1914287648833
135,1010.3071530026992
136,1069.1843514397526
137,988.4162525691029
138,1012.1772702535229
139,1023.5134715260889
140,990.3036431496603
141,989.3434917083023
142,1037.869588506297
143,965.1153675867594
144,1003.1954620224394
145,1137.3431557640013
146,1077.3825328759451
147,1039.7512171422288
148,1078.2749115591103
149,1070.891673415922
150,1085.1431306358534
151,1077.0649914462806
152,1017.4206395550106
153,1176.695432040937
154,1136.9541449701749
155,1126.9280581748694
156,1092.945377646911
157,1146.814053258616
158,1110.9024575361311
159,1104.6784334332438
160,1101.8329982096434
161,1129.6711893811685
162,1088.033103691899
163,1072.8393513032602
164,1122.0428062480976
165,1099.9261673836943
166,1137.6782378549267
167,1119.2173418498983
168,1126.8922309490615
169,1093.6081104874288
170,1139.31442793506
171,1145.7466275364286
172,1108.9506243339997
173,1094.1602719391751
174,1084.7731971249775
175,1086.0524288662268
176,1137.8636015554885
177,1118.7017912543
178,1102.5660821745237
179,1128.1399053787225
180,1161.1228011388869
181,1184.1904862639487
182,1066.637064849641
183,1097.887614791309
184,1119.9038121482474
185,1078.1340819548477
186,1168.1683181066146
187,1129.2780169014177
188,1153.8449162587665
189,1132.7183900163693
190,1161.4687245896569
191,1205.3904323549114
192,1185.6266386640973
193,1172.4361164783506
194,1155.082828359733
195,1159.1521042514435
196,1080.4150418349684
197,1166.0163664655524
198,1176.2133167726424
199,1173.941890626968
200,1223.5410408737343
201,1116.5237469541635
202,1200.3933495262077
203,1206.6002741158763
204,1245.9694420116123
205,1213.0351772698466
206,1188.4148596033813
207,1204.5193374292458
208,1178.6585899913478
209,1150.8569217166225
210,1232.2729740404789
211,1124.887929667242
212,1222.4943980620892
213,1191.4213383063777
214,1191.2359292819403
215,1196.4288758170635
216,1194.2262409436307
217,1194.3127937865495
218,1195.811120096972
219,1217.1280243384447
220,1170.9943254152704
221,1228.2896830869302
222,1158.2790147290723
223,1155.9077250701139
224,1221.3701526863827
225,1149.1409268670013
226,1192.9002474747124
227,1180.5691356272582
228,1228.8018546036321
229,1219.1973614704727
230,1221.8391428123766
231,1181.5391670660824
232,1253.5578337543059
233,1167.002611939222
234,1175.511714945809
235,1198.241919941716
236,1180.5408556889151
237,1254.3718678460505
238,1247.0808441151548
239,1183.9353511741006
240,1225.5517369855716
241,1235.2067253443277
242,1211.8218293474606
243,1207.2337202083968
244,1182.845410221848
245,1197.9015761355056
246,1221.8817405938123
247,1221.5156896684034
248,1210.7589852711951
249,1225.6134528251887
250,1200.6899023224794
251,1219.711052845627
252,1228.738296108422
253,1240.7244541537636
254,1221.0280369869672
255,1223.493550544397
256,1275.5688197696797
257,1236.6255223268602
258,1224.6027188054468
259,1248.7484276437074
260,1162.787282906399
261,1193.7609289696911
262,1218.2637015920127
263,1176.5179966982107
264,1243.045606816137
265,1218.8833335815414
266,1200.6304726426445
267,1230.611239315841
268,1177.7297977245707
269,1228.3004192475307
270,1195.352888515939
271,1238.6537557786423
272,1206.54611299393
273,1188.505996221106
274,1199.6242623034818
275,1214.316154904044
276,1229.4380453178173
277,1214.1942668813083
278,1207.7551159315422
279,1221.8556662696515
280,1242.211230474851
281,1184.4033457199266
282,1162.9756460970536
283,1199.7864929818543
284,1229.5811616898527
285,1217.297072993767
286,1207.7332357839389
287,1158.286735144801
288,1245.444379378059
289,1188.176441245659
290,1177.7675626028802
291,1227.2102965298532
292,1252.5962201624031
293,1201.4934232844314
294,1206.5364138700388
295,1181.200854741527
296,1227.8528719900662
297,1217.9925135780145
298,1237.0254932402866
299,1192.8151838078238
300,1155.7318537159758
301,1237.8719965429086
302,1170.8885212403682
303,1266.6418887353539
304,1165.9419979993606
305,1207.0484370062595
306,1246.2440172944778
307,1097.7599259995384
308,1228.3990418760234
309,1153.7852034243988
310,1155.5455606024661
311,1156.6659945691076
312,1215.4148822445325
313,1188.286926676187
314,1196.959113989169
315,1233.1789598720252
316,1176.134445323944
317,1203.9141856945464
318,1192.9595105737612
319,1203.1992007762979
320,1239.4089540219836
321,1216.756314235948
322,1196.7371786669037
323,1167.2694125830972
324,1205.9845849893802
325,1204.091234518296
326,1257.7193663319745
327,1227.665383857436
328,1246.8210604339681
329,1237.8129339129475
330,1216.728842423782
331,1204.1045045501926
332,1245.1950022149383
333,1214.2759322093773
334,1276.0621444732787
335,1248.335637234854
336,1243.4641197073445
337,1248.51412468963
338,1235.2313272831695
339,1209.9482870239515
340,1218.4372618755685
341,1221.4652180388075
342,1274.71688785209
343,1242.285239711544
344,1242.1017038584419
345,1213.5833227446733
346,1262.437620522073
347,1256.7138849517148
348,1240.9813984862226
349,1201.3008266670818
350,1259.7448417524506
351,1230.5845936622775
352,1250.1025315155796
353,1233.3291479042214
354,1217.95663011644
355,1232.8043235772293
356,1265.3605300843742
357,1269.6451957848085
358,1267.0008777577334
359,1257.2020742368954
360,1263.3341950175102
361,1229.870075125238
362,1242.0708139936041
363,1277.5665718772846
364,1287.6663462229706
365,1255.6637237342684
366,1315.4692080688098
367,1235.8292896136065
368,1252.3968460437227
369,1225.4475205034714
370,1258.8371249598647
371,1241.4840251651196
372,1277.2111384728466
373,1267.9254691323372
374,1248.9745792693975
375,1188.7919982727049
376,1233.1021203846492
377,1228.4917970908475
378,1270.4043451319783
379,1234.0546112438162
380,1199.155318694473
381,1281.1621178106172
382,1274.4119022008804
383,1247.7216018716488
384,1203.9265833424097
385,1250.919506379528
386,1270.4724515349403
387,1238.2375648844
388,1267.982923649026
389,1241.5796431682504
390,1213.3264689782902
391,1143.3141941049696
392,1248.6691388991298
393,1215.5324081648794
394,1265.1963581448258
395,1217.8130645029607
396,1262.3697495070708
397,1259.21371680459
398,1246.9264908067046
399,1239.974231937921
400,1222.484824734225
401,1224.4872975404533
402,1236.7407064344745
403,1252.7127071314185
404,1292.0561807083368
405,1325.694284364082
406,1237.0435382901721
407,1248.2169258033782
408,1223.6571004358636
409,1245.308994710897
410,1242.5080235465502
411,1261.5390964109645
412,1195.2825647172726
413,1221.8725916306087
414,1257.3690805124163
415,1278.1172792324
416,1258.8676397376355
417,1285.210570500581
418,1284.3140772450183
419,1250.1615284484135
420,1267.7623456675292
421,1221.6462621200212
422,1207.4889367037013
423,1273.7625921499236
424,1304.1718243177281
425,1273.9971978893313
426,1200.0424788835264
427,1252.320829757109
428,1248.0465594874388
429,1261.162118834037
430,1314.7240983321021
431,1316.323933626186
432,1261.3292949601482
433,1217.5603744602515
434,1275.1802860495368
435,1325.4043051260383
436,1252.885735948251
437,1278.665578883394
438,1277.701581529966
439,1222.294024415486
440,1278.7284010947483
441,1262.334734393509
442,1295.1727950250229
443,1260.8673185160071
444,1217.8519935259462
445,1200.6956248471026
446,1296.5159582733336
447,1264.7059494276723
448,1318.2356193092714
449,1206.9988730643508
450,1261.1616621689964
451,1284.6152262272765
452,1275.4546407436399
453,1314.8545683047018
454,1286.4963642791106
455,1279.743071443895
456,1312.534074899415
457,1290.0028941969324
458,1229.2634258578457
459,1274.6241322301498
460,1273.560887819192
461,1332.491368250904
462,1253.0296834331798
463,1275.8343475792735
464,1322.5562145046704
465,1330.4529658253355
466,1317.8481290128314
467,1329.9288827465903
468,1389.7424318470535
469,1305.743138757147
470,1237.6416365317818
471,1368.1526577316697
472,1283.054773577739
473,1291.3179514669635
474,1283.0177158879947
475,1355.079079577573
476,1265.0853499947643
477,1270.3029816048268
478,1272.6300758234042
479,1352.934028332908
480,1338.2850726714523
481,1318.4170621066871
482,1318.6932296168097
483,1294.7941854578264
484,1342.0600233856662
485,1282.2918641405356
486,1363.323474005573
487,1279.081228643869
488,1307.0371816470588
489,1280.5337792452906
490,1361.2142507914668
491,1326.0972821330136
492,1302.0555959442393
493,1382.9210060870855
494,1262.6484952734056
495,1357.525259637836
496,1315.2925773250029
497,1332.8755069365377
498,1316.601353743274
499,1277.723341903591
500,1371.570477994383
501,1320.0020910198677
502,1328.822257735458
503,1283.2927029470732
504,1313.5482394218586
505,1304.758399853394
506,1320.993633059419
507,1283.9768620188509
508,1277.3926587065507
509,1218.432480202483
510,1320.8147272979902
511,1329.3033184357134
512,1329.2014566807502
513,1294.9929624824122
514,1299.3827079231664
515,1262.3858720753535
516,1394.0039653593592
517,1259.9179135233562
518,1257.9115441389686
519,1342.2197056629461
520,1378.5993487863789
521,1245.0623163381345
522,1265.5059236489099
523,1335.8081819092076
524,1309.79337304712
525,1303.1997110598697
526,1308.6972155863816
527,1304.844199879294
528,1295.6157860587966
529,1254.255873767091
530,1248.1891982834202
531,1279.951244258562
532,1336.21249678157
533,1303.7172516714088
534,1295.3061802870416
535,1334.536010360443
536,1293.5339462470354
537,1357.1413353706419
538,1339.3594465180913
539,1383.9387004917082
540,1370.1736224374781
541,1341.8390897212983
542,1343.9416992345512
543,1271.4636835251574
544,1317.5250449043767
545,1357.2925761398365
546,1384.55426039041
547,1269.488383399272
548,1326.1642475078613
549,1273.491725846484
550,1259.3885880708165
551,1363.6755876485513
552,1338.8905100550435
553,1432.9712060712932
554,1318.791498766921
555,1286.558185697178
556,1369.0515762108935
557,1332.42709301854
558,1325.4118176104907
559,1317.7575479129512
560,1350.1238510236576
561,1346.2091563604565
562,1318.4638305683295
563,1341.2143978707054
564,1268.110931320358
565,1271.298412023548
566,1272.9245898484746
567,1255.373212337592
568,1280.4346073572538
569,1309.3067969129554
570,1312.930340993659
571,1254.86370838523
572,1342.714591600464
573,1330.957788432924
574,1244.6419171458792
575,1324.052258084814
576,1350.5634697378418
577,1358.5596894594387
578,1357.9644239383126
579,1340.1880251457542
580,1236.9044238992515
581,1259.0111264577918
582,1309.0654539115249
583,1286.5229547197653
584,1243.140871466358
585,1261.5101834134505
586,1347.829131340474
587,1352.7552052250126
588,1344.2941194223424
589,1328.742379677695
590,1358.7378390384722
591,1314.7637436380892
592,1360.2618632434778
593,1352.3756331530149
594,1315.3083876071391
595,1335.0573873400335
596,1392.8731704054076
597,1409.3045464165912
598,1429.8517578788856
599,1254.9030409131028
600,1335.4465346034865
601,1308.5014297139282
602,1399.8608151275826
603,1302.1021542448964
604,1294.9735168397588
605,1259.0637292464617
606,1301.0515314170955
607,1300.2711632597818
608,1377.7954249888687
609,1193.074821722735
610,1395.4738690170361
611,1342.3669905862587
612,1369.837425132889
613,1347.396051007999
614,1345.4803630441952
615,1205.2391269956318
616,1393.9936373824182
617,1366.4057995581381
618,1337.0300101858843
619,1304.6726103998344
620,1307.4525906407782
621,1395.8851521858853
622,1368.6641332422432
623,1302.5202602125871
624,1339.853409149863
625,1330.3887646252463
626,1330.9934493544608
627,1353.6714193228236
628,1408.3084633273709
629,1362.61249202108
630,1288.2420833103756
631,1365.8620983649755
632,1343.4191782472562
633,1370.1552120342574
634,1386.9511211686008
635,1391.8251564730474
636,1364.8323656017571
637,1342.4171864731488
638,1255.0003232360716
639,1356.373901784404
640,1333.1179007144294
641,1344.0059116510977
642,1386.4943021139838
643,1430.7948111479288
644,1372.6574795342588
645,1389.7776685072406
646,1316.9377256067194
647,1383.919698489616
648,1410.7760764063953
649,1327.4783747196477
650,1396.9910719499962
651,1368.9112369067243
652,1360.409813031805
653,1357.7059764097007
654,1384.4518847169923
655,1334.2748139885089
656,1359.659696901474
657,1420.1954704883212
658,1355.8054114083213
659,1354.123753073196
660,1391.904303688545
661,1357.9864417377098
662,1381.6184988374903
663,1416.8388808084221
664,1368.46957739829
665,1389.5508796698991
666,1429.0753178190141
667,1342.746989627187
668,1300.9881101029325
669,1342.441685680461
670,1409.255364361045
671,1418.2984172265187
672,1370.4420068737102
673,1421.0148659266029
674,1374.1346537077075
675,1377.22985223695
676,1420.793265311905
677,1426.7669547717776
678,1308.6341327765556
679,1364.3114320328045
680,1407.908548413768
681,1406.5933869084267
682,1375.865173029403
683,1372.2875916472176
684,1415.4643675871393
685,1346.1204701220875
686,1397.1972891892367
687,1395.38575476174
688,1327.413220149299
689,1417.3329301571507
690,1388.0303830443345
691,1355.3838944811778
692,1399.0282241546565
693,1424.1658784683204
694,1400.6645377425891
695,1387.7717742262546
696,1385.202008330482
697,1418.4419178326941
698,1379.5026575041747
699,1400.3147194550334
700,1422.0396127774977
701,1345.2828662314978
702,1408.164506325894
703,1397.654053750129
704,1408.9639125227259
705,1431.651813879893
706,1380.2200487839493
707,1474.3512971387963
708,1410.0379800333396
709,1423.0307362544327
710,1434.0983399839051
711,1462.5950656606526
712,1387.3312765526377
713,1492.295351558834
714,1405.154143506321
715,1451.065848462515
716,1398.2453698334575
717,1473.6520339523115
718,1395.659669169106
719,1353.088105722801
720,1437.0822362539213
721,1388.4983974235017
722,1439.1278827645701
723,1402.910041934712
724,1462.1268646435037
725,1412.2434414806462
726,1409.16420035822
727,1409.6228355956425
728,1378.490915484781
729,1426.2633362401257
730,1429.2839108144667
731,1370.677266555414
732,1446.294544434891
733,1434.988179446101
734,1444.3654931521055
735,1417.705069959677
736,1443.683536117891
737,1399.4852884613733
738,1391.8825166063323
739,1417.8290267400853
740,1370.2523649102102
741,1372.0528667187948
742,1456.2134175991418
743,1450.5056427958862
744,1463.2946125731878
745,1447.4338885918826
746,1464.8927256394247
747,1421.3813951017305
748,1406.9279595108646
749,1486.6133863184
750,1429.6701171679244
751,1472.4145514198515
752,1460.790777237305
753,1462.834548284142
754,1407.7679603330332
755,1434.8475292231105
756,1453.8475677079937
757,1488.0766266772862
758,1413.371291266411
759,1460.960185651925
760,1427.6691805241717
761,1494.0705238020334
762,1439.9930887701896
763,1452.7935409747975
764,1417.7369591311735
765,1353.7122048208328
766,1485.7591971570794
767,1481.2647872954076
768,1406.9494522532773
769,1408.1457421291138
770,1499.5500735091707
771,1466.0940837460023
772,1426.9968592018392
773,1411.275541973723
774,1443.303265657335
775,1468.7611681929025
776,1431.1983970775273
777,1467.2120539067462
778,1485.4506885305598
779,1479.90108226326
780,1498.662335275773
781,1420.7396909592549
782,1414.606908957015
783,1429.3015462253811
784,1403.560475342999
785,1434.3653786864795
786,1389.5660394506513
787,1468.6099649356781
788,1423.262498954311
789,1459.298534886246
790,1446.8789791571915
791,1465.604896613697
792,1487.5251144776093
793,1457.1941470310528
794,1447.4522829774342
795,1348.258543856864
796,1470.517743697455
797,1489.4624737836048
798,1459.4191299186355
799,1449.4208039480743
800,1370.2738628917098
801,1461.6620854091884
802,1453.2399677444043
803,1485.855594887543
804,1477.1547968511156
805,1483.384880332205
806,1438.0599221039256
807,1471.9875807911167
808,1436.75201017306
809,1445.6564797049725
810,1362.295825951118
811,1451.0828212192037
812,1448.462969641632
813,1385.9688663044142
814,1421.4225636693334
815,1413.9297359892032
816,1419.8601249611227
817,1437.2591803708262
818,1399.4407029109102
819,1376.7124005431551
820,1410.517724080036
821,1380.1937523337765
822,1478.1856488674923
823,1450.9371741714479
824,1450.7988670405741
825,1458.021137185491
826,1475.5295752046636
827,1469.6578589291169
828,1441.6480019438284
829,1489.2435720218589
830,1498.9650804591035
831,1395.5887939161573
832,1454.0348909533486
833,1473.7042407293197
834,1416.1891698918396
835,1504.5990507692509
836,1525.1979056382024
837,1403.7277327022603
838,1481.4717929778092
839,1433.895378656081
840,1503.5079014846742
841,1504.1706163403612
842,1492.2802572035384
843,1420.9917882627328
844,1474.3012807940274
845,1503.011464897105
846,1394.6751866112454
847,1483.1715247433415
848,1487.097560527855
849,1473.5919531474099
850,1499.3018028151669
851,1519.499191605087
852,1438.661710741971
853,1387.4673546232775
854,1532.3399277718977
855,1536.310465286752
856,1437.0950050705894
857,1499.295817128258
858,1463.213149904447
859,1492.3775355582563
860,1491.3245193206124
861,1507.135331019862
862,1507.3764466612845
863,1428.8799535345838
864,1527.9111581226844
865,1488.093731330268
866,1466.3510385274276
867,1496.1533191999974
868,1513.7801276904572
869,1465.727474378557
870,1519.655930079452
871,1506.3244813619144
872,1516.771685101033
873,1529.2732199914788
874,1404.881383692581
875,1512.8895491109026
876,1411.9926371254442
877,1510.8021768916583
878,1509.127518132655
879,1472.953798875948
880,1535.0983681283915
881,1518.663097497625
882,1497.6697605082725
883,1521.4261866200236
884,1461.0518303006606
885,1476.8092931992444
886,1476.21004818948
887,1509.8991827438472
888,1555.3094355940214
889,1470.8292532684004
890,1504.5956167127194
891,1442.8943519274294
892,1464.146097414652
893,1449.4742241877436
894,1473.4119246467753
895,1475.173901015976
896,1491.9758751577406
897,1478.1977036405956
898,1470.1488997894867
899,1488.2422988962837
900,1443.2736228027527
901,1466.537402835551
902,1462.691727351605
903,1409.1926495335574
904,1464.0144233943686
905,1456.8846327186632
906,1487.1229974304888
907,1454.5324278662204
908,1494.2437885982097
909,1472.7238544080165
910,1484.263516420218
911,1511.2931742385565
912,1446.8139211006242
913,1513.0058337355538
914,1402.7688383285704
915,1450.0322209236294
916,1478.1402390920177
917,1377.0518860126629
918,1471.1684348650397
919,1461.291614257584
920,1459.049387194852
921,1520.8588890880624
922,1475.8313952865528
923,1434.6006695418612
924,1472.5546173152247
925,1481.3319692322068
926,1446.5633723414462
927,1480.2293011542272
928,1514.5745136330813
929,1482.3698760695036
930,1417.3581740733548
931,1441.305952210689
932,1462.6653877682897
933,1530.5541404960761
934,1494.5636838875776
935,1459.2429121620273
936,1493.2369709501418
937,1532.5842615673596
938,1499.9024481835966
939,1461.7723616097073
940,1496.13411753256
941,1478.2470399034514
942,1487.205174670217
943,1458.227651982068
944,1514.0388240880516
945,1435.584718505946
946,1496.4097718389075
947,1471.1386655447182
948,1454.2032624610497
949,1383.3780638758458
950,1507.0286803159286
951,1535.9815669149486
952,1517.2179447742017
953,1460.3803853834747
954,1522.8554882215344
955,1479.286967274819
956,1480.7193207958073
957,1470.6156634417557
958,1520.1015411194546
959,1444.0152222328886
960,1491.5544586451256
961,1511.1667909776534
962,1466.2696774029139
963,1383.2519923141497
964,1352.3420391860122
965,1503.9202656047933
966,1515.1855931944335
967,1448.798217176139
968,1474.206122074124
969,1459.5099611201763
970,1436.8592669987331
971,1420.0398213224094
972,1501.280793250496
973,1508.94226281253
974,1472.7940473872577
975,1424.524536604445
976,1447.7570837311298
977,1469.1003413089065
978,1478.3921320615357
979,1505.1864821000365
980,1486.6479268132837
981,1500.6066751602762
982,1527.7075513059146
983,1460.165625303695
984,1526.7078558607768
985,1495.3586732299862
986,1506.181879952676
987,1432.9724351835225
988,1475.989888019915
989,1446.4186841503542
990,1507.4887495590406
991,1516.9048446437166
992,1422.8590866615696
993,1514.4116183011947
994,1489.4554233796307
995,1457.6519696981636
996,1478.7551222637662
997,1438.6112631906985
998,1502.853012918717
999,1474.2922183973822
1000,1404.430099506202
1001,1477.2546657269513
1002,1562.9376309636389
1003,1513.147325637125
1004,1477.600411858474
1005,1470.6414181411578
1006,1493.5500752083342
1007,1440.4131071026138
1008,1500.1054848618503
1009,1543.5059753352862
1010,1475.125721021669
1011,1500.5892344486522
1012,1511.8154541084477
1013,1471.4654410336684
1014,1336.5606991604525
1015,1434.4816368026602
1016,1479.9619656189923
1017,1515.6267783039307
1018,1456.1300126308943
1019,1486.7800561300867
1020,1430.945905008501
1021,1398.5554950709118
1022,1423.641476887968
1023,1458.4710275818059
1024,1485.7900590175238
1025,1432.62060892054
1026,1465.351636698426
1027,1468.7317643798062
1028,1466.659649327282
1029,1473.3635888284864
1030,1508.9311167112544
1031,1515.7223063396739
1032,1343.8785509420297
1033,1446.2119678330203
1034,1478.380738743874
1035,1422.6691193591644
1036,1490.5772610969912
1037,1514.747873800518
1038,1555.2382375085488
1039,1521.9360553630188
1040,1503.7618705203035
1041,1473.0969833317263
1042,1535.828890160235
1043,1492.632896601342
1044,1412.821268505952
1045,1479.1658043528123
1046,1492.279484411775
1047,1516.76791344226
1048,1480.9066086807093
1049,1527.5185315649585
1050,1503.215235454247
1051,1517.0678082965762
1052,1491.2082771512116
1053,1496.2732239762586
1054,1493.9155945608663
1055,1548.6217860651927
1056,1515.7437834973548
1057,1483.4792979530403
1058,1482.2180937051126
1059,1482.3866653291982
1060,1487.6280592138237
1061,1481.054074853898
1062,1477.6587690494082
1063,1548.1003849896902
1064,1559.430222356682
1065,1520.913593703864
1066,1529.1048893196062
1067,1477.644577188997
1068,1531.7786991424398
1069,1471.1203233486747
1070,1551.6724494909176
1071,1486.8331585200544
1072,1517.8982073436173
1073,1464.2994914537726
1074,1486.5002178743605
1075,1498.9915663524325
1076,1565.7364801458295
1077,1460.42399546354
1078,1468.9929746395605
1079,1514.0398501806228
1080,1488.4574162456247
1081,1454.8049050153998
1082,1563.288753148357
1083,1499.4938903621692
1084,1514.7555833512852
1085,1564.2120521512568
1086,1512.582219445363
1087,1489.8624341791547
1088,1457.4159170801688
1089,1513.4999093609063
1090,1523.9897448435488
1091,1518.4735737135425
1092,1500.9405952117586
1093,1526.1770023762467
1094,1521.7504870553603
1095,1493.8910880140595
1096,1501.9717646650834
1097,1517.316025615181
1098,1503.354495631193
1099,1475.9199993143882
1100,1527.3314309069935
1101,1501.2201912685564
1102,1551.0137679854088
1103,1499.383228717408
1104,1510.1241006145792
1105,1519.1016052249765
1106,1552.9527441470184
1107,1525.8609680906939
1108,1533.3553471498653
1109,1534.0712705241076
1110,1482.509165296181
1111,1480.240479238639
1112,1495.4183012176898
1113,1496.1616492706485
1114,1486.7473905921186
1115,1543.0440480611892
1116,1513.2691990187623
1117,1539.1221736862976
1118,1567.677142574435
1119,1520.538001136313
1120,1559.281991295692
1121,1490.867237602394
1122,1470.265175770293
1123,1491.1093080315266
1124,1459.178048766103
1125,1488.9765006010734
1126,1540.2728304603588
1127,1504.1657431234844
1128,1545.3587556603468
1129,1481.0079436547921
1130,1417.7391330262367
1131,1459.9628671339326
1132,1467.6329802619975
1133,1463.92103745675
1134,1427.1445993815382
1135,1491.2559479673953
1136,1576.7678827733685
1137,1484.1290320517444
1138,1465.5610323125013
1139,1459.7367881783796
1140,1532.5244458712355
1141,1564.9870665095702
1142,1489.211041219041
1143,1511.2129215011425
1144,1490.7345446121888
1145,1560.899866606729
1146,1468.3688694850996
1147,1530.1895681172764
1148,1523.1354312396538
1149,1514.4143622999068
1150,1499.712497949773
1151,1573.7792603136627
1152,1524.6923889806765
1153,1512.0838843295269
1154,1541.4765337454537
1155,1554.0832133134704
1156,1525.9630588544046
1157,1522.5809907129492
1158,1534.3334631824628
1159,1522.2028302035435
1160,1524.695293370926
1161,1592.9237963621633
1162,1519.3852439966324
1163,1555.368922809555
1164,1494.075056353784
1165,1579.9472199110037
1166,1554.8899012907425
1167,1530.1190351137034
1168,1524.9745906886706
1169,1504.548880412411
1170,1447.2000324564392
1171,1506.9852029161896
1172,1456.1692642996954
1173,1472.9093563161198
1174,1537.3010905705776
1175,1538.313577030387
1176,1513.0821537392264
1177,1519.766520579791
1178,1521.520654532085
1179,1533.1501392936334
1180,1547.484814277516
1181,1561.3738004819475
1182,1527.077997831709
1183,1547.861070162901
1184,1544.7773059477006
1185,1531.9442641501425
1186,1540.9527852346482
1187,1530.6546891596938
1188,1570.5014564589167
1189,1519.7423466671812
1190,1481.9389453795775
1191,1506.6138393010485
1192,1520.1762825710598
1193,1545.0267540926172
1194,1521.0245493326688
1195,1527.754942524137
1196,1536.02274369027
1197,1547.4175116383658
1198,1448.7158165714577
1199,1548.6786978444954
1200,1501.297734969055
1201,1538.5799946773786
1202,1535.570121908499
1203,1543.6161401635454
1204,1513.9527739414916
1205,1512.7300405833082
1206,1532.9396251108562
1207,1573.4695146003928
1208,1508.9282905815833
1209,1510.932725487898
1210,1544.1024181956036
1211,1500.7696881487084
1212,1508.8191018388613
1213,1551.1368425742423
1214,1551.2828924654725
1215,1511.6901823389414
1216,1501.2370931070316
1217,1530.4063247045804
1218,1552.7176810072062
1219,1534.4835827745055
1220,1546.328606944758
1221,1504.022209530882
1222,1530.371118601325
1223,1529.833994633434
1224,1420.0466759715275
1225,1544.2265236160292
1226,1578.050562567526
1227,1515.373298361601
1228,1505.2900443651101
1229,1467.6974112347514
1230,1556.4154073583395
1231,1517.958830622777
1232,1560.0999825768415
1233,1553.1957390222815
1234,1410.286088539622
1235,1470.9883715514075
1236,1496.7032785452802
1237,1593.8289979092126
1238,1539.624209404264
1239,1583.251421638827
1240,1533.3029950945427
1241,1512.6091065047792
1242,1541.0124691774097
1243,1588.1104609041417
1244,1518.6724645725353
1245,1495.1335659331041
1246,1433.0763538470453
1247,1502.3635380291416
1248,1536.2113596232866
1249,1559.1512792555939
1250,1539.1676766916157
1251,1517.8504939534625
1252,1497.4486278598572
1253,1504.3901680328277
1254,1520.4366668404546
1255,1549.883970991757
1256,1516.7844174902132
1257,1582.2764815128523
1258,1539.733785178944
1259,1524.0229882975486
1260,1475.711317928536
1261,1535.7583611828773
1262,1552.0488480505455
1263,1577.3101924053303
1264,1512.9508712979164
1265,1544.0870125561123
1266,1482.052948444078
1267,1548.549643571282
1268,1512.084784351227
1269,1505.1808048205214
1270,1382.2732500570853
1271,1490.0825525755902
1272,1531.8823050208566
1273,1499.0183734535951
1274,1381.7220035164778
1275,1514.6735773884684
1276,1514.9463033063876
1277,1567.8797584701977
1278,1545.1025942334286
1279,1501.8275193378086
1280,1507.9228365585222
1281,1503.128472496212
1282,1574.2881936912615
1283,1543.234147253513
1284,1400.6296865720212
1285,1482.1138114181215
1286,1572.8498153846094
1287,1131.4625705760313
1288,1490.6939087515616
1289,1450.1918091530597
1290,1484.736430490953
1291,1474.6178911718653
1292,1551.094881544248
1293,1611.3085599537098
1294,1584.203070784922
1295,1464.6119854857022
1296,1615.5671005524869
1297,1558.5154829028513
1298,1470.6920242022272
1299,1460.257986164637
1300,1510.8478770675965
1301,1524.7183904484652
1302,1454.9802763501584
1303,1532.041568471285
1304,1527.212113685555
1305,1442.9593890044373
1306,1530.4053731680565
1307,1548.279410650591
1308,1580.0814033810436
1309,1511.353049128643
1310,1466.8106229611249
1311,1565.1730330746527
1312,1523.7695621212215
1313,1503.5781567539696
1314,1488.9777035480054
1315,1480.1012690030927
1316,1490.8923269070992
1317,1480.681530741539
1318,1573.35958700792
1319,1555.31757458369
1320,1539.519945078963
1321,1503.553792557849
1322,1473.7845646468584
1323,1520.5734415246898
1324,1484.2627107061983
1325,1494.8442420071653
1326,1529.4918940057455
1327,1525.9026194521232
1328,1473.3617013877129
1329,1537.2008769861952
1330,1554.3690475447063
1331,1524.1456259828317
1332,1568.8109932493467
1333,1560.333973360181
1334,1476.6497423797082
1335,1547.3389201588407
1336,1538.6979287870595
1337,1554.9684041134133
1338,1546.6926723055788
1339,1574.7177419945176
1340,1569.3689320374165
1341,1535.864846496217
1342,1557.8554305321434
1343,1553.0677833687519
1344,1565.7263954533184
1345,1519.9729818639391
1346,1558.7057614892162
1347,1544.5689869566609
1348,1503.2200394394906
1349,1569.3051047869872
1350,1536.1692827538614
1351,1519.984696174382
1352,1537.5820546481548
1353,1562.8347791086821
1354,1574.8304350360477
1355,1546.514001366192
1356,1554.3856673370865
1357,1540.5533910286276
1358,1606.887678294206
1359,1486.750960229337
1360,1512.8678183321865
1361,1582.6710831748655
1362,1545.2670972499498
1363,1575.983240817758
1364,1546.4484852669702
1365,1559.8958027732117
1366,1515.8546921784866
1367,1525.4142616106387
1368,1604.7239504893123
1369,1517.762710262027
1370,1585.5412044326715
1371,1541.9625251485825
1372,1515.2735342866908
1373,1493.227231692455
1374,1489.5832709914862
1375,1462.7561027073978
1376,1536.9282069816165
1377,1551.087485946397
1378,1526.2522386365833
1379,1596.724628290936
1380,1525.154158667158
1381,1556.9039217101404
1382,1520.8820830610339
1383,1511.3519105586392
1384,1511.2470212907074
1385,1614.4896321395545
1386,1549.74255411374
1387,1573.1277457238007
1388,1550.2518993400963
1389,1582.0750626642412
1390,1548.526469149528
1391,1550.026543388176
1392,1568.1931973904034
1393,1547.9959003668998
1394,1584.876838574312
1395,1601.9091644865339
1396,1540.2589624224188
1397,1526.0459561394766
1398,1539.5520576486074
1399,1520.163993975514
1400,1519.3659676644902
1401,1549.8474592541522
1402,1526.7904244688716
1403,1543.3607029192335
1404,1573.7234389123985
1405,1565.7468090712987
1406,1563.8969648544655
1407,1527.8042346667553
1408,1529.2500222252797
1409,1525.8726708107592
1410,1604.6588824784533
1411,1611.1704144669268
1412,1532.5773377861499
1413,1565.0490474908377
1414,1597.9250065316007
1415,1501.7971571133478
1416,1606.1173671640354
1417,1539.9158229808124
1418,1544.2366301676013
1419,1529.8310762622807
1420,1599.2674070814417
1421,1576.277909402933
1422,1569.8726784629223
1423,1516.7228990632584
1424,1591.335630669626
1425,1554.9536682984187
1426,1556.8918384525623
1427,1580.0749745660466
1428,1580.7715904767172
1429,1542.281930782645
1430,1582.9974870228552
1431,1543.548423809582
1432,1572.3986481584418
1433,1600.753254067247
1434,1558.1660812240766
1435,1525.812912880245
1436,1447.949713806716
1437,1548.394028526059
1438,1601.5222192999188
1439,1650.9247805511473
1440,1600.0409735931514
1441,1606.4030877064624
1442,1563.438912461237
1443,1616.5265149943089
1444,1595.4685745454808
1445,1587.1061658881779
1446,1601.42026402908
1447,1611.2998691803798
1448,1612.2806982106017
1449,1597.0220829928478
1450,1591.6918810323436
1451,1623.2848770620872
1452,1590.9494420266603
1453,1575.4174679397515
1454,1617.8654498352523
1455,1561.1962691664633
1456,1591.7802662521813
1457,1587.792244053168
1458,1580.7466267558805
1459,1599.4369506866055
1460,1647.3412940418461
1461,1588.6515975041211
1462,1628.5314971693133
1463,1660.7762651907497
1464,1572.8100491192324
1465,1581.614615995731
1466,1536.0817128570638
1467,1572.9571306742496
1468,1676.9683072360667
1469,1575.6066461469063
1470,1592.4626458523283
1471,1552.3076365870036
1472,1601.8305060986334
1473,1615.7421988085994
1474,1599.7507514248198
1475,1571.4036126684375
1476,1631.4211749070487
1477,1597.6896269035076
1478,1559.613615052706
1479,1649.844581244222
1480,1564.2657943260224
1481,1599.282339772771
1482,1615.9576309603865
1483,1526.5679737440435
1484,1571.156543978701
1485,1413.9303237654913
1486,1619.0796821426572
1487,1583.2210517265248
1488,1584.96704425061
1489,1640.7003497115213
1490,1595.7982676713661
1491,1605.6487490703742
1492,1582.560769434952
1493,1607.0485698629536
1494,1639.8731663988626
1495,1596.8458489464044
1496,1620.6743493921101
1497,1610.6987783147172
1498,1598.2295604585677
1499,1580.5083028631286
1500,1562.0340395120093
1501,1600.7546052461137
1502,1588.2071926140973
1503,1603.4050422078155
1504,1604.9937537794062
1505,1585.1130511424371
1506,1564.9989691719747
1507,1603.4345985535301
1508,1562.1167280085654
1509,1583.0522366913194
1510,1531.4179471236503
1511,1593.6644996480743
1512,1589.682397304077
1513,1559.1975304694806
1514,1577.6301629410211
1515,1580.2453528798526
1516,1607.4199936131847
1517,1573.1079062634115
1518,1622.135935799015
1519,1601.5372743479222
1520,1587.9588144255813
1521,1595.953274397027
1522,1615.6999142691634
1523,1533.9499384107773
1524,1597.121731618828
1525,1581.5174038756968
1526,1516.27981879085
1527,1596.1123833835725
1528,1559.2434576677194
1529,1545.5742902068837
1530,1538.0460769594174
1531,1580.4012064426345
1532,1567.6609085510827
1533,1563.7412510580343
1534,1582.3207403146166
1535,1502.5511711208414
1536,1568.537259510478
1537,1561.5765162232663
1538,1580.6494564386778
1539,1573.6460589221267
1540,1585.7313021114796
1541,1612.9764511457217
1542,1616.8896265513645
1543,1591.5289894048958
1544,1584.1243378073939
1545,1568.1632284576422
1546,1566.8630001005195
1547,1514.2262193630813
1548,1539.6986460225569
1549,1565.873897383506
1550,1583.092461687362
1551,1550.251457414572
1552,1522.0742943881955
1553,1578.3960572535286
1554,1547.6095060794692
1555,1536.2724155139363
1556,1530.2721726858322
1557,1510.5384468156042
1558,1632.5549936826683
1559,1569.0402305588095
1560,1551.4717778095353
1561,1608.5879554590829
1562,1610.5345868302502
1563,1571.6710890464174
1564,1601.993635752569
1565,1576.2712673393564
1566,1598.1382730424339
1567,1582.7268884761734
1568,1535.6551039769677
1569,1596.3567503669492
1570,1254.389495732603
1571,1526.1060533986472
1572,1560.514799728761
1573,1538.0351647095504
1574,1561.2516382989702
1575,1627.7277739458777
1576,1576.5029991238616
1577,1457.7847484393333
1578,1564.4964050050858
1579,1632.6804220566912
1580,1563.4995291039936
1581,1634.1828769101576
1582,1486.632214522289
1583,1612.238187106415
1584,1616.302836305941
1585,1535.0420081557456
1586,1589.2705630049159
1587,1517.5674746513278
1588,1574.6050326373406
1589,1578.3226321393358
1590,1537.2539562325856
1591,1583.755295847554
1592,1551.4399658313105
1593,1479.4699367012156
1594,1530.366207107956
1595,1511.1811861228973
1596,1600.7901323751053
1597,1582.5166121214063
1598,1582.4069002925362
1599,1590.9285337751617
1600,1605.0183521128329
1601,1465.6002013882028
1602,1534.562478259669
1603,1493.3129737458755
1604,1565.3054455082874
1605,1574.9756195394248
1606,1564.7343984973768
1607,1568.394742130639
1608,1550.7028684291363
1609,1568.8900442190914
1610,1571.605869781861
1611,1591.7856336851103
1612,1603.2749723760037
1613,1613.8666293229294
1614,1592.2640033083396
1615,1583.3082247470022
1616,1554.5435302254332
1617,1615.9607821606223
1618,1615.6944546554053
1619,1586.9831817993584
1620,1616.6882282140052
1621,1574.2027735574534
1622,1575.5641057600565
1623,1614.3543394293354
1624,1593.9435379405795
1625,1633.4024487284903
1626,1584.4886105421176
1627,1634.690814059551
1628,1613.8295993339175
1629,1575.389307192585
1630,1594.1750954615216
1631,1571.8185842718117
1632,1450.2752958373449
1633,1514.3451769211608
1634,1513.8933338144795
1635,1501.2999986248524
1636,1627.535527729406
1637,1594.5873005182514
1638,1613.3875472466684
1639,1555.1932507370996
1640,1592.945588219849
1641,1535.8594971247273
1642,1546.49516863388
1643,1543.230736829656
1644,1583.495496925397
1645,1603.8569147364103
1646,1604.022902741821
1647,1624.532135311321
1648,1591.5106951398773
1649,1596.0070544611012
1650,1626.4356634039775
1651,1530.1066363183995
1652,1552.7673331929245
1653,1597.6756194444047
1654,1532.4604681606631
1655,1531.285514136688
1656,1540.2375263351933
1657,1590.533251902468
1658,1569.1668244668567
1659,1555.7569794154228
1660,1625.3375027684897
1661,1612.2960260087095
1662,1475.6000857116119
1663,1533.75594187084
1664,1603.491623132309
1665,1644.6492704307116
1666,1581.8199664283488
1667,1583.4482672185
1668,1558.0147459160444
1669,1530.9411713715235
1670,1591.5677552274058
1671,1528.9970940207008
1672,1585.2570501875916
1673,1491.5360015075696
1674,1546.882103028532
1675,1566.1434728546928
1676,1649.1593000040145
1677,1555.243630103411
1678,1560.1464946422766
1679,1597.8861324248865
1680,1593.9733588326985
1681,1591.0303474574469
1682,1544.9941990313953
1683,1628.5947632923128
1684,1612.9364940539317
1685,1569.9691683125252
1686,1574.8380628448915
1687,1553.9219835019105
1688,1640.5313599476972
1689,1599.6636845518067
1690,1579.2130533284314
1691,1538.3779000279983
1692,1601.0491626012881
1693,1518.9635031598657
1694,1598.452138932742
1695,1554.5432611687088
1696,1512.7011669875758
1697,1605.163207744482
1698,1516.006145936585
1699,1600.4773173515343
1700,1218.012843186452
1701,1255.6520972144676
1702,1393.903122589642
1703,-151.31140063763328
1704,-248.1826309471158
1705,-238.2761127366308
1706,-224.81923537837966
1707,-146.82106711521956
1708,-105.20065264719531
1709,-104.5073892705181
1710,764.0074344768977
1711,-102.62597858064434
1712,1040.2790424544542
1713,30.6280931319527
1714,1067.5969974872205
1715,1001.754972028976
1716,1336.7943581380355
1717,1220.91138905854
1718,-24.435286372279993
1719,-103.04726047299354
1720,775.3298870775275
1721,293.008368735823
1722,1404.8201471594566
1723,1546.1020924569075
1724,1518.267866438372
1725,1477.3037287076215
1726,1477.8870120200909
1727,1473.7253608120802
1728,1520.5872192596762
1729,1434.0807245105477
1730,1466.2235977584023
1731,1437.347788980717
1732,1537.5557684678909
1733,1531.5192571426758
1734,1551.932554108762
1735,1490.9377291370315
1736,1514.1881485921353
1737,1431.3777268166407
1738,1496.3780265225816
1739,1602.9288352137398
1740,1531.962093116115
1741,1545.1037761963141
1742,1608.1762698898551
1743,1557.998391518753
1744,1531.0019164536127
1745,1568.005850296889
1746,1465.881517200971
1747,1505.8450764833478
1748,1518.8322940304602
1749,1602.5775222483603
1750,1581.3580098316897
1751,1553.7973171151243
1752,1565.20801853074
1753,1615.6121861851618
1754,1522.7823784150837
1755,1506.8757513818164
1756,1540.2284711396817
1757,1590.122192019123
1758,1587.605888221102
1759,1497.6261346314684
1760,1493.3885386990155
1761,1509.8689751273403
1762,1579.6833393235436
1763,1515.1364440517125
1764,1477.9917818830977
1765,1522.0616739474926
1766,1551.3453980150482
1767,1475.5274429352953
1768,1491.7387617153827
1769,1514.018637163646
1770,1552.9988868224282
1771,1476.9867675227986
1772,1562.6709749423978
1773,1589.7106495768394
1774,1584.157626562171
1775,1546.9769332050148
1776,1554.167560379648
1777,1574.4311852416952
1778,1477.9601207282753
1779,1531.6526899562366
1780,1569.241016592008
1781,1537.1368982472868
1782,1540.0617487384668
1783,1521.9351757946026
1784,1480.612202177784
1785,1566.5642535422692
1786,1529.1057891577454
1787,1586.760496929015
1788,1524.4730450393863
1789,1581.0699580209289
1790,1596.3323561176085
1791,1522.509297364029
1792,1582.0360869964102
1793,1589.7859622185783
1794,1608.0736405504379
1795,1525.5350011811443
1796,1612.5849675740108
1797,1578.9143175190952
1798,1560.513523294344
1799,1585.903283214497
1800,1505.7464760652485
1801,1533.498667197649
1802,1641.1929549686324
1803,1632.6980535077732
1804,1534.3374678785046
1805,1607.591560626228
1806,1566.9530377346534
1807,1603.627365210235
1808,1586.439153278252
1809,1642.8057938906575
1810,1589.7588989721385
1811,1621.0933965957556
1812,1602.5835666110152
1813,1607.7320566168364
1814,1648.4231300363078
1815,1601.5890900210993
1816,1620.64379057176
1817,1644.9691870010504
1818,1588.6696329811773
1819,1591.5603640738987
1820,1613.6983955633668
1821,1643.7914420586746
1822,1661.6201838331426
1823,1660.1716952888244
1824,1591.9230130947572
1825,1607.9144611556135
1826,1636.5011968683095
1827,1667.2247657416249
1828,1577.8535623816338
1829,1630.1466863352434
1830,1639.084878021529
1831,1563.862863123125
1832,1572.240265680232
1833,1573.0571387338293
1834,1565.7524270322856
1835,1622.7893083237839
1836,1581.8194988713665
1837,1620.936535827505
1838,1627.2983611287464
1839,1606.17956028338
1840,1615.7363055544188
1841,1644.5593623084299
1842,1601.5157052679215
1843,1577.6018715195828
1844,1686.491725978784
1845,1640.8579616284744
1846,1614.0806588626883
1847,1593.1519769546587
1848,1597.5857630105916
1849,1610.54366832395
1850,1570.8414486910774
1851,1625.9025010394244
1852,1612.7254709334002
1853,1581.8031482585438
1854,1649.6653078198103
1855,1609.4415546214132
1856,1590.3600407758613
1857,1619.9937307828677
1858,1646.2898579944685
1859,1530.466210896032
1860,1588.4967377876321
1861,1559.2915706363808
1862,1596.3772985361054
1863,1545.2909065917884
1864,1510.3284789998143
1865,1585.803500436448
1866,1613.8042417854506
1867,1628.4415004222346
1868,1629.1297650197928
1869,1622.210461593837
1870,1624.9995437174764
1871,1593.3306025869317
1872,1610.504205160182
1873,1632.6907009251004
1874,1595.3264843466882
1875,1623.1121490046244
1876,1599.7865141415948
1877,1627.166388091058
1878,1652.1340427959024
1879,1646.7201696072773
1880,1640.7343367081953
1881,1599.8233262571541
1882,1585.3991436317135
1883,1609.576474182792
1884,1626.247687987414
1885,1656.516692216048
1886,1587.112381535051
1887,1628.947537860024
1888,1569.609087617419
1889,1592.0907951160293
1890,1645.2142179371365
1891,1593.4483252429343
1892,1627.0245537837818
1893,1624.780615573559
1894,1598.0241329465528
1895,1614.6659714522393
1896,1633.377141668854
1897,1604.112503443004
1898,1609.1039960853716
1899,1653.9230217823242
1900,1599.2009788058933
1901,1649.7497558470168
1902,1649.9455769459091
1903,1564.5860817292714
1904,1608.9953987750139
1905,1577.3490306328938
1906,1598.017178364415
1907,1640.5870711520738
1908,1598.3602020424144
1909,1588.022082379278
1910,1663.359292150719
1911,1611.4170634003194
1912,1639.747130938608
1913,1595.4927527760012
1914,1615.1562419959034
1915,1612.7621485794837
1916,1621.042041434635
1917,1604.340133493106
1918,1636.433509310466
1919,1557.9352967424152
1920,1621.0350103189794
1921,1592.6552340700598
1922,1612.8459346439613
1923,1662.9873810698589
1924,1624.9390670496978
1925,1553.2983844291696
1926,1633.6532801722526
1927,1587.3664379160407
1928,1587.2850315195749
1929,1654.4187920202087
1930,1511.1388171138672
1931,1639.7961396250487
1932,1510.3268940361781
1933,1552.7351178112713
1934,1593.5475259380194
1935,1626.8106554638123
1936,1573.831961305836
1937,1621.5562988774086
1938,1607.401057630679
1939,1577.7475540682133
1940,1624.7556025462418
1941,1619.4947538566018
1942,1604.521394917338
1943,1609.5999759285755
1944,1615.1284428042468
1945,1660.9809256520905
1946,1559.0479511369924
1947,1572.2852778269546
1948,1578.3112623538614
1949,1652.6584693952777
1950,1643.8927197308794
1951,1621.1551233627586
1952,1601.857110678864
1953,1575.642779266795
1954,1632.2161087632103
1955,1621.1645373773863
1956,1638.9831715789037
1957,1618.9565595560362
1958,1580.9726093841296
1959,1692.748269509559
1960,1603.3245438178826
1961,1648.563668495424
1962,1638.868377486909
1963,1635.32061010248
1964,1589.9210153678941
1965,1666.8275226312885
1966,1616.95036804154
1967,1602.5364684086533
1968,1600.4982657458343
1969,1595.2531950753967
1970,1642.578692993633
1971,1570.6816008815447
1972,1622.682893640148
1973,1648.4736599815596
1974,1645.0695574624997
1975,1616.389192009791
1976,1662.399974925005
1977,1638.5726377025026
1978,1619.7200802370319
1979,1647.8345739450879
1980,1608.615360799756
1981,1607.4228852706992
1982,1625.4074989732976
1983,1644.1808678508469
1984,1646.6536228407335
1985,1637.5405234192463
1986,1645.2887396825954
1987,1642.75920529627
1988,1606.3949416259632
1989,1627.8914163466557
1990,1611.1335869889006
1991,1616.7658623631087
1992,1619.6730128934628
1993,1605.936810901219
1994,1620.011543606894
1995,1651.3383003726226
1996,1631.4209424464573
1997,1596.8607652290802
1998,1636.391193059751
1999,1615.3094030354625
2000,1681.2317884413994
2001,1628.9728746308638
2002,1630.971721950539
2003,1574.6205120934835
2004,230.51842568403288
2005,976.9609647385888
2006,1376.9616574264046
2007,1555.5245555322135
2008,1616.9257822614413
2009,1585.4024183431793
2010,1638.325962944507
2011,1567.3392088638248
2012,1561.1776093249919
2013,1645.4839479706734
2014,1595.3292108273188
2015,1640.3191876828516
2016,1596.3838927236143
2017,1615.0281658765712
2018,1605.3308525759592
2019,1623.7498637097171
2020,1591.535718346444
2021,1628.0391768428572
2022,1574.584009473271
2023,1649.861882567019
2024,1629.634616231147
2025,1623.8453914296845
2026,1683.831286238367
2027,1657.9454760055817
2028,1658.5221325244806
2029,1609.2867751437634
2030,1609.564734065223
2031,1579.2382878549265
2032,1545.2910670788995
2033,1617.6114437179838
2034,1629.54965727369
2035,1668.9607189246417
2036,1674.1482766697525
2037,1658.4500924716133
2038,1624.4558254460437
2039,1645.2286572251817
2040,1716.204422628156
2041,1612.594208834739
2042,1609.4409827202612
2043,1611.4987196074624
2044,1633.7905036339414
2045,1628.78379697378
2046,1619.295589051295
2047,1616.0103067758478
2048,1634.110584024996
2049,1659.4385454164035
2050,1601.8666978141591
2051,1623.3263635713622
2052,1676.6115738346878
2053,1636.8330334444943
2054,1624.2195246797387
2055,1640.2641281662277
2056,1612.3341069958185
2057,1622.5752353304338
2058,1637.4757693248746
2059,1691.718124267712
2060,1685.5589016850718
2061,1683.9744083791081
2062,1631.1364044983254
2063,1667.3778365434528
2064,1644.5284536066251
2065,1651.811229455941
2066,1657.785689067008
2067,1650.2217962452498
2068,1587.8391779385538
2069,1656.5952235647073
2070,1625.845461765192
2071,1643.4532528848092
2072,1633.4220184129194
2073,1612.918457116185
2074,1563.355289036287
2075,1640.427788097137
2076,1655.1477198920288
2077,1607.3570960483312
2078,1670.2714107067288
2079,1551.3386505442563
2080,1530.028032727274
2081,237.92269733793034
2082,548.842342324632
2083,1278.170307306422
2084,1489.7461996621475
2085,1581.3496271839913
2086,1540.186986274898
2087,1549.6344831219806
2088,1633.6299407902966
2089,1605.8838448482816
2090,1614.003556446452
2091,1589.3421532677849
2092,1563.9431777677823
2093,1636.1562819202954
2094,1668.125339724531
2095,1672.7793218573077
2096,1654.2574395327304
2097,1678.6684216123947
2098,1651.2740349293508
2099,1668.904291082434
2100,1638.4099392057662
2101,1624.7123323112382
2102,1601.178988995276
2103,1665.5647476496304
2104,1641.37769163266
2105,1642.4918900119583
2106,1639.1005867925178
2107,1649.5161523780246
2108,1650.8475923157785
2109,1663.297486289199
2110,1621.5718663619493
2111,1606.2120320636204
2112,1673.215417664429
2113,1657.351326973771
2114,1683.522117223728
2115,1628.044510230048
2116,1652.8232609200586
2117,1618.2171794355659
2118,1622.9013658426425
2119,1696.718934391216
2120,1666.2836165991055
2121,1657.9857959761518
2122,1625.3024673839411
2123,1665.0294005523754
2124,1638.3447538989985
2125,1579.7403558796427
2126,1628.6782897821777
2127,1565.321516597616
2128,1675.9388821610128
2129,1676.198352898972
2130,1612.5003227483508
2131,1665.811361412762
2132,1643.6719002934235
2133,1655.5147477871953
2134,1595.4511419235796
2135,1620.1846411913457
2136,1622.6629502985468
2137,1539.0338013787984
2138,1626.7455105394747
2139,1621.2764968026675
2140,1655.6796889921957
2141,1680.1782438050395
2142,1618.7808521436693
2143,1587.9481145474344
2144,1692.8765044875547
2145,1596.8705001427554
2146,1604.6405282624376
2147,1616.9145927513007
2148,1646.6803317221752
2149,1645.9629709170251
2150,1597.0362659935322
2151,1607.1414684773324
2152,1601.8878095356079
2153,1622.5232257388789
2154,1624.1454906361942
2155,1690.4826789014153
2156,1604.1056375179323
2157,1630.6234017451648
2158,1614.0903075476242
2159,1626.3467017412931
2160,1611.4090805052238
2161,1613.161748031351
2162,1615.2918101764726
2163,1637.065228470018
2164,1634.138788227657
2165,1623.3207361606133
2166,1663.4146736159544
2167,1623.218174598338
2168,1636.5709128856138
2169,1629.1352217431604
2170,1615.3262796359745
2171,1592.9010998469425
2172,1579.8037283869019
2173,1650.4411682642517
2174,1625.3054384714562
2175,1641.685319905142
2176,1601.848892363569
2177,1646.5693072921931
2178,1564.290506186269
2179,1642.2583378261193
2180,1580.447801231807
2181,1657.6745586593065
2182,1655.1198818844955
2183,1587.810198686574
2184,1652.4952203578307
2185,1663.6237090930463
2186,1655.3542101381358
2187,1649.882404700001
2188,1580.9854750885445
2189,1649.694279967363
2190,1713.5421992967408
2191,1626.5672745024367
2192,1654.673692771525
2193,1663.6179355613579
2194,1676.3833085384385
2195,1644.1632153570436
2196,1652.1072739519545
2197,1583.8721494273316
2198,1635.689774911849
2199,1571.6939753190065
2200,1634.639409545497
2201,1570.3093700065265
2202,1647.6139341964388
2203,1616.4816017471449
2204,1611.766272298573
2205,1556.7306027849863
2206,1646.8425527911738
2207,1578.6984794162865
2208,1571.1126341067145
2209,1560.1779121552206
2210,1606.5386825444725
2211,1575.5085482651607
2212,1577.2357784551068
2213,1505.8426933933285
2214,1643.6905307047218
2215,1559.7132184351512
2216,1577.5470254277873
2217,1599.6884267608484
2218,1542.3461096636568
2219,1546.6420174016941
2220,1570.4514104407924
2221,1546.1405175318248
2222,1641.4596478360606
2223,1628.3780497795296
2224,1589.7885077259189
2225,1620.6492439557278
2226,1568.4871320756818
2227,1589.8483863111758
2228,1534.3084110708644
2229,1593.5368313016033
2230,1601.0966696862806
2231,1616.4496136269101
2232,1661.190428371754
2233,1624.3543111930485
2234,1624.3977865392274
2235,1559.844243287476
2236,1472.473400857951
2237,1572.4726638068887
2238,1549.643842257409
2239,1578.9125540326932
2240,1541.6832590009915
2241,1618.1987506656321
2242,1588.1327426172409
2243,1535.4551253856398
2244,1581.5437349231136
2245,1573.5576752686893
2246,1530.8183422683521
2247,1525.3697510320055
2248,1569.554270103234
2249,1485.0411351645166
2250,1595.6317509005376
2251,1537.416706588495
2252,1589.6579520935975
2253,1515.4430780323105
2254,1466.8736288908692
2255,1490.7444722010682
2256,1423.950376952743
2257,1555.7708594609132
2258,1496.0905266083232
2259,1497.6541724197864
2260,1481.5991900937904
2261,1600.2177774564739
2262,1545.4388667863811
2263,1536.6905873035262
2264,1548.282994490105
2265,1591.128015332141
2266,1528.2869521997516
2267,1535.6797678053504
2268,1574.5730312995427
2269,1619.1004117566165
2270,1580.5131102461874
2271,1600.2034253872616
2272,1554.7956381566364
2273,1546.8072610249908
2274,1563.7889595892307
2275,1576.70499864739
2276,1557.1521235179064
2277,1645.6216062098565
2278,1602.6549747904971
2279,1589.3265120726826
2280,1516.4263473644153
2281,1563.8464849015277
2282,1629.1955272475705
2283,1663.4256318296566
2284,1647.9326787841712
2285,1666.3192561256408
2286,1614.8150878986783
2287,1606.2028258374685
2288,1489.7574565276375
2289,1619.402629834256
2290,1547.454452187912
2291,1571.943086406901
2292,1630.302856608725
2293,1627.4995729257123
2294,1661.8212099180882
2295,1638.0015727725643
2296,1665.7909058208807
2297,1599.5407394626063
2298,1613.331562236012
2299,1562.4606258277352
2300,1642.7491985424454
2301,1574.3270045096679
2302,1645.5762825795007
2303,1625.2093173647202
2304,1609.655363414642
2305,1537.8129029133163
2306,1568.7450250548297
2307,1603.3060214126865
2308,1619.7536965183265
2309,1592.8256170552775
2310,1592.482041196185
2311,1598.8478597486321
2312,1631.8862506375517
2313,1580.7566588798613
2314,1686.818492686281
2315,1621.7996680175172
2316,1595.4789931688233
2317,1618.5273927075914
2318,1548.4360776819285
2319,1633.0613749341821
2320,1610.4749553258466
2321,1608.1772338210847
2322,1570.816272001605
2323,1623.5042400292639
2324,1626.8838984832416
2325,1639.0116160672083
2326,1656.4561437158886
2327,1700.9675688413527
2328,1654.1071218407017
2329,1554.4234275377983
2330,1606.8366526216441
2331,1625.4210064960623
2332,1603.2226973272032
2333,1650.0886688125038
2334,1575.370024359122
2335,1572.7407753862303
2336,1561.2265272740397
2337,1646.3205954475873
2338,1649.513026033128
2339,1595.1674310628844
2340,1599.647970034233
2341,1622.4047585729706
2342,1635.677677644123
2343,1574.4467154466188
2344,1564.9436588817368
2345,1525.2914091051239
2346,1638.4525798937643
2347,1591.1596334559554
2348,1651.8931816065237
2349,1656.6345521331298
2350,1652.9320002508239
2351,1653.1541532489953
2352,1651.908702507928
2353,1676.4739633100505
2354,1676.0597440371055
2355,1643.9682638962404
2356,1633.035963390254
2357,1650.4511480360088
2358,1591.968133884348
2359,1628.81521043753
2360,1647.6403463163215
2361,1549.4069018037299
2362,1650.0029787508813
2363,1636.3769991799131
2364,1674.1507704865357
2365,1628.486769007114
2366,1729.3398570958334
2367,1701.9872286079353
2368,1693.8928232557403
2369,1697.403528056224
2370,1546.823998676595
2371,1662.5914594453889
2372,1703.9570063519766
2373,1659.5620244101137
2374,1655.019912730903
2375,1641.3034113918354
2376,1665.7226063364253
2377,1637.126327113922
2378,1697.3426362533971
2379,1644.3767197355182
2380,1659.5197126519852
2381,1668.605281134629
2382,1681.8495120574335
2383,1624.6185701071354
2384,1570.6549701678018
2385,1658.2214703261077
2386,1631.3392212085507
2387,1613.8633353478492
2388,1683.597906543879
2389,1708.1068345401238
2390,1639.463646960811
2391,1628.5586955809765
2392,1653.795568367417
2393,1689.676063370389
2394,1631.3495941732676
2395,1663.7398474470601
2396,1638.7109539346902
2397,1667.367066744041
2398,1668.514192052446
2399,1592.8620574140355
2400,1646.668514808955
2401,1672.6420634901813
2402,1598.4366965726342
2403,1672.8604751857129
2404,1633.1358451154792
2405,1574.6898940388053
2406,1586.0371270828955
2407,1662.5832055694534
2408,1661.6528363237167
2409,1614.682681729282
2410,1640.701226729266
2411,1677.7359187853647
2412,1633.7979973895876
2413,1695.1244022768537
2414,1652.921607656742
2415,1641.5576028416622
2416,1620.953632110588
2417,1697.9294384934453
2418,1635.368998100231
2419,1691.4694051790418
2420,1644.8325132736254
2421,1595.3389042625092
2422,1638.668722843365
2423,1689.1704695760063
2424,1716.3853057563313
2425,1661.131508411253
2426,1627.946992201899
2427,1637.319101166409
2428,1688.803267748077
2429,1656.5948302408844
2430,1633.043918653487
2431,1636.585336373432
2432,1654.7576011318063
2433,1676.5297419339001
2434,1625.1644471594434
2435,1631.5895668228577
2436,1710.1612765256682
2437,1649.8669223576028
2438,1693.4132679491247
2439,1681.6877644010522
2440,1680.5559198784954
2441,1678.6281771361846
2442,1680.3703624025356
2443,1691.9420324857895
2444,1682.664293139675
2445,1676.5205509974355
2446,1653.8792492170646
2447,1728.6976804633493
2448,1688.2178203895567
2449,1698.0963167205255
2450,1650.6533946621178
2451,1711.7678078360505
2452,1717.22269364937
2453,1602.8155425310647
2454,1631.7168716521498
2455,1716.7912565606364
2456,1640.2047664800166
2457,1616.4041766719167
2458,1639.4816724959685
2459,1651.8189555189938
2460,1675.6011748055048
2461,1656.1717970185307
2462,1668.6216893792566
2463,1709.3683834734338
2464,1636.1423926957991
2465,1693.828789588713
2466,1655.0469536418377
2467,1607.126374478687
2468,1658.1924286056515
2469,1703.819153419851
2470,1685.3384902924768
2471,1676.5432135577328
2472,1668.6453975439626
2473,1678.6300742765618
2474,1688.8922900650928
2475,1709.6484569611325
2476,1707.608761010548
2477,1665.419408667048
2478,1661.5302588603947
2479,1677.8333726113801
2480,1671.1053157268457
2481,1681.4288306545723
2482,1682.1400214098253
2483,1737.626964414576
2484,1681.1377661966176
2485,1736.9048638675588
2486,1655.1208690160713
2487,1627.1778683267685
2488,1704.077125511368
2489,1724.8510427377448
2490,1687.1891126801852
2491,1678.5623853896636
2492,1625.5272818812139
2493,1714.50650920351
2494,1606.3671710596095
2495,1605.1942213690782
2496,1660.9006655522198
2497,1653.7465221026914
2498,1684.7553180369282
2499,1678.2961235802238
2500,1609.204584457456
2501,1669.0539525245179
2502,1623.0332424063733
2503,1601.1370178461352
2504,1691.8535046414866
2505,1661.225189752277
2506,1719.05170237014
2507,1664.188814951134
2508,1600.8002759957549
2509,1690.3206339870756
2510,1680.0773518112703
2511,1663.1944039232199
2512,1603.3753410911634
2513,1597.4584689412875
2514,1726.9893907022824
2515,1628.4805550067822
2516,1671.617685539896
2517,1642.0981269172685
2518,1704.0923372683599
2519,1705.4474687303143
2520,1618.7420622985499
2521,1665.8480610556837
2522,1654.3028246336992
2523,1708.7364646839364
2524,1734.0061490378032
2525,1674.6159975350147
2526,1678.0232592557013
2527,1680.97270676209
2528,1725.8206341615155
2529,1721.276709864889
2530,1719.8374580750435
2531,1618.7022943397747
2532,1639.1721080456457
2533,1664.4954334857393
2534,1676.6446054179376
2535,1664.1976705914683
2536,1686.5258336287843
2537,1665.9988163346686
2538,1695.8957311257677
2539,1651.6205074064726
2540,1639.3356336948268
2541,1734.1604888496777
2542,1712.369635162845
2543,1634.0413090066584
2544,1681.3164609654373
2545,1714.9422429484741
2546,1697.0660884827016
2547,1653.289806219611
2548,1641.654558866726
2549,1652.4955849636708
2550,1685.0228840358839
2551,1665.0744810927476
2552,1688.216765472543
2553,1686.8912508144147
2554,1657.4850794369968
2555,1698.182392863914
2556,1642.6959079780956
2557,1556.6228563475004
2558,1636.3740166723808
2559,1611.2035143836974
2560,1709.1964831351524
2561,1624.5426620265969
2562,1641.3375699731394
2563,1649.732362197741
2564,1733.8930494753888
2565,1654.8232141027393
2566,1628.950329078058
2567,1668.1195749056926
2568,1680.8744389441952
2569,1645.697004885024
2570,1673.3175728621034
2571,1657.6016163418756
2572,1669.254502261361
2573,1698.8122834539413
2574,1651.010846968277
2575,1673.5130975466996
2576,1682.4407900118536
2577,1651.7614886285774
2578,1689.5789255115708
2579,1660.6372187018608
2580,1641.6511822142556
2581,1676.3736948421024
2582,1627.9694102792635
2583,1657.7223799934943
2584,1673.4581828796781
2585,1661.8393603903642
2586,1594.7635725225086
2587,1680.5800663512264
2588,1639.8201724962416
2589,1675.8927300958603
2590,1596.2300460136416
2591,1721.0995509447996
2592,1682.6387395193053
2593,1682.7766452290027
2594,1667.9890569243405
2595,1675.4363974972912
2596,1647.3800545833703
2597,1696.8728480328468
2598,1705.6419490640385
2599,1648.2580863808498
2600,1698.8912187029393
2601,1688.6368873274555
2602,1654.9002170996466
2603,1634.3473278557203
2604,1686.772611519637
2605,1706.4339124074893
2606,1662.2909096712103
2607,1658.4455717261383
2608,1652.34305008499
2609,1736.7433171198313
2610,1707.9613729973394
2611,1661.532760983704
2612,1701.763667014368
2613,1709.7924349539048
2614,1672.8781396877234
2615,1613.4847504942904
2616,1629.5234698806782
2617,1704.6688522532158
2618,1638.4514330590134
2619,1666.0858343605357
2620,1671.968099683463
2621,1635.7668716669257
2622,1697.4612974057718
2623,1695.3511969755727
2624,1643.2227228213908
2625,1625.7997463875736
2626,1660.585990769022
2627,1661.1889199250154
2628,1710.5395132243468
2629,1704.2872555185381
2630,1640.2019244459236
2631,1699.0343941910119
2632,1634.5343301641637
2633,1636.317492320545
2634,1641.1346992589363
2635,1563.9978755778297
2636,1610.441269063471
2637,1669.0147872886457
2638,1641.5450299797299
2639,1643.1449341480452
2640,1694.2780754251196
2641,1691.977283150925
2642,1702.4328551253327
2643,1635.1424628206278
2644,1623.853779594545
2645,1706.904336128513
2646,1653.0003958175157
2647,1622.8529882575156
2648,1703.8134677664464
2649,1673.169481773259
2650,1709.2093110966787
2651,1699.9121385198268
2652,1481.5869453048836
2653,1638.2486195368301
2654,1710.7084459124346
2655,1698.0392735409741
2656,1679.499812524956
2657,1691.5067798376717
2658,1683.2814782155383
2659,1717.7294821030323
2660,1648.3923441908194
2661,1730.6914594595185
2662,1623.9134278326546
2663,1707.9397488309614
2664,1716.4391152817093
2665,1656.431483798891
2666,1653.941092749737
2667,1640.9764619028347
2668,1693.0842025928089
2669,1653.9453020182923
2670,1673.5916759103247
2671,1690.5761193499397
2672,1729.887062318202
2673,1679.3387394518768
2674,1666.6376411287279
2675,1709.09947136693
2676,1658.1702661118272
2677,1704.8932661257068
2678,1698.3448460215568
2679,1682.8624808658392
2680,1670.955956035454
2681,1694.6595821160497
2682,1678.640290660453
2683,1722.583664996209
2684,1692.7475871051724
2685,1683.0209650852996
2686,1672.7420369882198
2687,1650.7927704856254
2688,1689.1567945896013
2689,1666.4120505954086
2690,1675.1051709054636
2691,1679.1840054993338
2692,1650.6698987808695
2693,1744.8631077768173
2694,1695.095837504601
2695,1723.659273723402
2696,1697.1530437528202
2697,1668.37625713515
2698,1706.143850773378
2699,1695.6649883345438
2700,1709.6550483393912
2701,1648.2813286553985
2702,1674.5888400604167
2703,1616.0961505299194
2704,1660.047153511328
2705,1674.0628097764493
2706,1677.3559277224042
2707,1680.9360691412119
2708,1673.8746671301692
2709,1684.034263134111
2710,1628.123253316756
2711,1639.213626418109
2712,1668.957211709807
2713,1705.1221650297705
2714,1707.470874161121
2715,1634.1954284555063
2716,1713.1225608390334
2717,1719.3208377172239
2718,1661.5471846074015
2719,1660.1520063582002
2720,1694.9580324638648
2721,1698.00077462808
2722,1681.1025455977826
2723,1682.15865389069
2724,1659.032202826032
2725,1674.122107655408
2726,1622.4888462384997
2727,1704.4864772058697
2728,1656.3257583451464
2729,1653.327828683973
2730,1645.4422977437052
2731,1690.372155136915
2732,1708.296409429859
2733,1732.679834210151
2734,1725.7851491398865
2735,1697.4994954994058
2736,1722.0305966551932
2737,1701.9969201245603
2738,1696.1279590971815
2739,1677.7953505277267
2740,1679.383850701098
2741,1664.8844388881314
2742,1695.2974083026295
2743,1652.833762554401
2744,1657.7293851006539
2745,1666.4377201978932
2746,1752.1146281795866
2747,1685.343374624942
2748,1709.3425087576777
2749,1665.8039626750171
2750,1675.4726952953476
2751,1744.7094524618678
2752,1662.738620822284
2753,1701.6774377774966
2754,1713.9469214430637
2755,1698.0760153099839
2756,1661.2622992330087
2757,1779.5460751992123
2758,1696.4910550382574
2759,1681.166671149844
2760,1690.0492591184793
2761,1668.208903105229
2762,1757.3108840922903
2763,1698.1263953945813
2764,1671.0940501944183
2765,1746.485956544832
2766,1726.0130987248767
2767,1714.092477168559
2768,1695.4744042915788
2769,1716.9047869449155
2770,1725.0127789997728
2771,1665.5428020768463
2772,1727.693721340935
2773,1672.822958710551
2774,1697.5672757201755
2775,1693.6633663690477
2776,1718.1897774207912
2777,1691.9933538346288
2778,1722.41795066988
2779,1687.7436062971406
2780,1756.208859562847
2781,1691.4975284607972
2782,1698.1682894135338
2783,1702.8030605420925
2784,1682.418447297958
2785,1740.182118692978
2786,1712.5919249811766
2787,1694.570025993626
2788,1691.0989491617468
2789,1709.5264497364212
2790,1711.6466036588301
2791,1688.1977734541001
2792,1691.246079244102
2793,1687.3784135643277
2794,1739.7523608482
2795,1687.0310541917438
2796,1711.6828376165518
2797,1703.4862316612316
2798,1750.232180041285
2799,1709.4853866521678
2800,1744.799063459393
2801,1733.1394859796403
2802,1749.4310779960229
2803,1724.0211393802392
2804,1701.7889669021476
2805,1664.6169262076787
2806,1686.1128732164939
2807,1717.8900826053414
2808,1697.9470059915554
2809,1663.2224350896552
2810,1721.6402720500341
2811,1739.9370363219666
2812,1709.1975879826755
2813,1633.3461447550828
2814,1687.3206479143998
2815,1750.7656462483483
2816,1686.5848547451903
2817,1728.650390598734
2818,1688.6867866978205
2819,1731.7900484298136
2820,1724.1214785075197
2821,1702.874680896032
2822,1668.554396099627
2823,1671.0017741719776
2824,1731.1227079001617
2825,1679.7336998517812
2826,1712.863213166453
2827,1733.0736319133807
2828,1689.1293503241607
2829,1658.1155886318952
2830,1703.730118883667
2831,1695.0329205439193
2832,1649.966358351809
2833,1735.9022244870123
2834,1691.8144483695885
2835,1697.0242343879781
2836,1668.5908505336774
2837,1692.4665614387918
2838,1714.046173438008
2839,1761.707213822941
2840,1699.3543075667776
2841,1688.0638420337925
2842,1708.2007832996403
2843,1709.0876164815718
2844,1699.7451792762413
2845,1744.4222480786773
2846,1665.703156962641
2847,1704.5761761969707
2848,1694.133377124693
2849,1760.7599370951866
2850,1706.4284842069612
2851,1664.4688273317274
2852,1701.210115047182
2853,1718.121760364558
2854,1716.9825772951526
2855,1691.2922457623051
2856,1731.5572600089986
2857,1688.644109848524
2858,1714.3269308372053
2859,1672.2407551669482
2860,1722.228296250352
2861,1727.024636616885
2862,1689.5719657747547
2863,1744.7132445475152
2864,1760.59128101275
2865,1655.689115439149
2866,1707.8108877614438
2867,1715.3133409775685
2868,1663.5455880973577
2869,1709.0250624805624
2870,1716.9048405145306
2871,1725.7259309014726
2872,1690.3221536835056
2873,1728.6563341823012
2874,1685.0455751462648
2875,1696.0188223951468
2876,1720.5615667654001
2877,1668.8835272329757
2878,1728.43769074467
2879,1685.818715113757
2880,1654.608206070845
2881,1674.9895094748429
2882,1717.6613405132093
2883,1725.4487080245817
2884,1690.160730991979
2885,1633.5676387973049
2886,1676.4945320460345
2887,1676.5483151182339
2888,1704.3337898972281
2889,1682.531202398314
2890,1721.060049856353
2891,1652.029623267252
2892,1712.5440437504642
2893,1710.641365231935
2894,1652.175017529919
2895,1748.2817696156662
2896,1693.0084652274718
2897,1689.9495934040867
2898,1679.2824904754605
2899,1696.2628424823663
2900,1708.2455455276183
2901,1689.5144792164806
2902,1671.1886005812753
2903,1676.7003032694472
2904,1705.3698983284273
2905,1679.39864977138
2906,1680.893693723875
2907,1700.1728876648492
2908,1633.6515366892002
2909,1677.441947020309
2910,1661.3764788422466
2911,1680.822611659421
2912,1711.3092538715007
2913,1704.1408228656514
2914,1710.4261567150613
2915,1708.9200766705717
2916,1726.5201508971459
2917,1694.8031513359542
2918,1767.0816275612106
2919,1754.075446452735
2920,1715.7615009829346
2921,1689.7582065747933
2922,1686.0030065565472
2923,1712.5472198957705
2924,1718.1390557876753
2925,1725.9923364440117
2926,1745.0539561790968
2927,1691.252414881372
2928,1754.0067438939511
2929,1737.9107977185745
2930,1669.1404109696302
2931,1719.6024248102258
2932,1664.7065239132269
2933,1710.543790411178
2934,1728.5837137322371
2935,1773.2959787147497
2936,1686.1410536024664
2937,1659.195750236156
2938,1634.5721870257132
2939,1691.7489432941177
2940,1732.1328670469836
2941,1649.7339836611711
2942,1706.8560638879478
2943,1713.2132320759047
2944,1638.3666467406952
2945,1690.6601073795928
2946,1664.9538077654768
2947,1646.1853054468643
2948,1664.8754188169653
2949,1697.181449457787
2950,1672.1245545194806
2951,1722.357537566987
2952,1699.3640139403826
2953,1701.7334027333384
2954,1655.776227227793
2955,1715.7503076369483
2956,1646.8920673076739
2957,1746.4437187937258
2958,1662.297443649102
2959,1648.0549755484542
2960,1662.9651177030305
2961,1669.0008715152846
2962,1724.2455647572529
2963,1681.564731205867
2964,1671.4623484816836
2965,1684.3184559576173
2966,1688.5098967239762
2967,1759.2902316444447
2968,1764.6101525436136
2969,1705.9100734363612
2970,1661.5089808778234
2971,1701.7216407342175
2972,1706.2640625538963
2973,1733.5853371086664
2974,1719.482055516991
2975,1668.4248894866344
2976,1650.8310392333847
2977,1730.0811400559887
2978,1716.2622629573457
2979,1689.4754490441346
2980,1675.8602348263635
2981,1707.2071538439625
2982,1686.6242959772069
2983,1680.0823776444372
2984,1731.1969886401052
2985,1758.760750468119
2986,1650.213895978317
2987,1718.2037112607716
2988,1635.0427931209153
2989,1676.4674116334054
2990,1696.1813381753864
2991,1678.364173833795
2992,1709.4151180411354
2993,1729.4889552289426
2994,1703.922501312646
2995,1761.1499038505472
2996,1707.1203783121348
2997,1664.403174736945
2998,1676.2639705372621
2999,1694.6510823558426
3000,1744.04949156232
